TN:
SF:src\blockchain\task-record.service.ts
FN:43,(anonymous_1)
FN:82,(anonymous_2)
FN:128,(anonymous_3)
FN:201,(anonymous_4)
FN:225,(anonymous_5)
FN:240,(anonymous_6)
FN:262,(anonymous_7)
FN:277,(anonymous_8)
FN:286,(anonymous_9)
FN:287,(anonymous_10)
FN:302,(anonymous_11)
FN:311,(anonymous_12)
FN:312,(anonymous_13)
FN:327,(anonymous_14)
FN:345,(anonymous_15)
FN:353,(anonymous_16)
FN:377,(anonymous_17)
FN:378,(anonymous_18)
FNF:18
FNH:0
FNDA:0,(anonymous_1)
FNDA:0,(anonymous_2)
FNDA:0,(anonymous_3)
FNDA:0,(anonymous_4)
FNDA:0,(anonymous_5)
FNDA:0,(anonymous_6)
FNDA:0,(anonymous_7)
FNDA:0,(anonymous_8)
FNDA:0,(anonymous_9)
FNDA:0,(anonymous_10)
FNDA:0,(anonymous_11)
FNDA:0,(anonymous_12)
FNDA:0,(anonymous_13)
FNDA:0,(anonymous_14)
FNDA:0,(anonymous_15)
FNDA:0,(anonymous_16)
FNDA:0,(anonymous_17)
FNDA:0,(anonymous_18)
DA:1,1
DA:15,1
DA:17,1
DA:35,1
DA:44,0
DA:48,0
DA:51,0
DA:54,0
DA:56,0
DA:59,0
DA:60,0
DA:63,0
DA:64,0
DA:67,0
DA:69,0
DA:71,0
DA:73,0
DA:74,0
DA:75,0
DA:83,0
DA:85,0
DA:86,0
DA:88,0
DA:96,0
DA:98,0
DA:99,0
DA:102,0
DA:104,0
DA:106,0
DA:108,0
DA:109,0
DA:112,0
DA:114,0
DA:115,0
DA:118,0
DA:119,0
DA:134,0
DA:136,0
DA:137,0
DA:138,0
DA:139,0
DA:141,0
DA:157,0
DA:159,0
DA:160,0
DA:163,0
DA:165,0
DA:167,0
DA:169,0
DA:170,0
DA:173,0
DA:175,0
DA:176,0
DA:180,0
DA:182,0
DA:190,0
DA:202,0
DA:204,0
DA:206,0
DA:216,0
DA:218,0
DA:219,0
DA:222,0
DA:225,0
DA:234,0
DA:241,0
DA:243,0
DA:245,0
DA:253,0
DA:255,0
DA:256,0
DA:259,0
DA:262,0
DA:271,0
DA:283,0
DA:285,0
DA:286,0
DA:287,0
DA:289,0
DA:291,0
DA:308,0
DA:310,0
DA:311,0
DA:312,0
DA:314,0
DA:316,0
DA:334,0
DA:346,0
DA:347,0
DA:358,0
DA:360,0
DA:361,0
DA:363,0
DA:364,0
DA:367,0
DA:368,0
DA:371,0
DA:378,0
LF:98
LH:4
BRDA:45,0,0,0
BRDA:45,0,1,0
BRDA:48,1,0,0
BRDA:48,1,1,0
BRDA:48,1,2,0
BRDA:52,2,0,0
BRDA:52,2,1,0
BRDA:54,3,0,0
BRDA:54,3,1,0
BRDA:57,4,0,0
BRDA:57,4,1,0
BRDA:59,5,0,0
BRDA:59,5,1,0
BRDA:63,6,0,0
BRDA:63,6,1,0
BRDA:98,7,0,0
BRDA:98,7,1,0
BRDA:108,8,0,0
BRDA:108,8,1,0
BRDA:114,9,0,0
BRDA:114,9,1,0
BRDA:159,10,0,0
BRDA:159,10,1,0
BRDA:169,11,0,0
BRDA:169,11,1,0
BRDA:175,12,0,0
BRDA:175,12,1,0
BRDA:218,13,0,0
BRDA:218,13,1,0
BRDA:255,14,0,0
BRDA:255,14,1,0
BRDA:289,15,0,0
BRDA:289,15,1,0
BRDA:314,16,0,0
BRDA:314,16,1,0
BRDA:355,17,0,0
BRDA:356,18,0,0
BRDA:363,19,0,0
BRDA:363,19,1,0
BRF:39
BRH:0
end_of_record
TN:
SF:src\config\auth.config.ts
FN:109,isPublicRoute
FN:110,(anonymous_1)
FN:120,getRequiredRole
FN:122,(anonymous_3)
FN:133,validateAuthConfig
FNF:5
FNH:0
FNDA:0,isPublicRoute
FNDA:0,(anonymous_1)
FNDA:0,getRequiredRole
FNDA:0,(anonymous_3)
FNDA:0,validateAuthConfig
DA:7,0
DA:109,0
DA:110,0
DA:111,0
DA:120,0
DA:121,0
DA:122,0
DA:123,0
DA:126,0
DA:133,0
DA:134,0
DA:135,0
DA:138,0
DA:139,0
DA:144,0
LF:15
LH:0
BRDA:11,0,0,0
BRDA:11,0,1,0
BRDA:12,1,0,0
BRDA:12,1,1,0
BRDA:111,2,0,0
BRDA:111,2,1,0
BRDA:122,3,0,0
BRDA:122,3,1,0
BRDA:134,4,0,0
BRDA:134,4,1,0
BRDA:138,5,0,0
BRDA:138,5,1,0
BRF:12
BRH:0
end_of_record
TN:
SF:src\config\axios.config.ts
FN:11,createSecureAxiosInstance
FN:31,(anonymous_2)
FN:36,(anonymous_3)
FN:44,(anonymous_4)
FN:48,(anonymous_5)
FNF:5
FNH:0
FNDA:0,createSecureAxiosInstance
FNDA:0,(anonymous_2)
FNDA:0,(anonymous_3)
FNDA:0,(anonymous_4)
FNDA:0,(anonymous_5)
DA:6,0
DA:11,0
DA:12,0
DA:30,0
DA:33,0
DA:34,0
DA:37,0
DA:38,0
DA:43,0
DA:45,0
DA:46,0
DA:50,0
DA:51,0
DA:52,0
DA:53,0
DA:54,0
DA:55,0
DA:58,0
DA:59,0
DA:60,0
DA:61,0
DA:62,0
DA:63,0
DA:66,0
DA:67,0
DA:68,0
DA:69,0
DA:70,0
DA:71,0
DA:74,0
DA:75,0
DA:76,0
DA:77,0
DA:78,0
DA:79,0
DA:82,0
DA:86,0
DA:92,0
LF:38
LH:0
BRDA:50,0,0,0
BRDA:50,0,1,0
BRDA:58,1,0,0
BRDA:58,1,1,0
BRDA:66,2,0,0
BRDA:66,2,1,0
BRDA:66,3,0,0
BRDA:66,3,1,0
BRDA:74,4,0,0
BRDA:74,4,1,0
BRF:10
BRH:0
end_of_record
TN:
SF:src\config\oauth.config.ts
FN:11,getBaseUrl
FN:61,getProviderConfig
FN:68,isProviderEnabled
FN:75,getActiveProviders
FN:76,(anonymous_4)
FN:85,validateOAuthConfig
FNF:6
FNH:0
FNDA:0,getBaseUrl
FNDA:0,getProviderConfig
FNDA:0,isProviderEnabled
FNDA:0,getActiveProviders
FNDA:0,(anonymous_4)
FNDA:0,validateOAuthConfig
DA:6,0
DA:12,0
DA:21,0
DA:61,0
DA:62,0
DA:68,0
DA:69,0
DA:75,0
DA:76,0
DA:77,0
DA:85,0
DA:86,0
DA:87,0
DA:89,0
DA:90,0
DA:91,0
DA:92,0
DA:93,0
DA:96,0
DA:97,0
DA:98,0
DA:100,0
DA:101,0
DA:103,0
DA:104,0
DA:106,0
DA:107,0
DA:112,0
DA:113,0
DA:116,0
DA:117,0
DA:122,0
LF:32
LH:0
BRDA:12,0,0,0
BRDA:12,0,1,0
BRDA:12,0,2,0
BRDA:24,1,0,0
BRDA:24,1,1,0
BRDA:25,2,0,0
BRDA:25,2,1,0
BRDA:26,3,0,0
BRDA:26,3,1,0
BRDA:28,4,0,0
BRDA:28,4,1,0
BRDA:32,5,0,0
BRDA:32,5,1,0
BRDA:34,6,0,0
BRDA:34,6,1,0
BRDA:36,7,0,0
BRDA:36,7,1,0
BRDA:36,7,2,0
BRDA:36,7,3,0
BRDA:40,8,0,0
BRDA:40,8,1,0
BRDA:41,9,0,0
BRDA:41,9,1,0
BRDA:42,10,0,0
BRDA:42,10,1,0
BRDA:44,11,0,0
BRDA:44,11,1,0
BRDA:48,12,0,0
BRDA:48,12,1,0
BRDA:49,13,0,0
BRDA:49,13,1,0
BRDA:50,14,0,0
BRDA:50,14,1,0
BRDA:52,15,0,0
BRDA:52,15,1,0
BRDA:54,16,0,0
BRDA:54,16,1,0
BRDA:54,16,2,0
BRDA:91,17,0,0
BRDA:91,17,1,0
BRDA:92,18,0,0
BRDA:92,18,1,0
BRDA:96,19,0,0
BRDA:96,19,1,0
BRDA:97,20,0,0
BRDA:97,20,1,0
BRDA:100,21,0,0
BRDA:100,21,1,0
BRDA:103,22,0,0
BRDA:103,22,1,0
BRDA:106,23,0,0
BRDA:106,23,1,0
BRDA:112,24,0,0
BRDA:112,24,1,0
BRDA:116,25,0,0
BRDA:116,25,1,0
BRDA:116,26,0,0
BRDA:116,26,1,0
BRF:58
BRH:0
end_of_record
TN:
SF:src\controllers\auth.controller.ts
FN:19,getNonce
FN:74,register
FN:163,login
FN:251,loginWithWallet
FN:287,refresh
FN:326,me
FN:345,logout
FN:376,logoutV1
FN:416,registerWithEmail
FN:503,registerWithWallet
FN:592,loginWithEmail
FN:684,getSessions
FN:713,revokeSession
FN:761,getDeviceType
FN:782,getOSFromUserAgent
FN:799,getBrowserFromUserAgent
FN:819,forgotPassword
FN:893,resetPassword
FNF:18
FNH:1
FNDA:0,getNonce
FNDA:0,register
FNDA:0,login
FNDA:0,loginWithWallet
FNDA:0,refresh
FNDA:0,me
FNDA:0,logout
FNDA:3,logoutV1
FNDA:0,registerWithEmail
FNDA:0,registerWithWallet
FNDA:0,loginWithEmail
FNDA:0,getSessions
FNDA:0,revokeSession
FNDA:0,getDeviceType
FNDA:0,getOSFromUserAgent
FNDA:0,getBrowserFromUserAgent
FNDA:0,forgotPassword
FNDA:0,resetPassword
DA:7,1
DA:17,1
DA:19,1
DA:24,0
DA:25,0
DA:26,0
DA:27,0
DA:29,0
DA:30,0
DA:35,0
DA:74,1
DA:79,0
DA:80,0
DA:83,0
DA:84,0
DA:98,0
DA:99,0
DA:100,0
DA:114,0
DA:115,0
DA:129,0
DA:140,0
DA:142,0
DA:152,0
DA:163,1
DA:164,0
DA:165,0
DA:168,0
DA:169,0
DA:183,0
DA:184,0
DA:185,0
DA:199,0
DA:200,0
DA:214,0
DA:225,0
DA:231,0
DA:233,0
DA:243,0
DA:251,1
DA:256,0
DA:258,0
DA:269,0
DA:270,0
DA:276,0
DA:287,1
DA:288,0
DA:289,0
DA:290,0
DA:303,0
DA:307,0
DA:322,0
DA:326,1
DA:327,0
DA:328,0
DA:329,0
DA:334,0
DA:345,1
DA:346,0
DA:347,0
DA:348,0
DA:361,0
DA:363,0
DA:372,0
DA:376,1
DA:377,3
DA:378,3
DA:379,3
DA:381,3
DA:382,0
DA:388,3
DA:389,1
DA:391,2
DA:393,2
DA:394,1
DA:396,1
DA:397,1
DA:398,1
DA:402,3
DA:407,0
DA:416,1
DA:421,0
DA:422,0
DA:425,0
DA:426,0
DA:440,0
DA:441,0
DA:442,0
DA:456,0
DA:457,0
DA:471,0
DA:482,0
DA:484,0
DA:494,0
DA:503,1
DA:508,0
DA:509,0
DA:512,0
DA:519,0
DA:534,0
DA:535,0
DA:536,0
DA:550,0
DA:551,0
DA:565,0
DA:576,0
DA:578,0
DA:588,0
DA:592,1
DA:597,0
DA:598,0
DA:601,0
DA:602,0
DA:616,0
DA:617,0
DA:618,0
DA:632,0
DA:633,0
DA:647,0
DA:658,0
DA:664,0
DA:666,0
DA:676,0
DA:684,1
DA:689,0
DA:690,0
DA:691,0
DA:692,0
DA:695,0
DA:697,0
DA:705,0
DA:713,1
DA:718,0
DA:719,0
DA:720,0
DA:722,0
DA:723,0
DA:730,0
DA:731,0
DA:740,0
DA:742,0
DA:744,0
DA:752,0
DA:762,0
DA:764,0
DA:769,0
DA:770,0
DA:771,0
DA:773,0
DA:783,0
DA:785,0
DA:786,0
DA:787,0
DA:788,0
DA:789,0
DA:791,0
DA:800,0
DA:802,0
DA:803,0
DA:804,0
DA:805,0
DA:806,0
DA:808,0
DA:819,1
DA:824,0
DA:825,0
DA:828,0
DA:829,0
DA:843,0
DA:844,0
DA:845,0
DA:859,0
DA:870,0
DA:872,0
DA:881,0
DA:893,1
DA:898,0
DA:899,0
DA:902,0
DA:903,0
DA:917,0
DA:918,0
DA:932,0
DA:943,0
DA:945,0
DA:954,0
LF:186
LH:30
BRDA:26,0,0,0
BRDA:26,0,1,0
BRDA:83,1,0,0
BRDA:83,1,1,0
BRDA:83,2,0,0
BRDA:83,2,1,0
BRDA:92,3,0,0
BRDA:92,3,1,0
BRDA:99,4,0,0
BRDA:99,4,1,0
BRDA:108,5,0,0
BRDA:108,5,1,0
BRDA:114,6,0,0
BRDA:114,6,1,0
BRDA:123,7,0,0
BRDA:123,7,1,0
BRDA:130,8,0,0
BRDA:130,8,1,0
BRDA:134,9,0,0
BRDA:134,9,1,0
BRDA:135,10,0,0
BRDA:135,10,1,0
BRDA:136,11,0,0
BRDA:136,11,1,0
BRDA:136,11,2,0
BRDA:137,12,0,0
BRDA:137,12,1,0
BRDA:148,13,0,0
BRDA:148,13,1,0
BRDA:168,14,0,0
BRDA:168,14,1,0
BRDA:168,15,0,0
BRDA:168,15,1,0
BRDA:177,16,0,0
BRDA:177,16,1,0
BRDA:184,17,0,0
BRDA:184,17,1,0
BRDA:193,18,0,0
BRDA:193,18,1,0
BRDA:199,19,0,0
BRDA:199,19,1,0
BRDA:208,20,0,0
BRDA:208,20,1,0
BRDA:215,21,0,0
BRDA:215,21,1,0
BRDA:219,22,0,0
BRDA:219,22,1,0
BRDA:220,23,0,0
BRDA:220,23,1,0
BRDA:221,24,0,0
BRDA:221,24,1,0
BRDA:221,24,2,0
BRDA:222,25,0,0
BRDA:222,25,1,0
BRDA:239,26,0,0
BRDA:239,26,1,0
BRDA:259,27,0,0
BRDA:259,27,1,0
BRDA:263,28,0,0
BRDA:263,28,1,0
BRDA:264,29,0,0
BRDA:264,29,1,0
BRDA:265,30,0,0
BRDA:265,30,1,0
BRDA:265,30,2,0
BRDA:266,31,0,0
BRDA:266,31,1,0
BRDA:289,32,0,0
BRDA:289,32,1,0
BRDA:298,33,0,0
BRDA:298,33,1,0
BRDA:318,34,0,0
BRDA:318,34,1,0
BRDA:347,35,0,0
BRDA:347,35,1,0
BRDA:356,36,0,0
BRDA:356,36,1,0
BRDA:368,37,0,0
BRDA:368,37,1,0
BRDA:381,38,0,0
BRDA:381,38,1,3
BRDA:388,39,0,1
BRDA:388,39,1,2
BRDA:393,40,0,1
BRDA:393,40,1,1
BRDA:396,41,0,1
BRDA:396,41,1,0
BRDA:396,41,2,0
BRDA:397,42,0,1
BRDA:397,42,1,1
BRDA:425,43,0,0
BRDA:425,43,1,0
BRDA:425,44,0,0
BRDA:425,44,1,0
BRDA:425,44,2,0
BRDA:434,45,0,0
BRDA:434,45,1,0
BRDA:441,46,0,0
BRDA:441,46,1,0
BRDA:450,47,0,0
BRDA:450,47,1,0
BRDA:456,48,0,0
BRDA:456,48,1,0
BRDA:465,49,0,0
BRDA:465,49,1,0
BRDA:472,50,0,0
BRDA:472,50,1,0
BRDA:476,51,0,0
BRDA:476,51,1,0
BRDA:477,52,0,0
BRDA:477,52,1,0
BRDA:478,53,0,0
BRDA:478,53,1,0
BRDA:478,53,2,0
BRDA:479,54,0,0
BRDA:479,54,1,0
BRDA:490,55,0,0
BRDA:490,55,1,0
BRDA:512,56,0,0
BRDA:512,56,1,0
BRDA:513,57,0,0
BRDA:513,57,1,0
BRDA:513,57,2,0
BRDA:513,57,3,0
BRDA:513,57,4,0
BRDA:528,58,0,0
BRDA:528,58,1,0
BRDA:535,59,0,0
BRDA:535,59,1,0
BRDA:544,60,0,0
BRDA:544,60,1,0
BRDA:550,61,0,0
BRDA:550,61,1,0
BRDA:559,62,0,0
BRDA:559,62,1,0
BRDA:566,63,0,0
BRDA:566,63,1,0
BRDA:570,64,0,0
BRDA:570,64,1,0
BRDA:571,65,0,0
BRDA:571,65,1,0
BRDA:572,66,0,0
BRDA:572,66,1,0
BRDA:572,66,2,0
BRDA:573,67,0,0
BRDA:573,67,1,0
BRDA:584,68,0,0
BRDA:584,68,1,0
BRDA:601,69,0,0
BRDA:601,69,1,0
BRDA:601,70,0,0
BRDA:601,70,1,0
BRDA:610,71,0,0
BRDA:610,71,1,0
BRDA:617,72,0,0
BRDA:617,72,1,0
BRDA:626,73,0,0
BRDA:626,73,1,0
BRDA:632,74,0,0
BRDA:632,74,1,0
BRDA:641,75,0,0
BRDA:641,75,1,0
BRDA:648,76,0,0
BRDA:648,76,1,0
BRDA:652,77,0,0
BRDA:652,77,1,0
BRDA:653,78,0,0
BRDA:653,78,1,0
BRDA:654,79,0,0
BRDA:654,79,1,0
BRDA:654,79,2,0
BRDA:655,80,0,0
BRDA:655,80,1,0
BRDA:672,81,0,0
BRDA:672,81,1,0
BRDA:691,82,0,0
BRDA:691,82,1,0
BRDA:691,82,2,0
BRDA:692,83,0,0
BRDA:692,83,1,0
BRDA:722,84,0,0
BRDA:722,84,1,0
BRDA:730,85,0,0
BRDA:730,85,1,0
BRDA:740,86,0,0
BRDA:740,86,1,0
BRDA:764,87,0,0
BRDA:764,87,1,0
BRDA:765,88,0,0
BRDA:765,88,1,0
BRDA:765,88,2,0
BRDA:770,89,0,0
BRDA:770,89,1,0
BRDA:770,90,0,0
BRDA:770,90,1,0
BRDA:785,91,0,0
BRDA:785,91,1,0
BRDA:786,92,0,0
BRDA:786,92,1,0
BRDA:786,93,0,0
BRDA:786,93,1,0
BRDA:787,94,0,0
BRDA:787,94,1,0
BRDA:788,95,0,0
BRDA:788,95,1,0
BRDA:789,96,0,0
BRDA:789,96,1,0
BRDA:789,97,0,0
BRDA:789,97,1,0
BRDA:802,98,0,0
BRDA:802,98,1,0
BRDA:802,99,0,0
BRDA:802,99,1,0
BRDA:803,100,0,0
BRDA:803,100,1,0
BRDA:804,101,0,0
BRDA:804,101,1,0
BRDA:804,102,0,0
BRDA:804,102,1,0
BRDA:805,103,0,0
BRDA:805,103,1,0
BRDA:806,104,0,0
BRDA:806,104,1,0
BRDA:828,105,0,0
BRDA:828,105,1,0
BRDA:837,106,0,0
BRDA:837,106,1,0
BRDA:844,107,0,0
BRDA:844,107,1,0
BRDA:853,108,0,0
BRDA:853,108,1,0
BRDA:860,109,0,0
BRDA:860,109,1,0
BRDA:864,110,0,0
BRDA:864,110,1,0
BRDA:865,111,0,0
BRDA:865,111,1,0
BRDA:866,112,0,0
BRDA:866,112,1,0
BRDA:866,112,2,0
BRDA:867,113,0,0
BRDA:867,113,1,0
BRDA:877,114,0,0
BRDA:877,114,1,0
BRDA:902,115,0,0
BRDA:902,115,1,0
BRDA:902,116,0,0
BRDA:902,116,1,0
BRDA:911,117,0,0
BRDA:911,117,1,0
BRDA:917,118,0,0
BRDA:917,118,1,0
BRDA:926,119,0,0
BRDA:926,119,1,0
BRDA:933,120,0,0
BRDA:933,120,1,0
BRDA:937,121,0,0
BRDA:937,121,1,0
BRDA:938,122,0,0
BRDA:938,122,1,0
BRDA:939,123,0,0
BRDA:939,123,1,0
BRDA:939,123,2,0
BRDA:940,124,0,0
BRDA:940,124,1,0
BRDA:950,125,0,0
BRDA:950,125,1,0
BRF:267
BRH:8
end_of_record
TN:
SF:src\controllers\balance.controller.ts
FN:26,(anonymous_0)
FN:86,(anonymous_1)
FN:141,(anonymous_2)
FNF:3
FNH:1
FNDA:14,(anonymous_0)
FNDA:0,(anonymous_1)
FNDA:0,(anonymous_2)
DA:8,1
DA:9,1
DA:10,1
DA:11,1
DA:12,1
DA:26,1
DA:31,14
DA:33,14
DA:34,1
DA:37,13
DA:38,13
DA:41,13
DA:42,5
DA:44,5
DA:45,2
DA:51,3
DA:53,3
DA:59,8
DA:61,6
DA:65,5
DA:86,1
DA:91,0
DA:93,0
DA:94,0
DA:97,0
DA:100,0
DA:101,0
DA:102,0
DA:103,0
DA:104,0
DA:105,0
DA:108,0
DA:109,0
DA:115,0
DA:116,0
DA:122,0
DA:123,0
DA:126,0
DA:127,0
DA:131,0
DA:141,0
DA:152,0
DA:160,0
LF:43
LH:21
BRDA:33,0,0,1
BRDA:33,0,1,13
BRDA:41,1,0,5
BRDA:41,1,1,8
BRDA:42,2,0,4
BRDA:42,2,1,1
BRDA:44,3,0,2
BRDA:44,3,1,3
BRDA:93,4,0,0
BRDA:93,4,1,0
BRDA:104,5,0,0
BRDA:104,5,1,0
BRDA:105,6,0,0
BRDA:105,6,1,0
BRDA:108,7,0,0
BRDA:108,7,1,0
BRDA:108,8,0,0
BRDA:108,8,1,0
BRDA:115,9,0,0
BRDA:115,9,1,0
BRDA:115,10,0,0
BRDA:115,10,1,0
BRDA:122,11,0,0
BRDA:122,11,1,0
BRDA:126,12,0,0
BRDA:126,12,1,0
BRF:26
BRH:8
end_of_record
TN:
SF:src\controllers\escrow-balance.controller.ts
FN:10,(anonymous_1)
FNF:1
FNH:1
FNDA:7,(anonymous_1)
DA:2,1
DA:3,1
DA:4,1
DA:10,1
DA:15,7
DA:16,7
DA:18,7
DA:19,3
DA:25,4
DA:27,4
DA:29,4
DA:31,4
DA:32,1
DA:37,3
DA:38,3
DA:46,2
DA:48,1
DA:49,0
DA:56,1
DA:62,5
LF:20
LH:19
BRDA:18,0,0,3
BRDA:18,0,1,4
BRDA:29,1,0,4
BRDA:29,1,1,0
BRDA:31,2,0,1
BRDA:31,2,1,3
BRDA:48,3,0,0
BRDA:48,3,1,1
BRDA:48,4,0,1
BRDA:48,4,1,0
BRDA:50,5,0,0
BRDA:50,5,1,0
BRF:12
BRH:7
end_of_record
TN:
SF:src\controllers\escrow-init.controller.ts
FN:6,(anonymous_1)
FNF:1
FNH:1
FNDA:5,(anonymous_1)
DA:2,1
DA:3,1
DA:4,1
DA:6,1
DA:7,5
DA:8,5
DA:10,5
DA:12,2
DA:15,3
DA:17,3
DA:18,3
DA:20,3
DA:21,1
DA:24,2
DA:25,2
DA:31,1
DA:33,1
DA:35,1
DA:37,0
DA:41,4
LF:20
LH:19
BRDA:10,0,0,2
BRDA:10,0,1,3
BRDA:18,1,0,3
BRDA:18,1,1,0
BRDA:20,2,0,1
BRDA:20,2,1,2
BRDA:33,3,0,1
BRDA:33,3,1,0
BRDA:33,4,0,1
BRDA:33,4,1,1
BRDA:35,5,0,1
BRDA:35,5,1,0
BRF:12
BRH:9
end_of_record
TN:
SF:src\controllers\escrow-query.controller.ts
FN:6,(anonymous_1)
FNF:1
FNH:1
FNDA:5,(anonymous_1)
DA:2,1
DA:3,1
DA:4,1
DA:6,1
DA:7,5
DA:8,5
DA:10,5
DA:11,2
DA:14,3
DA:16,3
DA:17,3
DA:19,3
DA:20,1
DA:23,2
DA:24,2
DA:32,1
DA:34,1
DA:35,1
DA:42,0
DA:46,4
LF:20
LH:19
BRDA:10,0,0,2
BRDA:10,0,1,3
BRDA:17,1,0,3
BRDA:17,1,1,0
BRDA:19,2,0,1
BRDA:19,2,1,2
BRDA:34,3,0,1
BRDA:34,3,1,0
BRDA:34,4,0,1
BRDA:34,4,1,1
BRDA:36,5,0,1
BRDA:36,5,1,0
BRF:12
BRH:9
end_of_record
TN:
SF:src\controllers\oauth.controller.ts
FN:17,validateRedirectUrl
FN:41,(anonymous_1)
FN:73,initiateOAuth
FN:127,handleOAuthCallback
FN:262,linkOAuthAccount
FN:322,unlinkOAuthAccount
FN:365,getLinkedAccounts
FN:400,(anonymous_7)
FNF:8
FNH:0
FNDA:0,validateRedirectUrl
FNDA:0,(anonymous_1)
FNDA:0,initiateOAuth
FNDA:0,handleOAuthCallback
FNDA:0,linkOAuthAccount
FNDA:0,unlinkOAuthAccount
FNDA:0,getLinkedAccounts
FNDA:0,(anonymous_7)
DA:7,0
DA:8,0
DA:9,0
DA:10,0
DA:11,0
DA:12,0
DA:18,0
DA:19,0
DA:22,0
DA:23,0
DA:26,0
DA:27,0
DA:28,0
DA:32,0
DA:38,0
DA:41,0
DA:43,0
DA:45,0
DA:46,0
DA:47,0
DA:49,0
DA:52,0
DA:53,0
DA:54,0
DA:58,0
DA:59,0
DA:60,0
DA:63,0
DA:65,0
DA:66,0
DA:73,0
DA:78,0
DA:79,0
DA:80,0
DA:83,0
DA:84,0
DA:87,0
DA:90,0
DA:92,0
DA:103,0
DA:104,0
DA:108,0
DA:116,0
DA:117,0
DA:118,0
DA:120,0
DA:127,0
DA:132,0
DA:133,0
DA:134,0
DA:137,0
DA:138,0
DA:150,0
DA:153,0
DA:154,0
DA:165,0
DA:169,0
DA:170,0
DA:172,0
DA:173,0
DA:176,0
DA:185,0
DA:186,0
DA:190,0
DA:195,0
DA:198,0
DA:199,0
DA:205,0
DA:208,0
DA:216,0
DA:225,0
DA:226,0
DA:230,0
DA:233,0
DA:236,0
DA:244,0
DA:253,0
DA:255,0
DA:262,0
DA:267,0
DA:268,0
DA:269,0
DA:271,0
DA:272,0
DA:283,0
DA:286,0
DA:288,0
DA:289,0
DA:300,0
DA:303,0
DA:304,0
DA:306,0
DA:315,0
DA:322,0
DA:327,0
DA:328,0
DA:329,0
DA:331,0
DA:332,0
DA:343,0
DA:346,0
DA:347,0
DA:349,0
DA:358,0
DA:365,0
DA:370,0
DA:371,0
DA:373,0
DA:374,0
DA:385,0
DA:388,0
DA:393,0
DA:394,0
DA:397,0
DA:400,0
DA:414,0
LF:116
LH:0
BRDA:18,0,0,0
BRDA:18,0,1,0
BRDA:19,1,0,0
BRDA:19,1,1,0
BRDA:26,2,0,0
BRDA:26,2,1,0
BRDA:28,3,0,0
BRDA:28,3,1,0
BRDA:35,4,0,0
BRDA:35,4,1,0
BRDA:43,5,0,0
BRDA:43,5,1,0
BRDA:45,6,0,0
BRDA:45,6,1,0
BRDA:52,7,0,0
BRDA:52,7,1,0
BRDA:54,8,0,0
BRDA:54,8,1,0
BRDA:58,9,0,0
BRDA:58,9,1,0
BRDA:58,10,0,0
BRDA:58,10,1,0
BRDA:60,11,0,0
BRDA:60,11,1,0
BRDA:66,12,0,0
BRDA:66,12,1,0
BRDA:97,13,0,0
BRDA:97,13,1,0
BRDA:103,14,0,0
BRDA:103,14,1,0
BRDA:137,15,0,0
BRDA:137,15,1,0
BRDA:147,16,0,0
BRDA:147,16,1,0
BRDA:153,17,0,0
BRDA:153,17,1,0
BRDA:153,18,0,0
BRDA:153,18,1,0
BRDA:162,19,0,0
BRDA:162,19,1,0
BRDA:172,20,0,0
BRDA:172,20,1,0
BRDA:185,21,0,0
BRDA:185,21,1,0
BRDA:185,22,0,0
BRDA:185,22,1,0
BRDA:198,23,0,0
BRDA:198,23,1,0
BRDA:198,24,0,0
BRDA:198,24,1,0
BRDA:205,25,0,0
BRDA:205,25,1,0
BRDA:205,25,2,0
BRDA:233,26,0,0
BRDA:233,26,1,0
BRDA:233,26,2,0
BRDA:271,27,0,0
BRDA:271,27,1,0
BRDA:280,28,0,0
BRDA:280,28,1,0
BRDA:288,29,0,0
BRDA:288,29,1,0
BRDA:297,30,0,0
BRDA:297,30,1,0
BRDA:311,31,0,0
BRDA:311,31,1,0
BRDA:331,32,0,0
BRDA:331,32,1,0
BRDA:340,33,0,0
BRDA:340,33,1,0
BRDA:354,34,0,0
BRDA:354,34,1,0
BRDA:373,35,0,0
BRDA:373,35,1,0
BRDA:382,36,0,0
BRDA:382,36,1,0
BRDA:393,37,0,0
BRDA:393,37,1,0
BRDA:400,38,0,0
BRDA:400,38,1,0
BRDA:406,39,0,0
BRDA:406,39,1,0
BRDA:410,40,0,0
BRDA:410,40,1,0
BRF:84
BRH:0
end_of_record
TN:
SF:src\controllers\profile.controller.ts
FN:19,(anonymous_0)
FN:67,(anonymous_1)
FN:115,(anonymous_2)
FNF:3
FNH:3
FNDA:4,(anonymous_0)
FNDA:8,(anonymous_1)
FNDA:8,(anonymous_2)
DA:8,1
DA:9,1
DA:10,1
DA:11,1
DA:16,1
DA:19,1
DA:24,4
DA:26,4
DA:27,0
DA:30,4
DA:32,4
DA:33,1
DA:40,3
DA:43,3
DA:54,2
DA:58,2
DA:67,1
DA:72,8
DA:73,8
DA:76,8
DA:77,1
DA:81,7
DA:84,7
DA:85,7
DA:89,0
DA:92,0
DA:93,0
DA:97,0
DA:102,8
DA:103,0
DA:106,8
DA:115,1
DA:120,8
DA:121,8
DA:122,8
DA:124,8
DA:125,1
DA:128,7
DA:129,7
DA:133,0
DA:134,0
DA:138,0
DA:139,0
DA:141,0
DA:142,0
DA:146,0
DA:148,0
DA:153,8
DA:154,0
DA:157,8
LF:50
LH:35
BRDA:26,0,0,0
BRDA:26,0,1,4
BRDA:32,1,0,1
BRDA:32,1,1,3
BRDA:76,2,0,1
BRDA:76,2,1,7
BRDA:81,3,0,1
BRDA:81,3,1,6
BRDA:84,4,0,7
BRDA:84,4,1,0
BRDA:92,5,0,0
BRDA:92,5,1,0
BRDA:102,6,0,0
BRDA:102,6,1,8
BRDA:102,7,0,8
BRDA:102,7,1,0
BRDA:122,8,0,0
BRDA:122,8,1,8
BRDA:124,9,0,1
BRDA:124,9,1,7
BRDA:128,10,0,7
BRDA:128,10,1,0
BRDA:133,11,0,0
BRDA:133,11,1,0
BRDA:133,12,0,0
BRDA:133,12,1,0
BRDA:141,13,0,0
BRDA:141,13,1,0
BRDA:153,14,0,0
BRDA:153,14,1,8
BRDA:153,15,0,8
BRDA:153,15,1,0
BRF:32
BRH:16
end_of_record
TN:
SF:src\controllers\project.controller.ts
FN:20,(anonymous_0)
FN:58,(anonymous_1)
FN:77,(anonymous_2)
FN:97,(anonymous_3)
FN:127,(anonymous_4)
FN:165,(anonymous_5)
FN:202,(anonymous_6)
FNF:7
FNH:2
FNDA:0,(anonymous_0)
FNDA:0,(anonymous_1)
FNDA:0,(anonymous_2)
FNDA:0,(anonymous_3)
FNDA:10,(anonymous_4)
FNDA:0,(anonymous_5)
FNDA:17,(anonymous_6)
DA:7,2
DA:8,2
DA:16,2
DA:17,2
DA:18,2
DA:20,2
DA:25,0
DA:26,0
DA:27,0
DA:30,0
DA:31,0
DA:34,0
DA:35,0
DA:39,0
DA:41,0
DA:42,0
DA:46,0
DA:50,0
DA:51,0
DA:53,0
DA:58,2
DA:63,0
DA:64,0
DA:65,0
DA:69,0
DA:70,0
DA:72,0
DA:77,2
DA:82,0
DA:83,0
DA:84,0
DA:85,0
DA:89,0
DA:90,0
DA:92,0
DA:97,2
DA:102,0
DA:103,0
DA:105,0
DA:106,0
DA:109,0
DA:111,0
DA:112,0
DA:115,0
DA:119,0
DA:120,0
DA:122,0
DA:127,2
DA:132,10
DA:133,10
DA:134,10
DA:135,10
DA:137,10
DA:138,1
DA:141,9
DA:142,0
DA:145,9
DA:147,9
DA:148,6
DA:153,3
DA:157,1
DA:158,1
DA:160,0
DA:165,2
DA:170,0
DA:171,0
DA:172,0
DA:174,0
DA:175,0
DA:178,0
DA:179,0
DA:182,0
DA:184,0
DA:185,0
DA:190,0
DA:194,0
DA:195,0
DA:197,0
DA:202,2
DA:207,17
DA:208,17
DA:209,17
DA:212,17
DA:213,2
DA:217,15
DA:218,2
DA:222,13
DA:229,12
DA:230,2
DA:234,10
DA:239,5
DA:240,0
DA:242,5
LF:93
LH:38
BRDA:27,0,0,0
BRDA:27,0,1,0
BRDA:30,1,0,0
BRDA:30,1,1,0
BRDA:34,2,0,0
BRDA:34,2,1,0
BRDA:41,3,0,0
BRDA:41,3,1,0
BRDA:50,4,0,0
BRDA:50,4,1,0
BRDA:69,5,0,0
BRDA:69,5,1,0
BRDA:89,6,0,0
BRDA:89,6,1,0
BRDA:105,7,0,0
BRDA:105,7,1,0
BRDA:111,8,0,0
BRDA:111,8,1,0
BRDA:119,9,0,0
BRDA:119,9,1,0
BRDA:137,10,0,1
BRDA:137,10,1,9
BRDA:141,11,0,0
BRDA:141,11,1,9
BRDA:147,12,0,6
BRDA:147,12,1,3
BRDA:149,13,0,6
BRDA:149,13,1,0
BRDA:154,14,0,3
BRDA:154,14,1,3
BRDA:157,15,0,1
BRDA:157,15,1,0
BRDA:174,16,0,0
BRDA:174,16,1,0
BRDA:178,17,0,0
BRDA:178,17,1,0
BRDA:184,18,0,0
BRDA:184,18,1,0
BRDA:186,19,0,0
BRDA:186,19,1,0
BRDA:191,20,0,0
BRDA:191,20,1,0
BRDA:194,21,0,0
BRDA:194,21,1,0
BRDA:212,22,0,2
BRDA:212,22,1,15
BRDA:212,23,0,17
BRDA:212,23,1,16
BRDA:217,24,0,2
BRDA:217,24,1,13
BRDA:217,25,0,15
BRDA:217,25,1,14
BRDA:229,26,0,2
BRDA:229,26,1,10
BRDA:231,27,0,2
BRDA:231,27,1,0
BRDA:235,28,0,10
BRDA:235,28,1,0
BRDA:239,29,0,0
BRDA:239,29,1,5
BRF:60
BRH:22
end_of_record
TN:
SF:src\controllers\role.controller.ts
FN:26,(anonymous_0)
FN:86,(anonymous_1)
FNF:2
FNH:2
FNDA:7,(anonymous_0)
FNDA:7,(anonymous_1)
DA:8,1
DA:9,1
DA:10,1
DA:11,1
DA:26,1
DA:31,7
DA:32,7
DA:33,7
DA:36,7
DA:37,1
DA:41,6
DA:42,1
DA:46,5
DA:47,1
DA:51,4
DA:52,1
DA:59,3
DA:62,1
DA:69,6
DA:86,1
DA:91,7
DA:92,7
DA:93,7
DA:96,7
DA:97,1
DA:101,6
DA:102,1
DA:106,5
DA:107,1
DA:111,4
DA:112,1
DA:119,3
DA:122,1
DA:129,6
LF:34
LH:34
BRDA:36,0,0,1
BRDA:36,0,1,6
BRDA:41,1,0,1
BRDA:41,1,1,5
BRDA:46,2,0,1
BRDA:46,2,1,4
BRDA:51,3,0,1
BRDA:51,3,1,3
BRDA:96,4,0,1
BRDA:96,4,1,6
BRDA:101,5,0,1
BRDA:101,5,1,5
BRDA:106,6,0,1
BRDA:106,6,1,4
BRDA:111,7,0,1
BRDA:111,7,1,3
BRF:16
BRH:16
end_of_record
TN:
SF:src\controllers\task.controller.ts
FN:52,recordTaskOutcome
FN:72,(anonymous_1)
FN:107,getTaskRecordByProject
FN:162,getClientTaskRecords
FN:202,getFreelancerTaskRecords
FNF:5
FNH:0
FNDA:0,recordTaskOutcome
FNDA:0,(anonymous_1)
FNDA:0,getTaskRecordByProject
FNDA:0,getClientTaskRecords
FNDA:0,getFreelancerTaskRecords
DA:7,0
DA:10,0
DA:11,0
DA:52,0
DA:57,0
DA:58,0
DA:61,0
DA:62,0
DA:65,0
DA:66,0
DA:69,0
DA:71,0
DA:72,0
DA:73,0
DA:76,0
DA:80,0
DA:83,0
DA:96,0
DA:107,0
DA:112,0
DA:113,0
DA:115,0
DA:116,0
DA:119,0
DA:121,0
DA:122,0
DA:125,0
DA:127,0
DA:128,0
DA:138,0
DA:151,0
DA:162,0
DA:167,0
DA:168,0
DA:170,0
DA:171,0
DA:174,0
DA:175,0
DA:177,0
DA:191,0
DA:202,0
DA:207,0
DA:208,0
DA:210,0
DA:211,0
DA:214,0
DA:215,0
DA:217,0
DA:231,0
LF:49
LH:0
BRDA:61,0,0,0
BRDA:61,0,1,0
BRDA:71,1,0,0
BRDA:71,1,1,0
BRDA:91,2,0,0
BRDA:91,2,1,0
BRDA:115,3,0,0
BRDA:115,3,1,0
BRDA:121,4,0,0
BRDA:121,4,1,0
BRDA:127,5,0,0
BRDA:127,5,1,0
BRDA:133,6,0,0
BRDA:133,6,1,0
BRDA:146,7,0,0
BRDA:146,7,1,0
BRDA:170,8,0,0
BRDA:170,8,1,0
BRDA:186,9,0,0
BRDA:186,9,1,0
BRDA:210,10,0,0
BRDA:210,10,1,0
BRDA:226,11,0,0
BRDA:226,11,1,0
BRF:24
BRH:0
end_of_record
TN:
SF:src\controllers\transaction.controller.ts
FN:38,(anonymous_1)
FNF:1
FNH:1
FNDA:7,(anonymous_1)
DA:7,1
DA:8,1
DA:9,1
DA:38,1
DA:43,7
DA:45,7
DA:47,7
DA:48,1
DA:58,6
DA:59,2
DA:70,4
DA:71,4
DA:73,4
DA:74,1
DA:78,3
DA:79,3
DA:85,1
DA:88,1
DA:90,1
DA:95,2
DA:96,1
DA:103,1
DA:110,6
LF:23
LH:23
BRDA:47,0,0,1
BRDA:47,0,1,6
BRDA:58,1,0,2
BRDA:58,1,1,4
BRDA:58,2,0,6
BRDA:58,2,1,5
BRDA:71,3,0,4
BRDA:71,3,1,0
BRDA:73,4,0,1
BRDA:73,4,1,3
BRDA:95,5,0,1
BRDA:95,5,1,1
BRDA:95,6,0,2
BRDA:95,6,1,1
BRDA:97,7,0,1
BRDA:97,7,1,0
BRF:16
BRH:14
end_of_record
TN:
SF:src\controllers\user.controller.ts
FN:21,(anonymous_0)
FN:54,(anonymous_1)
FN:83,(anonymous_2)
FN:122,(anonymous_3)
FN:175,(anonymous_4)
FN:235,(anonymous_5)
FNF:6
FNH:2
FNDA:0,(anonymous_0)
FNDA:0,(anonymous_1)
FNDA:0,(anonymous_2)
FNDA:0,(anonymous_3)
FNDA:20,(anonymous_4)
FNDA:13,(anonymous_5)
DA:8,1
DA:9,1
DA:11,1
DA:12,1
DA:21,1
DA:22,0
DA:23,0
DA:26,0
DA:28,0
DA:29,0
DA:32,0
DA:41,0
DA:46,0
DA:47,0
DA:50,0
DA:54,1
DA:55,0
DA:56,0
DA:57,0
DA:59,0
DA:60,0
DA:63,0
DA:64,0
DA:67,0
DA:68,0
DA:70,0
DA:75,0
DA:76,0
DA:79,0
DA:83,1
DA:88,0
DA:89,0
DA:90,0
DA:92,0
DA:94,0
DA:96,0
DA:97,0
DA:99,0
DA:102,0
DA:103,0
DA:104,0
DA:105,0
DA:109,0
DA:114,0
DA:115,0
DA:118,0
DA:122,1
DA:127,0
DA:128,0
DA:138,0
DA:139,0
DA:142,0
DA:143,0
DA:147,0
DA:148,0
DA:151,0
DA:153,0
DA:167,0
DA:168,0
DA:171,0
DA:175,1
DA:180,20
DA:181,20
DA:182,20
DA:183,20
DA:185,20
DA:186,1
DA:189,19
DA:190,1
DA:194,18
DA:195,2
DA:199,16
DA:200,14
DA:201,1
DA:204,13
DA:205,4
DA:213,11
DA:215,11
DA:217,9
DA:222,11
DA:223,0
DA:226,11
DA:235,1
DA:240,13
DA:241,13
DA:244,13
DA:245,1
DA:248,12
DA:249,1
DA:253,11
DA:254,2
DA:261,9
DA:262,2
DA:265,7
DA:268,7
DA:270,2
DA:276,11
DA:277,0
DA:280,11
LF:99
LH:45
BRDA:28,0,0,0
BRDA:28,0,1,0
BRDA:46,1,0,0
BRDA:46,1,1,0
BRDA:46,2,0,0
BRDA:46,2,1,0
BRDA:57,3,0,0
BRDA:57,3,1,0
BRDA:59,4,0,0
BRDA:59,4,1,0
BRDA:63,5,0,0
BRDA:63,5,1,0
BRDA:68,6,0,0
BRDA:68,6,1,0
BRDA:75,7,0,0
BRDA:75,7,1,0
BRDA:75,8,0,0
BRDA:75,8,1,0
BRDA:90,9,0,0
BRDA:90,9,1,0
BRDA:92,10,0,0
BRDA:92,10,1,0
BRDA:94,11,0,0
BRDA:94,11,1,0
BRDA:99,12,0,0
BRDA:99,12,1,0
BRDA:104,13,0,0
BRDA:104,13,1,0
BRDA:114,14,0,0
BRDA:114,14,1,0
BRDA:114,15,0,0
BRDA:114,15,1,0
BRDA:129,16,0,0
BRDA:129,16,1,0
BRDA:130,17,0,0
BRDA:130,17,1,0
BRDA:132,18,0,0
BRDA:132,18,1,0
BRDA:138,19,0,0
BRDA:138,19,1,0
BRDA:138,20,0,0
BRDA:138,20,1,0
BRDA:142,21,0,0
BRDA:142,21,1,0
BRDA:142,22,0,0
BRDA:142,22,1,0
BRDA:147,23,0,0
BRDA:147,23,1,0
BRDA:147,24,0,0
BRDA:147,24,1,0
BRDA:158,25,0,0
BRDA:158,25,1,0
BRDA:159,26,0,0
BRDA:159,26,1,0
BRDA:161,27,0,0
BRDA:161,27,1,0
BRDA:167,28,0,0
BRDA:167,28,1,0
BRDA:167,29,0,0
BRDA:167,29,1,0
BRDA:182,30,0,0
BRDA:182,30,1,20
BRDA:185,31,0,1
BRDA:185,31,1,19
BRDA:189,32,0,1
BRDA:189,32,1,18
BRDA:194,33,0,2
BRDA:194,33,1,16
BRDA:194,34,0,18
BRDA:194,34,1,17
BRDA:199,35,0,14
BRDA:199,35,1,2
BRDA:199,36,0,16
BRDA:199,36,1,15
BRDA:199,36,2,15
BRDA:200,37,0,1
BRDA:200,37,1,13
BRDA:204,38,0,4
BRDA:204,38,1,9
BRDA:213,39,0,1
BRDA:213,39,1,10
BRDA:222,40,0,0
BRDA:222,40,1,11
BRDA:222,41,0,11
BRDA:222,41,1,0
BRDA:244,42,0,1
BRDA:244,42,1,12
BRDA:248,43,0,1
BRDA:248,43,1,11
BRDA:253,44,0,2
BRDA:253,44,1,9
BRDA:261,45,0,2
BRDA:261,45,1,7
BRDA:261,46,0,9
BRDA:261,46,1,8
BRDA:276,47,0,0
BRDA:276,47,1,11
BRDA:276,48,0,11
BRDA:276,48,1,0
BRDA:276,48,2,0
BRF:100
BRH:34
end_of_record
TN:
SF:src\controllers\wallet.controller.ts
FN:30,(anonymous_0)
FN:115,disconnectWallet
FN:154,setPrimaryWallet
FNF:3
FNH:1
FNDA:16,(anonymous_0)
FNDA:0,disconnectWallet
FNDA:0,setPrimaryWallet
DA:8,1
DA:13,1
DA:20,1
DA:24,1
DA:30,1
DA:35,16
DA:36,16
DA:39,16
DA:40,2
DA:44,14
DA:49,2
DA:56,12
DA:57,1
DA:61,11
DA:62,0
DA:65,11
DA:68,11
DA:71,9
DA:86,7
DA:88,7
DA:89,1
DA:96,6
DA:100,0
DA:101,0
DA:104,0
DA:115,1
DA:120,0
DA:121,0
DA:122,0
DA:125,0
DA:126,0
DA:130,0
DA:131,0
DA:135,0
DA:137,0
DA:143,0
DA:154,1
DA:159,0
DA:160,0
DA:161,0
DA:164,0
DA:165,0
DA:169,0
DA:170,0
DA:174,0
DA:177,0
DA:191,0
LF:47
LH:23
BRDA:39,0,0,2
BRDA:39,0,1,14
BRDA:39,1,0,16
BRDA:39,1,1,15
BRDA:44,2,0,2
BRDA:44,2,1,12
BRDA:45,3,0,14
BRDA:45,3,1,14
BRDA:45,3,2,13
BRDA:56,4,0,1
BRDA:56,4,1,11
BRDA:61,5,0,0
BRDA:61,5,1,11
BRDA:61,6,0,11
BRDA:61,6,1,11
BRDA:86,7,0,7
BRDA:86,7,1,0
BRDA:88,8,0,1
BRDA:88,8,1,6
BRDA:100,9,0,0
BRDA:100,9,1,0
BRDA:100,10,0,0
BRDA:100,10,1,0
BRDA:125,11,0,0
BRDA:125,11,1,0
BRDA:130,12,0,0
BRDA:130,12,1,0
BRDA:130,13,0,0
BRDA:130,13,1,0
BRDA:164,14,0,0
BRDA:164,14,1,0
BRDA:169,15,0,0
BRDA:169,15,1,0
BRDA:169,16,0,0
BRDA:169,16,1,0
BRF:35
BRH:17
end_of_record
TN:
SF:src\lib\airtm.client.ts
FN:15,(anonymous_0)
FNF:1
FNH:0
FNDA:0,(anonymous_0)
DA:5,1
DA:9,1
DA:16,0
DA:24,0
DA:25,0
DA:28,0
DA:30,0
DA:35,1
LF:8
LH:3
BRDA:24,0,0,0
BRDA:24,0,1,0
BRDA:24,1,0,0
BRDA:24,1,1,0
BRF:4
BRH:0
end_of_record
TN:
SF:src\lib\supabase\supabase.ts
FN:8,createSupabaseClient
FNF:1
FNH:1
FNDA:6,createSupabaseClient
DA:1,6
DA:9,6
DA:10,6
DA:12,6
DA:13,0
DA:19,6
DA:20,0
DA:27,6
DA:28,6
DA:30,0
DA:36,6
DA:45,6
LF:12
LH:9
BRDA:12,0,0,0
BRDA:12,0,1,6
BRDA:19,1,0,0
BRDA:19,1,1,6
BRF:4
BRH:2
end_of_record
TN:
SF:src\middlewares\auth.middleware.ts
FN:24,(anonymous_0)
FN:49,(anonymous_1)
FN:50,(anonymous_2)
FN:268,authorizeRoles
FN:269,(anonymous_4)
FN:321,setSecurityHeaders
FN:359,logAuthAttempt
FN:413,validateToken
FN:489,(anonymous_8)
FN:521,(anonymous_9)
FNF:10
FNH:0
FNDA:0,(anonymous_0)
FNDA:0,(anonymous_1)
FNDA:0,(anonymous_2)
FNDA:0,authorizeRoles
FNDA:0,(anonymous_4)
FNDA:0,setSecurityHeaders
FNDA:0,logAuthAttempt
FNDA:0,validateToken
FNDA:0,(anonymous_8)
FNDA:0,(anonymous_9)
DA:1,0
DA:2,0
DA:3,0
DA:21,0
DA:22,0
DA:24,0
DA:49,0
DA:50,0
DA:55,0
DA:56,0
DA:57,0
DA:60,0
DA:70,0
DA:72,0
DA:73,0
DA:74,0
DA:75,0
DA:79,0
DA:83,0
DA:84,0
DA:85,0
DA:88,0
DA:89,0
DA:95,0
DA:102,0
DA:103,0
DA:109,0
DA:113,0
DA:114,0
DA:124,0
DA:129,0
DA:130,0
DA:132,0
DA:138,0
DA:142,0
DA:143,0
DA:149,0
DA:150,0
DA:157,0
DA:161,0
DA:162,0
DA:165,0
DA:181,0
DA:182,0
DA:189,0
DA:190,0
DA:191,0
DA:194,0
DA:195,0
DA:207,0
DA:209,0
DA:211,0
DA:212,0
DA:218,0
DA:238,0
DA:268,0
DA:269,0
DA:270,0
DA:272,0
DA:273,0
DA:276,0
DA:278,0
DA:279,0
DA:294,0
DA:300,0
DA:322,0
DA:324,0
DA:325,0
DA:326,0
DA:327,0
DA:328,0
DA:360,0
DA:362,0
DA:365,0
DA:373,0
DA:413,0
DA:414,0
DA:415,0
DA:416,0
DA:424,0
DA:425,0
DA:427,0
DA:428,0
DA:436,0
DA:438,0
DA:445,0
DA:489,0
DA:494,0
DA:496,0
DA:497,0
DA:500,0
DA:502,0
DA:503,0
DA:507,0
DA:514,0
DA:515,0
DA:521,0
DA:525,0
DA:526,0
DA:527,0
DA:528,0
DA:531,0
DA:532,0
DA:533,0
DA:534,0
DA:540,0
DA:541,0
DA:543,0
DA:544,0
DA:545,0
DA:546,0
DA:548,0
DA:551,0
DA:553,0
DA:555,0
DA:556,0
DA:557,0
DA:558,0
DA:560,0
DA:563,0
DA:567,0
DA:569,0
DA:571,0
DA:573,0
DA:576,0
DA:579,0
DA:580,0
DA:588,0
DA:589,0
DA:591,0
DA:598,0
DA:601,0
DA:602,0
DA:604,0
DA:605,0
DA:608,0
LF:136
LH:0
BRDA:49,0,0,0
BRDA:62,1,0,0
BRDA:62,1,1,0
BRDA:62,1,2,0
BRDA:63,2,0,0
BRDA:63,2,1,0
BRDA:72,3,0,0
BRDA:72,3,1,0
BRDA:84,4,0,0
BRDA:84,4,1,0
BRDA:84,5,0,0
BRDA:84,5,1,0
BRDA:88,6,0,0
BRDA:88,6,1,0
BRDA:96,7,0,0
BRDA:96,7,1,0
BRDA:102,8,0,0
BRDA:102,8,1,0
BRDA:113,9,0,0
BRDA:113,9,1,0
BRDA:142,10,0,0
BRDA:142,10,1,0
BRDA:149,11,0,0
BRDA:149,11,1,0
BRDA:149,12,0,0
BRDA:149,12,1,0
BRDA:167,13,0,0
BRDA:167,13,1,0
BRDA:168,14,0,0
BRDA:168,14,1,0
BRDA:170,15,0,0
BRDA:170,15,1,0
BRDA:171,16,0,0
BRDA:171,16,1,0
BRDA:173,17,0,0
BRDA:173,17,1,0
BRDA:174,18,0,0
BRDA:174,18,1,0
BRDA:175,19,0,0
BRDA:175,19,1,0
BRDA:184,20,0,0
BRDA:184,20,1,0
BRDA:194,21,0,0
BRDA:194,21,1,0
BRDA:215,22,0,0
BRDA:215,22,1,0
BRDA:272,23,0,0
BRDA:272,23,1,0
BRDA:276,24,0,0
BRDA:276,24,1,0
BRDA:278,25,0,0
BRDA:278,25,1,0
BRDA:280,26,0,0
BRDA:280,26,1,0
BRDA:281,27,0,0
BRDA:281,27,1,0
BRDA:282,28,0,0
BRDA:282,28,1,0
BRDA:360,29,0,0
BRDA:360,29,1,0
BRDA:415,30,0,0
BRDA:415,30,1,0
BRDA:427,31,0,0
BRDA:427,31,1,0
BRDA:449,32,0,0
BRDA:449,32,1,0
BRDA:496,33,0,0
BRDA:496,33,1,0
BRDA:514,34,0,0
BRDA:514,34,1,0
BRDA:514,35,0,0
BRDA:514,35,1,0
BRDA:514,35,2,0
BRDA:525,36,0,0
BRDA:525,36,1,0
BRDA:527,37,0,0
BRDA:527,37,1,0
BRDA:531,38,0,0
BRDA:531,38,1,0
BRDA:533,39,0,0
BRDA:533,39,1,0
BRDA:533,40,0,0
BRDA:533,40,1,0
BRDA:540,41,0,0
BRDA:540,41,1,0
BRDA:545,42,0,0
BRDA:545,42,1,0
BRDA:545,43,0,0
BRDA:545,43,1,0
BRDA:553,44,0,0
BRDA:553,44,1,0
BRDA:553,45,0,0
BRDA:553,45,1,0
BRDA:557,46,0,0
BRDA:557,46,1,0
BRDA:557,47,0,0
BRDA:557,47,1,0
BRDA:569,48,0,0
BRDA:569,48,1,0
BRDA:569,49,0,0
BRDA:569,49,1,0
BRDA:579,50,0,0
BRDA:579,50,1,0
BRDA:589,51,0,0
BRDA:589,51,1,0
BRDA:604,52,0,0
BRDA:604,52,1,0
BRF:107
BRH:0
end_of_record
TN:
SF:src\middlewares\errorHandler.middleware.ts
FN:9,(anonymous_0)
FN:11,(anonymous_1)
FN:19,(anonymous_2)
FN:102,(anonymous_3)
FN:110,(anonymous_4)
FN:173,(anonymous_5)
FN:224,(anonymous_6)
FN:229,(anonymous_7)
FN:244,(anonymous_8)
FN:259,(anonymous_9)
FN:279,(anonymous_10)
FN:289,(anonymous_11)
FN:290,(anonymous_12)
FN:294,(anonymous_13)
FNF:14
FNH:7
FNDA:1,(anonymous_0)
FNDA:1,(anonymous_1)
FNDA:1,(anonymous_2)
FNDA:0,(anonymous_3)
FNDA:1,(anonymous_4)
FNDA:2,(anonymous_5)
FNDA:1,(anonymous_6)
FNDA:0,(anonymous_7)
FNDA:0,(anonymous_8)
FNDA:0,(anonymous_9)
FNDA:1,(anonymous_10)
FNDA:0,(anonymous_11)
FNDA:0,(anonymous_12)
FNDA:0,(anonymous_13)
DA:2,1
DA:3,1
DA:6,1
DA:12,1
DA:13,1
DA:15,1
DA:25,1
DA:26,1
DA:27,1
DA:28,1
DA:29,1
DA:32,1
DA:33,1
DA:34,1
DA:35,1
DA:36,1
DA:37,1
DA:38,0
DA:39,0
DA:40,0
DA:41,0
DA:42,0
DA:43,0
DA:44,0
DA:45,0
DA:47,0
DA:48,0
DA:49,0
DA:53,1
DA:67,1
DA:79,1
DA:98,1
DA:103,0
DA:104,0
DA:106,0
DA:111,1
DA:112,1
DA:114,1
DA:151,1
DA:153,0
DA:154,0
DA:156,0
DA:157,0
DA:159,1
DA:160,1
DA:162,0
DA:163,0
DA:167,1
DA:168,0
DA:174,2
DA:185,0
DA:197,0
DA:208,0
DA:216,0
DA:219,2
DA:225,1
DA:238,0
DA:239,0
DA:245,0
DA:246,0
DA:253,0
DA:254,0
DA:260,0
DA:261,0
DA:268,0
DA:276,1
DA:279,1
DA:285,1
DA:289,1
DA:290,0
DA:291,0
DA:294,0
DA:295,0
LF:73
LH:35
BRDA:12,0,0,1
BRDA:12,0,1,0
BRDA:32,1,0,1
BRDA:32,1,1,0
BRDA:38,2,0,0
BRDA:38,2,1,0
BRDA:42,3,0,0
BRDA:42,3,1,0
BRDA:57,4,0,1
BRDA:57,4,1,0
BRDA:75,5,0,1
BRDA:75,5,1,0
BRDA:88,6,0,1
BRDA:88,6,1,0
BRDA:89,7,0,0
BRDA:89,7,1,0
BRDA:103,8,0,0
BRDA:103,8,1,0
BRDA:111,9,0,1
BRDA:111,9,1,0
BRDA:117,10,0,1
BRDA:117,10,1,0
BRDA:119,11,0,1
BRDA:119,11,1,0
BRDA:123,12,0,1
BRDA:123,12,1,0
BRDA:126,13,0,1
BRDA:126,13,1,0
BRDA:138,14,0,1
BRDA:138,14,1,0
BRDA:138,15,0,1
BRDA:138,15,1,1
BRDA:144,16,0,1
BRDA:144,16,1,0
BRDA:145,17,0,1
BRDA:145,17,1,0
BRDA:151,18,0,0
BRDA:151,18,1,0
BRDA:151,18,2,1
BRDA:151,18,3,0
BRDA:167,19,0,0
BRDA:167,19,1,1
BRDA:174,20,0,0
BRDA:174,20,1,0
BRDA:174,20,2,0
BRDA:174,20,3,0
BRDA:174,20,4,0
BRDA:174,20,5,0
BRDA:174,20,6,0
BRDA:174,20,7,0
BRDA:174,20,8,0
BRDA:174,20,9,0
BRDA:174,20,10,0
BRDA:174,20,11,0
BRDA:174,20,12,0
BRDA:174,20,13,0
BRDA:174,20,14,0
BRDA:174,20,15,0
BRDA:174,20,16,0
BRDA:174,20,17,0
BRDA:174,20,18,0
BRDA:174,20,19,0
BRDA:174,20,20,0
BRDA:174,20,21,0
BRDA:174,20,22,0
BRDA:174,20,23,0
BRDA:174,20,24,0
BRDA:174,20,25,0
BRDA:174,20,26,0
BRDA:174,20,27,0
BRDA:174,20,28,0
BRDA:174,20,29,0
BRDA:174,20,30,0
BRDA:174,20,31,0
BRDA:174,20,32,0
BRDA:174,20,33,0
BRDA:174,20,34,0
BRDA:174,20,35,2
BRDA:238,21,0,0
BRDA:238,21,1,0
BRDA:253,22,0,0
BRDA:253,22,1,0
BRDA:268,23,0,0
BRDA:268,23,1,0
BRF:84
BRH:18
end_of_record
TN:
SF:src\middlewares\logger.middleware.ts
FN:6,(anonymous_1)
FN:30,sanitizeData
FN:41,(anonymous_3)
FN:46,(anonymous_4)
FN:53,(anonymous_5)
FN:61,(anonymous_6)
FN:88,(anonymous_7)
FN:100,(anonymous_8)
FN:109,(anonymous_9)
FN:125,(anonymous_10)
FNF:10
FNH:0
FNDA:0,(anonymous_1)
FNDA:0,sanitizeData
FNDA:0,(anonymous_3)
FNDA:0,(anonymous_4)
FNDA:0,(anonymous_5)
FNDA:0,(anonymous_6)
FNDA:0,(anonymous_7)
FNDA:0,(anonymous_8)
FNDA:0,(anonymous_9)
FNDA:0,(anonymous_10)
DA:2,0
DA:3,0
DA:4,0
DA:6,0
DA:7,0
DA:8,0
DA:11,0
DA:12,0
DA:13,0
DA:14,0
DA:18,0
DA:22,0
DA:27,0
DA:28,0
DA:31,0
DA:32,0
DA:33,0
DA:35,0
DA:36,0
DA:38,0
DA:40,0
DA:41,0
DA:43,0
DA:44,0
DA:45,0
DA:46,0
DA:50,0
DA:53,0
DA:54,0
DA:55,0
DA:56,0
DA:57,0
DA:58,0
DA:61,0
DA:62,0
DA:68,0
DA:73,0
DA:83,0
DA:89,0
DA:100,0
DA:101,0
DA:102,0
DA:104,0
DA:109,0
DA:110,0
DA:111,0
DA:112,0
DA:114,0
DA:115,0
DA:116,0
DA:117,0
DA:118,0
DA:119,0
DA:122,0
DA:125,0
DA:126,0
DA:127,0
DA:128,0
DA:130,0
DA:131,0
DA:133,0
DA:134,0
DA:135,0
DA:136,0
DA:138,0
DA:142,0
LF:66
LH:0
BRDA:11,0,0,0
BRDA:11,0,1,0
BRDA:12,1,0,0
BRDA:12,1,1,0
BRDA:30,2,0,0
BRDA:30,3,0,0
BRDA:31,4,0,0
BRDA:31,4,1,0
BRDA:31,5,0,0
BRDA:31,5,1,0
BRDA:32,6,0,0
BRDA:32,6,1,0
BRDA:32,7,0,0
BRDA:32,7,1,0
BRDA:35,8,0,0
BRDA:35,8,1,0
BRDA:36,9,0,0
BRDA:36,9,1,0
BRDA:40,10,0,0
BRDA:40,10,1,0
BRDA:46,11,0,0
BRDA:46,11,1,0
BRDA:54,12,0,0
BRDA:54,12,1,0
BRDA:62,13,0,0
BRDA:62,13,1,0
BRDA:69,14,0,0
BRDA:69,14,1,0
BRDA:78,15,0,0
BRDA:78,15,1,0
BRDA:79,16,0,0
BRDA:79,16,1,0
BRDA:80,17,0,0
BRDA:80,17,1,0
BRDA:84,18,0,0
BRDA:84,18,1,0
BRDA:87,19,0,0
BRDA:87,19,1,0
BRDA:93,20,0,0
BRDA:93,20,1,0
BRDA:94,21,0,0
BRDA:94,21,1,0
BRDA:102,22,0,0
BRDA:102,22,1,0
BRDA:102,22,2,0
BRDA:111,23,0,0
BRDA:111,23,1,0
BRDA:115,24,0,0
BRDA:115,24,1,0
BRDA:117,25,0,0
BRDA:117,25,1,0
BRDA:118,26,0,0
BRDA:118,26,1,0
BRDA:119,27,0,0
BRDA:119,27,1,0
BRDA:133,28,0,0
BRDA:133,28,1,0
BRDA:133,29,0,0
BRDA:133,29,1,0
BRDA:134,30,0,0
BRDA:134,30,1,0
BRDA:135,31,0,0
BRDA:135,31,1,0
BRF:63
BRH:0
end_of_record
TN:
SF:src\middlewares\oauth.middleware.ts
FN:15,validateOAuthProvider
FN:56,handleOAuthError
FNF:2
FNH:0
FNDA:0,validateOAuthProvider
FNDA:0,handleOAuthError
DA:8,0
DA:9,0
DA:10,0
DA:15,0
DA:20,0
DA:21,0
DA:23,0
DA:24,0
DA:27,0
DA:29,0
DA:30,0
DA:38,0
DA:39,0
DA:48,0
DA:50,0
DA:56,0
DA:63,0
DA:64,0
DA:68,0
LF:19
LH:0
BRDA:21,0,0,0
BRDA:21,0,1,0
BRDA:23,1,0,0
BRDA:23,1,1,0
BRDA:29,2,0,0
BRDA:29,2,1,0
BRDA:38,3,0,0
BRDA:38,3,1,0
BRDA:63,4,0,0
BRDA:63,4,1,0
BRDA:63,5,0,0
BRDA:63,5,1,0
BRF:12
BRH:0
end_of_record
TN:
SF:src\middlewares\ratelimit.middleware.ts
FN:15,createEnhancedLimiter
FN:32,(anonymous_2)
FN:42,(anonymous_3)
FN:48,(anonymous_4)
FN:121,(anonymous_5)
FN:136,(anonymous_6)
FN:153,(anonymous_7)
FN:167,(anonymous_8)
FN:181,(anonymous_9)
FN:192,createCustomLimiter
FN:201,getRateLimitInfo
FNF:11
FNH:0
FNDA:0,createEnhancedLimiter
FNDA:0,(anonymous_2)
FNDA:0,(anonymous_3)
FNDA:0,(anonymous_4)
FNDA:0,(anonymous_5)
FNDA:0,(anonymous_6)
FNDA:0,(anonymous_7)
FNDA:0,(anonymous_8)
FNDA:0,(anonymous_9)
FNDA:0,createCustomLimiter
FNDA:0,getRateLimitInfo
DA:1,0
DA:8,0
DA:16,0
DA:33,0
DA:34,0
DA:40,0
DA:45,0
DA:46,0
DA:49,0
DA:50,0
DA:58,0
DA:59,0
DA:63,0
DA:75,0
DA:96,0
DA:106,0
DA:117,0
DA:122,0
DA:124,0
DA:132,0
DA:137,0
DA:138,0
DA:139,0
DA:141,0
DA:149,0
DA:154,0
DA:155,0
DA:163,0
DA:168,0
DA:169,0
DA:177,0
DA:182,0
DA:183,0
DA:192,0
DA:193,0
DA:201,0
DA:202,0
DA:203,0
LF:38
LH:0
BRDA:23,0,0,0
BRDA:23,0,1,0
BRDA:29,1,0,0
BRDA:29,1,1,0
BRDA:30,2,0,0
BRDA:30,2,1,0
BRDA:33,3,0,0
BRDA:33,3,1,0
BRDA:34,4,0,0
BRDA:34,4,1,0
BRDA:34,4,2,0
BRDA:34,4,3,0
BRDA:34,4,4,0
BRDA:34,4,5,0
BRDA:42,5,0,0
BRDA:42,5,1,0
BRDA:46,6,0,0
BRDA:46,6,1,0
BRDA:46,6,2,0
BRDA:58,7,0,0
BRDA:58,7,1,0
BRDA:67,8,0,0
BRDA:67,8,1,0
BRDA:68,9,0,0
BRDA:68,9,1,0
BRDA:79,10,0,0
BRDA:79,10,1,0
BRDA:124,11,0,0
BRDA:124,11,1,0
BRDA:124,11,2,0
BRDA:138,12,0,0
BRDA:138,12,1,0
BRDA:139,13,0,0
BRDA:139,13,1,0
BRDA:155,14,0,0
BRDA:155,14,1,0
BRDA:155,14,2,0
BRDA:169,15,0,0
BRDA:169,15,1,0
BRDA:169,15,2,0
BRDA:183,16,0,0
BRDA:183,16,1,0
BRDA:183,16,2,0
BRDA:203,17,0,0
BRDA:203,17,1,0
BRF:45
BRH:0
end_of_record
TN:
SF:src\routes\auth.routes.ts
FNF:0
FNH:0
DA:6,0
DA:22,0
DA:26,0
DA:27,0
DA:29,0
DA:32,0
DA:33,0
DA:34,0
DA:37,0
DA:38,0
DA:39,0
DA:40,0
DA:43,0
DA:44,0
DA:47,0
DA:48,0
DA:51,0
DA:52,0
DA:55,0
DA:57,0
LF:20
LH:0
BRF:0
BRH:0
end_of_record
TN:
SF:src\routes\auth.v1.routes.ts
FNF:0
FNH:0
DA:1,1
DA:2,1
DA:3,1
DA:5,1
DA:7,1
DA:9,1
LF:6
LH:6
BRF:0
BRH:0
end_of_record
TN:
SF:src\routes\balance.routes.ts
FNF:0
FNH:0
DA:6,0
DA:7,0
DA:8,0
DA:10,0
DA:26,0
DA:47,0
DA:49,0
LF:7
LH:0
BRF:0
BRH:0
end_of_record
TN:
SF:src\routes\blockchain.routes.ts
FN:12,(anonymous_0)
FN:55,(anonymous_1)
FN:87,(anonymous_2)
FN:121,(anonymous_3)
FN:153,(anonymous_4)
FNF:5
FNH:0
FNDA:0,(anonymous_0)
FNDA:0,(anonymous_1)
FNDA:0,(anonymous_2)
FNDA:0,(anonymous_3)
FNDA:0,(anonymous_4)
DA:1,0
DA:2,0
DA:4,0
DA:5,0
DA:12,0
DA:13,0
DA:14,0
DA:16,0
DA:22,0
DA:29,0
DA:36,0
DA:42,0
DA:43,0
DA:55,0
DA:56,0
DA:57,0
DA:59,0
DA:60,0
DA:66,0
DA:68,0
DA:74,0
DA:75,0
DA:87,0
DA:88,0
DA:89,0
DA:91,0
DA:92,0
DA:98,0
DA:100,0
DA:106,0
DA:107,0
DA:119,0
DA:122,0
DA:123,0
DA:125,0
DA:126,0
DA:132,0
DA:134,0
DA:139,0
DA:140,0
DA:153,0
DA:154,0
DA:155,0
DA:157,0
DA:158,0
DA:164,0
DA:166,0
DA:171,0
DA:172,0
DA:179,0
LF:50
LH:0
BRDA:16,0,0,0
BRDA:16,0,1,0
BRDA:17,1,0,0
BRDA:17,1,1,0
BRDA:17,1,2,0
BRDA:17,1,3,0
BRDA:45,2,0,0
BRDA:45,2,1,0
BRDA:59,3,0,0
BRDA:59,3,1,0
BRDA:77,4,0,0
BRDA:77,4,1,0
BRDA:91,5,0,0
BRDA:91,5,1,0
BRDA:109,6,0,0
BRDA:109,6,1,0
BRDA:125,7,0,0
BRDA:125,7,1,0
BRDA:142,8,0,0
BRDA:142,8,1,0
BRDA:157,9,0,0
BRDA:157,9,1,0
BRDA:174,10,0,0
BRDA:174,10,1,0
BRF:24
BRH:0
end_of_record
TN:
SF:src\routes\escrow-balance.routes.ts
FNF:0
FNH:0
DA:1,1
DA:2,1
DA:4,1
DA:6,1
DA:8,1
LF:5
LH:5
BRF:0
BRH:0
end_of_record
TN:
SF:src\routes\escrow-init.routes.ts
FNF:0
FNH:0
DA:1,1
DA:2,1
DA:4,1
DA:6,1
DA:8,1
LF:5
LH:5
BRF:0
BRH:0
end_of_record
TN:
SF:src\routes\escrow-query.routes.ts
FNF:0
FNH:0
DA:1,1
DA:2,1
DA:4,1
DA:6,1
DA:8,1
LF:5
LH:5
BRF:0
BRH:0
end_of_record
TN:
SF:src\routes\oauth.routes.ts
FNF:0
FNH:0
DA:6,0
DA:7,0
DA:14,0
DA:15,0
DA:16,0
DA:18,0
DA:21,0
DA:22,0
DA:23,0
DA:26,0
DA:27,0
DA:28,0
DA:30,0
LF:13
LH:0
BRF:0
BRH:0
end_of_record
TN:
SF:src\routes\profile.routes.ts
FNF:0
FNH:0
DA:6,0
DA:7,0
DA:12,0
DA:14,0
DA:17,0
DA:24,0
DA:27,0
DA:29,0
LF:8
LH:0
BRF:0
BRH:0
end_of_record
TN:
SF:src\routes\project.routes.ts
FNF:0
FNH:0
DA:1,1
DA:2,1
DA:11,1
DA:12,1
DA:14,1
DA:17,1
DA:19,1
DA:21,1
DA:23,1
DA:30,1
DA:37,1
DA:44,1
LF:12
LH:12
BRF:0
BRH:0
end_of_record
TN:
SF:src\routes\role.routes.ts
FNF:0
FNH:0
DA:6,0
DA:7,0
DA:11,0
DA:13,0
DA:21,0
DA:33,0
DA:39,0
LF:7
LH:0
BRF:0
BRH:0
end_of_record
TN:
SF:src\routes\task.routes.ts
FNF:0
FNH:0
DA:6,0
DA:7,0
DA:13,0
DA:14,0
DA:16,0
DA:19,0
DA:22,0
DA:29,0
DA:36,0
DA:43,0
DA:50,0
DA:52,0
LF:12
LH:0
BRF:0
BRH:0
end_of_record
TN:
SF:src\routes\transaction.routes.ts
FNF:0
FNH:0
DA:6,0
DA:7,0
DA:9,0
DA:29,0
DA:31,0
LF:5
LH:0
BRF:0
BRH:0
end_of_record
TN:
SF:src\routes\user.routes.ts
FNF:0
FNH:0
DA:1,0
DA:2,0
DA:10,0
DA:11,0
DA:13,0
DA:15,0
DA:18,0
DA:21,0
DA:23,0
DA:24,0
DA:25,0
DA:27,0
LF:12
LH:0
BRF:0
BRH:0
end_of_record
TN:
SF:src\routes\wallet.routes.ts
FNF:0
FNH:0
DA:6,1
DA:7,1
DA:8,1
DA:10,1
DA:21,1
DA:33,1
DA:35,1
LF:7
LH:7
BRF:0
BRH:0
end_of_record
TN:
SF:src\services\auth.service.ts
FN:35,(anonymous_10)
FN:37,getNonce
FN:65,register
FN:69,(anonymous_13)
FN:70,(anonymous_14)
FN:210,signup
FN:218,(anonymous_16)
FN:224,(anonymous_17)
FN:257,registerWithEmail
FN:264,(anonymous_19)
FN:427,registerWithWallet
FN:443,(anonymous_21)
FN:606,login
FN:644,(anonymous_23)
FN:650,(anonymous_24)
FN:676,refreshSession
FN:697,(anonymous_26)
FN:703,(anonymous_27)
FN:749,logoutUser
FN:772,logoutAllUserSessions
FN:790,logoutByRefreshToken
FN:807,(anonymous_31)
FN:887,logoutCurrentSession
FN:905,(anonymous_33)
FN:919,(anonymous_34)
FN:925,(anonymous_35)
FN:950,getMe
FN:970,loginWithEmail
FN:1060,(anonymous_38)
FN:1066,(anonymous_39)
FN:1118,logAuthAttempt
FN:1148,getUserSessions
FN:1168,(anonymous_42)
FN:1227,revokeSession
FN:1290,forgotPassword
FN:1292,(anonymous_45)
FN:1363,(anonymous_46)
FN:1396,resetPassword
FNF:38
FNH:9
FNDA:0,(anonymous_10)
FNDA:0,getNonce
FNDA:0,register
FNDA:0,(anonymous_13)
FNDA:0,(anonymous_14)
FNDA:0,signup
FNDA:0,(anonymous_16)
FNDA:0,(anonymous_17)
FNDA:0,registerWithEmail
FNDA:0,(anonymous_19)
FNDA:0,registerWithWallet
FNDA:0,(anonymous_21)
FNDA:0,login
FNDA:0,(anonymous_23)
FNDA:0,(anonymous_24)
FNDA:0,refreshSession
FNDA:0,(anonymous_26)
FNDA:0,(anonymous_27)
FNDA:0,logoutUser
FNDA:2,logoutAllUserSessions
FNDA:2,logoutByRefreshToken
FNDA:1,(anonymous_31)
FNDA:2,logoutCurrentSession
FNDA:3,(anonymous_33)
FNDA:3,(anonymous_34)
FNDA:1,(anonymous_35)
FNDA:0,getMe
FNDA:0,loginWithEmail
FNDA:0,(anonymous_38)
FNDA:0,(anonymous_39)
FNDA:0,logAuthAttempt
FNDA:2,getUserSessions
FNDA:3,(anonymous_42)
FNDA:0,revokeSession
FNDA:0,forgotPassword
FNDA:0,(anonymous_45)
FNDA:0,(anonymous_46)
FNDA:0,resetPassword
DA:7,2
DA:8,2
DA:13,2
DA:14,2
DA:26,2
DA:31,2
DA:32,2
DA:33,2
DA:35,2
DA:37,2
DA:38,0
DA:40,0
DA:46,0
DA:48,0
DA:53,0
DA:55,0
DA:65,2
DA:66,0
DA:69,0
DA:70,0
DA:73,0
DA:74,0
DA:77,0
DA:78,0
DA:82,0
DA:83,0
DA:86,0
DA:87,0
DA:91,0
DA:97,0
DA:98,0
DA:102,0
DA:106,0
DA:109,0
DA:124,0
DA:125,0
DA:131,0
DA:133,0
DA:138,0
DA:143,0
DA:144,0
DA:151,0
DA:161,0
DA:167,0
DA:175,0
DA:177,0
DA:178,0
DA:189,0
DA:190,0
DA:193,0
DA:195,0
DA:205,0
DA:206,0
DA:210,2
DA:211,0
DA:213,0
DA:218,0
DA:220,0
DA:224,0
DA:228,0
DA:238,0
DA:239,0
DA:242,0
DA:244,0
DA:257,2
DA:261,0
DA:264,0
DA:267,0
DA:273,0
DA:274,0
DA:278,0
DA:284,0
DA:285,0
DA:289,0
DA:292,0
DA:308,0
DA:309,0
DA:315,0
DA:317,0
DA:322,0
DA:327,0
DA:328,0
DA:364,0
DA:374,0
DA:380,0
DA:388,0
DA:399,0
DA:400,0
DA:403,0
DA:405,0
DA:415,0
DA:416,0
DA:427,2
DA:440,0
DA:443,0
DA:448,0
DA:452,0
DA:456,0
DA:462,0
DA:463,0
DA:467,0
DA:473,0
DA:474,0
DA:478,0
DA:484,0
DA:485,0
DA:489,0
DA:492,0
DA:509,0
DA:510,0
DA:516,0
DA:518,0
DA:550,0
DA:560,0
DA:566,0
DA:574,0
DA:585,0
DA:586,0
DA:589,0
DA:591,0
DA:601,0
DA:602,0
DA:606,2
DA:607,0
DA:609,0
DA:615,0
DA:634,0
DA:640,0
DA:644,0
DA:646,0
DA:650,0
DA:653,0
DA:664,0
DA:665,0
DA:668,0
DA:670,0
DA:676,2
DA:678,0
DA:679,0
DA:682,0
DA:688,0
DA:689,0
DA:693,0
DA:697,0
DA:699,0
DA:703,0
DA:707,0
DA:708,0
DA:711,0
DA:725,0
DA:726,0
DA:731,0
DA:739,0
DA:742,0
DA:746,0
DA:749,2
DA:751,0
DA:752,0
DA:756,0
DA:765,0
DA:766,0
DA:769,0
DA:772,2
DA:773,2
DA:783,2
DA:784,1
DA:787,1
DA:790,2
DA:791,2
DA:793,2
DA:800,2
DA:801,0
DA:807,2
DA:810,1
DA:811,1
DA:812,0
DA:813,0
DA:815,0
DA:816,0
DA:817,0
DA:821,0
DA:824,0
DA:825,0
DA:826,0
DA:829,0
DA:830,0
DA:831,0
DA:833,0
DA:836,0
DA:838,0
DA:842,0
DA:843,0
DA:844,0
DA:845,0
DA:847,0
DA:850,0
DA:853,0
DA:855,0
DA:856,0
DA:858,0
DA:861,1
DA:864,2
DA:865,2
DA:868,0
DA:877,0
DA:878,0
DA:884,0
DA:887,2
DA:892,2
DA:901,2
DA:902,0
DA:905,2
DA:906,3
DA:907,3
DA:908,0
DA:909,0
DA:911,0
DA:914,3
DA:918,2
DA:920,3
DA:921,3
DA:925,1
DA:927,2
DA:928,1
DA:931,1
DA:940,1
DA:941,0
DA:947,1
DA:950,2
DA:951,0
DA:957,0
DA:959,0
DA:961,0
DA:970,2
DA:974,0
DA:977,0
DA:987,0
DA:993,0
DA:994,0
DA:1002,0
DA:1006,0
DA:1007,0
DA:1015,0
DA:1021,0
DA:1022,0
DA:1023,0
DA:1031,0
DA:1035,0
DA:1036,0
DA:1044,0
DA:1050,0
DA:1056,0
DA:1060,0
DA:1062,0
DA:1066,0
DA:1070,0
DA:1073,0
DA:1074,0
DA:1086,0
DA:1087,0
DA:1088,0
DA:1092,0
DA:1101,0
DA:1103,0
DA:1121,0
DA:1122,0
DA:1129,0
DA:1139,0
DA:1148,2
DA:1154,2
DA:1162,2
DA:1163,0
DA:1168,2
DA:1170,3
DA:1173,3
DA:1174,3
DA:1175,0
DA:1176,0
DA:1178,0
DA:1180,3
DA:1181,1
DA:1186,3
DA:1192,1
DA:1195,3
DA:1215,2
DA:1219,2
DA:1227,2
DA:1233,0
DA:1234,0
DA:1241,0
DA:1248,0
DA:1249,0
DA:1250,0
DA:1252,0
DA:1255,0
DA:1256,0
DA:1260,0
DA:1261,0
DA:1268,0
DA:1276,0
DA:1277,0
DA:1280,0
DA:1290,2
DA:1292,0
DA:1293,0
DA:1294,0
DA:1298,0
DA:1306,0
DA:1308,0
DA:1318,0
DA:1325,0
DA:1327,0
DA:1337,0
DA:1344,0
DA:1345,0
DA:1346,0
DA:1349,0
DA:1357,0
DA:1358,0
DA:1362,0
DA:1363,0
DA:1364,0
DA:1367,0
DA:1373,0
DA:1382,0
DA:1396,2
DA:1402,0
DA:1403,0
DA:1406,0
DA:1407,0
DA:1410,0
DA:1411,0
DA:1415,0
DA:1421,0
DA:1422,0
DA:1430,0
DA:1434,0
DA:1435,0
DA:1438,0
DA:1439,0
DA:1441,0
DA:1449,0
DA:1458,0
DA:1465,0
DA:1468,0
DA:1477,0
DA:1478,0
DA:1482,0
DA:1491,0
LF:349
LH:67
BRDA:46,0,0,0
BRDA:46,0,1,0
BRDA:46,1,0,0
BRDA:46,1,1,0
BRDA:53,2,0,0
BRDA:53,2,1,0
BRDA:73,3,0,0
BRDA:73,3,1,0
BRDA:73,4,0,0
BRDA:73,4,1,0
BRDA:77,5,0,0
BRDA:77,5,1,0
BRDA:82,6,0,0
BRDA:82,6,1,0
BRDA:82,7,0,0
BRDA:82,7,1,0
BRDA:86,8,0,0
BRDA:86,8,1,0
BRDA:97,9,0,0
BRDA:97,9,1,0
BRDA:124,10,0,0
BRDA:124,10,1,0
BRDA:124,11,0,0
BRDA:124,11,1,0
BRDA:126,12,0,0
BRDA:126,12,1,0
BRDA:143,13,0,0
BRDA:143,13,1,0
BRDA:155,14,0,0
BRDA:155,14,1,0
BRDA:156,15,0,0
BRDA:156,15,1,0
BRDA:189,16,0,0
BRDA:189,16,1,0
BRDA:216,17,0,0
BRDA:216,17,1,0
BRDA:218,18,0,0
BRDA:218,18,1,0
BRDA:223,19,0,0
BRDA:223,19,1,0
BRDA:224,20,0,0
BRDA:224,20,1,0
BRDA:238,21,0,0
BRDA:238,21,1,0
BRDA:273,22,0,0
BRDA:273,22,1,0
BRDA:284,23,0,0
BRDA:284,23,1,0
BRDA:299,24,0,0
BRDA:299,24,1,0
BRDA:300,25,0,0
BRDA:300,25,1,0
BRDA:301,26,0,0
BRDA:301,26,1,0
BRDA:308,27,0,0
BRDA:308,27,1,0
BRDA:308,28,0,0
BRDA:308,28,1,0
BRDA:310,29,0,0
BRDA:310,29,1,0
BRDA:327,30,0,0
BRDA:327,30,1,0
BRDA:368,31,0,0
BRDA:368,31,1,0
BRDA:369,32,0,0
BRDA:369,32,1,0
BRDA:399,33,0,0
BRDA:399,33,1,0
BRDA:462,34,0,0
BRDA:462,34,1,0
BRDA:473,35,0,0
BRDA:473,35,1,0
BRDA:484,36,0,0
BRDA:484,36,1,0
BRDA:500,37,0,0
BRDA:500,37,1,0
BRDA:501,38,0,0
BRDA:501,38,1,0
BRDA:502,39,0,0
BRDA:502,39,1,0
BRDA:509,40,0,0
BRDA:509,40,1,0
BRDA:509,41,0,0
BRDA:509,41,1,0
BRDA:511,42,0,0
BRDA:511,42,1,0
BRDA:554,43,0,0
BRDA:554,43,1,0
BRDA:555,44,0,0
BRDA:555,44,1,0
BRDA:585,45,0,0
BRDA:585,45,1,0
BRDA:615,46,0,0
BRDA:615,46,1,0
BRDA:615,47,0,0
BRDA:615,47,1,0
BRDA:642,48,0,0
BRDA:642,48,1,0
BRDA:643,49,0,0
BRDA:643,49,1,0
BRDA:644,50,0,0
BRDA:644,50,1,0
BRDA:648,51,0,0
BRDA:648,51,1,0
BRDA:649,52,0,0
BRDA:649,52,1,0
BRDA:650,53,0,0
BRDA:650,53,1,0
BRDA:660,54,0,0
BRDA:660,54,1,0
BRDA:664,55,0,0
BRDA:664,55,1,0
BRDA:678,56,0,0
BRDA:678,56,1,0
BRDA:678,57,0,0
BRDA:678,57,1,0
BRDA:688,58,0,0
BRDA:688,58,1,0
BRDA:688,59,0,0
BRDA:688,59,1,0
BRDA:695,60,0,0
BRDA:695,60,1,0
BRDA:696,61,0,0
BRDA:696,61,1,0
BRDA:697,62,0,0
BRDA:697,62,1,0
BRDA:701,63,0,0
BRDA:701,63,1,0
BRDA:702,64,0,0
BRDA:702,64,1,0
BRDA:703,65,0,0
BRDA:703,65,1,0
BRDA:725,66,0,0
BRDA:725,66,1,0
BRDA:725,67,0,0
BRDA:725,67,1,0
BRDA:739,68,0,0
BRDA:739,68,1,0
BRDA:751,69,0,0
BRDA:751,69,1,0
BRDA:751,70,0,0
BRDA:751,70,1,0
BRDA:765,71,0,0
BRDA:765,71,1,0
BRDA:783,72,0,1
BRDA:783,72,1,1
BRDA:800,73,0,0
BRDA:800,73,1,2
BRDA:810,74,0,1
BRDA:810,74,1,0
BRDA:812,75,0,0
BRDA:812,75,1,0
BRDA:815,76,0,0
BRDA:815,76,1,0
BRDA:817,77,0,0
BRDA:817,77,1,0
BRDA:818,78,0,0
BRDA:818,78,1,0
BRDA:824,79,0,0
BRDA:824,79,1,0
BRDA:830,80,0,0
BRDA:830,80,1,0
BRDA:830,81,0,0
BRDA:830,81,1,0
BRDA:838,82,0,0
BRDA:838,82,1,0
BRDA:839,83,0,0
BRDA:839,83,1,0
BRDA:844,84,0,0
BRDA:844,84,1,0
BRDA:844,85,0,0
BRDA:844,85,1,0
BRDA:855,86,0,0
BRDA:855,86,1,0
BRDA:855,87,0,0
BRDA:855,87,1,0
BRDA:864,88,0,2
BRDA:864,88,1,0
BRDA:877,89,0,0
BRDA:877,89,1,0
BRDA:901,90,0,0
BRDA:901,90,1,2
BRDA:906,91,0,0
BRDA:906,91,1,3
BRDA:907,92,0,0
BRDA:907,92,1,3
BRDA:918,93,0,2
BRDA:918,93,1,0
BRDA:922,94,0,3
BRDA:922,94,1,1
BRDA:927,95,0,1
BRDA:927,95,1,1
BRDA:940,96,0,0
BRDA:940,96,1,1
BRDA:957,97,0,0
BRDA:957,97,1,0
BRDA:957,98,0,0
BRDA:957,98,1,0
BRDA:981,99,0,0
BRDA:981,99,1,0
BRDA:982,100,0,0
BRDA:982,100,1,0
BRDA:993,101,0,0
BRDA:993,101,1,0
BRDA:993,102,0,0
BRDA:993,102,1,0
BRDA:998,103,0,0
BRDA:998,103,1,0
BRDA:999,104,0,0
BRDA:999,104,1,0
BRDA:1006,105,0,0
BRDA:1006,105,1,0
BRDA:1011,106,0,0
BRDA:1011,106,1,0
BRDA:1012,107,0,0
BRDA:1012,107,1,0
BRDA:1022,108,0,0
BRDA:1022,108,1,0
BRDA:1027,109,0,0
BRDA:1027,109,1,0
BRDA:1028,110,0,0
BRDA:1028,110,1,0
BRDA:1035,111,0,0
BRDA:1035,111,1,0
BRDA:1040,112,0,0
BRDA:1040,112,1,0
BRDA:1041,113,0,0
BRDA:1041,113,1,0
BRDA:1058,114,0,0
BRDA:1058,114,1,0
BRDA:1059,115,0,0
BRDA:1059,115,1,0
BRDA:1060,116,0,0
BRDA:1060,116,1,0
BRDA:1064,117,0,0
BRDA:1064,117,1,0
BRDA:1065,118,0,0
BRDA:1065,118,1,0
BRDA:1066,119,0,0
BRDA:1066,119,1,0
BRDA:1086,120,0,0
BRDA:1086,120,1,0
BRDA:1096,121,0,0
BRDA:1096,121,1,0
BRDA:1097,122,0,0
BRDA:1097,122,1,0
BRDA:1162,123,0,0
BRDA:1162,123,1,2
BRDA:1168,124,0,2
BRDA:1168,124,1,0
BRDA:1174,125,0,0
BRDA:1174,125,1,3
BRDA:1180,126,0,1
BRDA:1180,126,1,2
BRDA:1186,127,0,1
BRDA:1186,127,1,2
BRDA:1187,128,0,3
BRDA:1187,128,1,3
BRDA:1187,128,2,3
BRDA:1187,128,3,1
BRDA:1198,129,0,3
BRDA:1198,129,1,1
BRDA:1199,130,0,3
BRDA:1199,130,1,1
BRDA:1200,131,0,3
BRDA:1200,131,1,1
BRDA:1202,132,0,2
BRDA:1202,132,1,1
BRDA:1209,133,0,3
BRDA:1209,133,1,3
BRDA:1233,134,0,0
BRDA:1233,134,1,0
BRDA:1233,135,0,0
BRDA:1233,135,1,0
BRDA:1248,136,0,0
BRDA:1248,136,1,0
BRDA:1249,137,0,0
BRDA:1249,137,1,0
BRDA:1255,138,0,0
BRDA:1255,138,1,0
BRDA:1260,139,0,0
BRDA:1260,139,1,0
BRDA:1276,140,0,0
BRDA:1276,140,1,0
BRDA:1293,141,0,0
BRDA:1293,141,1,0
BRDA:1293,142,0,0
BRDA:1293,142,1,0
BRDA:1306,143,0,0
BRDA:1306,143,1,0
BRDA:1306,144,0,0
BRDA:1306,144,1,0
BRDA:1312,145,0,0
BRDA:1312,145,1,0
BRDA:1313,146,0,0
BRDA:1313,146,1,0
BRDA:1325,147,0,0
BRDA:1325,147,1,0
BRDA:1331,148,0,0
BRDA:1331,148,1,0
BRDA:1332,149,0,0
BRDA:1332,149,1,0
BRDA:1357,150,0,0
BRDA:1357,150,1,0
BRDA:1377,151,0,0
BRDA:1377,151,1,0
BRDA:1378,152,0,0
BRDA:1378,152,1,0
BRDA:1402,153,0,0
BRDA:1402,153,1,0
BRDA:1402,154,0,0
BRDA:1402,154,1,0
BRDA:1406,155,0,0
BRDA:1406,155,1,0
BRDA:1406,156,0,0
BRDA:1406,156,1,0
BRDA:1410,157,0,0
BRDA:1410,157,1,0
BRDA:1421,158,0,0
BRDA:1421,158,1,0
BRDA:1421,159,0,0
BRDA:1421,159,1,0
BRDA:1426,160,0,0
BRDA:1426,160,1,0
BRDA:1427,161,0,0
BRDA:1427,161,1,0
BRDA:1434,162,0,0
BRDA:1434,162,1,0
BRDA:1439,163,0,0
BRDA:1439,163,1,0
BRDA:1453,164,0,0
BRDA:1453,164,1,0
BRDA:1454,165,0,0
BRDA:1454,165,1,0
BRDA:1477,166,0,0
BRDA:1477,166,1,0
BRDA:1486,167,0,0
BRDA:1486,167,1,0
BRDA:1487,168,0,0
BRDA:1487,168,1,0
BRF:340
BRH:35
end_of_record
TN:
SF:src\services\balance.service.ts
FN:39,(anonymous_0)
FN:113,(anonymous_1)
FN:211,(anonymous_2)
FN:256,(anonymous_3)
FN:291,(anonymous_4)
FN:383,(anonymous_5)
FN:529,(anonymous_6)
FN:625,(anonymous_7)
FNF:8
FNH:8
FNDA:4,(anonymous_0)
FNDA:23,(anonymous_1)
FNDA:10,(anonymous_2)
FNDA:7,(anonymous_3)
FNDA:40,(anonymous_4)
FNDA:27,(anonymous_5)
FNDA:43,(anonymous_6)
FNDA:43,(anonymous_7)
DA:5,5
DA:6,5
DA:13,5
DA:14,5
DA:27,5
DA:29,5
DA:46,4
DA:48,4
DA:49,4
DA:54,4
DA:55,1
DA:58,3
DA:59,1
DA:62,2
DA:63,0
DA:66,2
DA:67,0
DA:73,2
DA:82,2
DA:83,1
DA:84,1
DA:87,1
DA:88,0
DA:91,1
DA:93,1
DA:96,3
DA:97,3
DA:99,0
DA:120,23
DA:122,23
DA:123,23
DA:128,23
DA:129,1
DA:132,22
DA:133,1
DA:136,21
DA:137,1
DA:140,20
DA:141,2
DA:144,18
DA:145,1
DA:148,17
DA:149,2
DA:155,15
DA:165,15
DA:166,5
DA:169,5
DA:170,3
DA:176,2
DA:179,10
DA:180,1
DA:184,9
DA:185,1
DA:188,8
DA:192,8
DA:198,15
DA:199,15
DA:201,0
DA:220,10
DA:222,10
DA:223,10
DA:228,10
DA:229,1
DA:232,9
DA:233,1
DA:237,8
DA:243,8
DA:244,1
DA:248,8
DA:250,8
DA:251,1
DA:252,1
DA:256,7
DA:257,7
DA:258,7
DA:259,7
DA:261,7
DA:269,7
DA:271,7
DA:274,3
DA:275,3
DA:277,0
DA:298,40
DA:300,40
DA:301,40
DA:306,40
DA:307,2
DA:310,38
DA:311,4
DA:314,34
DA:315,2
DA:318,32
DA:319,2
DA:325,30
DA:334,29
DA:335,9
DA:338,9
DA:342,6
DA:353,3
DA:356,20
DA:357,2
DA:360,18
DA:362,18
DA:365,22
DA:371,21
DA:373,1
DA:387,27
DA:389,27
DA:390,27
DA:395,27
DA:396,1
DA:400,26
DA:401,1
DA:405,25
DA:406,1
DA:410,24
DA:411,3
DA:412,3
DA:414,3
DA:415,0
DA:418,3
DA:419,0
DA:422,3
DA:423,1
DA:425,21
DA:426,1
DA:427,1
DA:428,1
DA:430,20
DA:431,1
DA:432,1
DA:433,1
DA:438,21
DA:439,21
DA:441,21
DA:442,1
DA:445,20
DA:446,2
DA:450,18
DA:456,18
DA:457,4
DA:460,18
DA:461,8
DA:464,18
DA:465,2
DA:468,18
DA:470,2
DA:471,2
DA:472,2
DA:476,18
DA:479,18
DA:480,18
DA:483,18
DA:485,18
DA:486,1
DA:487,1
DA:490,17
DA:491,17
DA:493,17
DA:497,17
DA:508,10
DA:513,10
DA:515,0
DA:536,43
DA:538,43
DA:539,43
DA:544,43
DA:545,2
DA:548,41
DA:549,4
DA:552,37
DA:553,2
DA:556,35
DA:557,3
DA:563,32
DA:572,30
DA:573,8
DA:576,8
DA:580,6
DA:591,2
DA:594,22
DA:595,2
DA:598,20
DA:600,20
DA:603,23
DA:609,21
DA:611,2
DA:632,43
DA:634,43
DA:635,43
DA:640,43
DA:641,2
DA:644,41
DA:645,4
DA:648,37
DA:649,2
DA:652,35
DA:653,3
DA:659,32
DA:668,30
DA:669,8
DA:672,8
DA:676,6
DA:682,2
DA:685,22
DA:686,2
DA:689,20
DA:691,20
DA:694,23
DA:700,21
DA:702,2
DA:707,5
LF:212
LH:203
BRDA:54,0,0,1
BRDA:54,0,1,3
BRDA:58,1,0,1
BRDA:58,1,1,2
BRDA:62,2,0,0
BRDA:62,2,1,2
BRDA:66,3,0,0
BRDA:66,3,1,2
BRDA:66,4,0,2
BRDA:66,4,1,2
BRDA:79,5,0,2
BRDA:79,5,1,1
BRDA:82,6,0,1
BRDA:82,6,1,1
BRDA:87,7,0,0
BRDA:87,7,1,1
BRDA:96,8,0,3
BRDA:96,8,1,0
BRDA:96,9,0,3
BRDA:96,9,1,2
BRDA:96,9,2,1
BRDA:128,10,0,1
BRDA:128,10,1,22
BRDA:132,11,0,1
BRDA:132,11,1,21
BRDA:136,12,0,1
BRDA:136,12,1,20
BRDA:140,13,0,2
BRDA:140,13,1,18
BRDA:144,14,0,1
BRDA:144,14,1,17
BRDA:148,15,0,2
BRDA:148,15,1,15
BRDA:148,16,0,17
BRDA:148,16,1,16
BRDA:165,17,0,5
BRDA:165,17,1,10
BRDA:169,18,0,3
BRDA:169,18,1,2
BRDA:169,19,0,5
BRDA:169,19,1,5
BRDA:179,20,0,1
BRDA:179,20,1,9
BRDA:184,21,0,1
BRDA:184,21,1,8
BRDA:184,22,0,9
BRDA:184,22,1,8
BRDA:198,23,0,15
BRDA:198,23,1,0
BRDA:198,24,0,15
BRDA:198,24,1,9
BRDA:198,24,2,7
BRDA:198,24,3,3
BRDA:224,25,0,10
BRDA:224,25,1,8
BRDA:228,26,0,1
BRDA:228,26,1,9
BRDA:232,27,0,1
BRDA:232,27,1,8
BRDA:232,28,0,9
BRDA:232,28,1,2
BRDA:243,29,0,1
BRDA:243,29,1,7
BRDA:250,30,0,1
BRDA:250,30,1,7
BRDA:256,31,0,7
BRDA:256,31,1,0
BRDA:257,32,0,7
BRDA:257,32,1,2
BRDA:258,33,0,7
BRDA:258,33,1,3
BRDA:274,34,0,3
BRDA:274,34,1,0
BRDA:274,35,0,3
BRDA:274,35,1,2
BRDA:274,35,2,1
BRDA:306,36,0,2
BRDA:306,36,1,38
BRDA:310,37,0,4
BRDA:310,37,1,34
BRDA:314,38,0,2
BRDA:314,38,1,32
BRDA:318,39,0,2
BRDA:318,39,1,30
BRDA:318,40,0,32
BRDA:318,40,1,31
BRDA:331,41,0,30
BRDA:331,41,1,25
BRDA:334,42,0,9
BRDA:334,42,1,20
BRDA:338,43,0,6
BRDA:338,43,1,3
BRDA:338,44,0,9
BRDA:338,44,1,9
BRDA:338,44,2,3
BRDA:356,45,0,2
BRDA:356,45,1,18
BRDA:365,46,0,21
BRDA:365,46,1,1
BRDA:366,47,0,22
BRDA:366,47,1,14
BRDA:366,47,2,12
BRDA:366,47,3,7
BRDA:395,48,0,1
BRDA:395,48,1,26
BRDA:400,49,0,1
BRDA:400,49,1,25
BRDA:400,50,0,26
BRDA:400,50,1,5
BRDA:405,51,0,1
BRDA:405,51,1,24
BRDA:405,52,0,25
BRDA:405,52,1,9
BRDA:410,53,0,3
BRDA:410,53,1,21
BRDA:410,54,0,24
BRDA:410,54,1,4
BRDA:414,55,0,0
BRDA:414,55,1,3
BRDA:418,56,0,0
BRDA:418,56,1,3
BRDA:422,57,0,1
BRDA:422,57,1,2
BRDA:425,58,0,1
BRDA:425,58,1,20
BRDA:427,59,0,1
BRDA:427,59,1,0
BRDA:430,60,0,1
BRDA:430,60,1,19
BRDA:432,61,0,1
BRDA:432,61,1,0
BRDA:438,62,0,10
BRDA:438,62,1,11
BRDA:439,63,0,11
BRDA:439,63,1,10
BRDA:441,64,0,1
BRDA:441,64,1,20
BRDA:445,65,0,2
BRDA:445,65,1,18
BRDA:445,66,0,20
BRDA:445,66,1,19
BRDA:456,67,0,4
BRDA:456,67,1,14
BRDA:460,68,0,8
BRDA:460,68,1,10
BRDA:464,69,0,2
BRDA:464,69,1,16
BRDA:468,70,0,2
BRDA:468,70,1,16
BRDA:485,71,0,1
BRDA:485,71,1,17
BRDA:490,72,0,17
BRDA:490,72,1,11
BRDA:494,73,0,17
BRDA:494,73,1,10
BRDA:498,74,0,17
BRDA:498,74,1,0
BRDA:508,75,0,10
BRDA:508,75,1,0
BRDA:509,76,0,10
BRDA:509,76,1,2
BRDA:509,76,2,1
BRDA:544,77,0,2
BRDA:544,77,1,41
BRDA:548,78,0,4
BRDA:548,78,1,37
BRDA:552,79,0,2
BRDA:552,79,1,35
BRDA:556,80,0,3
BRDA:556,80,1,32
BRDA:556,81,0,35
BRDA:556,81,1,33
BRDA:569,82,0,32
BRDA:569,82,1,28
BRDA:572,83,0,8
BRDA:572,83,1,22
BRDA:576,84,0,6
BRDA:576,84,1,2
BRDA:576,85,0,8
BRDA:576,85,1,8
BRDA:576,85,2,2
BRDA:594,86,0,2
BRDA:594,86,1,20
BRDA:603,87,0,21
BRDA:603,87,1,2
BRDA:604,88,0,23
BRDA:604,88,1,14
BRDA:604,88,2,12
BRDA:604,88,3,8
BRDA:640,89,0,2
BRDA:640,89,1,41
BRDA:644,90,0,4
BRDA:644,90,1,37
BRDA:648,91,0,2
BRDA:648,91,1,35
BRDA:652,92,0,3
BRDA:652,92,1,32
BRDA:652,93,0,35
BRDA:652,93,1,33
BRDA:665,94,0,32
BRDA:665,94,1,28
BRDA:668,95,0,8
BRDA:668,95,1,22
BRDA:672,96,0,6
BRDA:672,96,1,2
BRDA:672,97,0,8
BRDA:672,97,1,8
BRDA:672,97,2,2
BRDA:685,98,0,2
BRDA:685,98,1,20
BRDA:694,99,0,21
BRDA:694,99,1,2
BRDA:695,100,0,23
BRDA:695,100,1,14
BRDA:695,100,2,12
BRDA:695,100,3,8
BRF:216
BRH:203
end_of_record
TN:
SF:src\services\contract.service.ts
FN:11,(anonymous_0)
FN:97,(anonymous_1)
FN:172,(anonymous_2)
FN:263,(anonymous_3)
FN:306,(anonymous_4)
FN:343,(anonymous_5)
FN:381,(anonymous_6)
FNF:7
FNH:0
FNDA:0,(anonymous_0)
FNDA:0,(anonymous_1)
FNDA:0,(anonymous_2)
FNDA:0,(anonymous_3)
FNDA:0,(anonymous_4)
FNDA:0,(anonymous_5)
FNDA:0,(anonymous_6)
DA:1,0
DA:8,0
DA:9,0
DA:20,0
DA:23,0
DA:24,0
DA:27,0
DA:28,0
DA:33,0
DA:34,0
DA:37,0
DA:38,0
DA:41,0
DA:42,0
DA:46,0
DA:51,0
DA:52,0
DA:56,0
DA:57,0
DA:61,0
DA:90,0
DA:91,0
DA:94,0
DA:99,0
DA:100,0
DA:103,0
DA:134,0
DA:135,0
DA:139,0
DA:142,0
DA:146,0
DA:178,0
DA:179,0
DA:183,0
DA:189,0
DA:190,0
DA:194,0
DA:195,0
DA:196,0
DA:203,0
DA:204,0
DA:206,0
DA:207,0
DA:213,0
DA:214,0
DA:215,0
DA:218,0
DA:219,0
DA:222,0
DA:227,0
DA:233,0
DA:255,0
DA:256,0
DA:259,0
DA:265,0
DA:266,0
DA:269,0
DA:300,0
DA:301,0
DA:306,0
DA:307,0
DA:310,0
DA:314,0
DA:340,0
DA:344,0
DA:375,0
DA:376,0
DA:381,0
DA:382,0
DA:385,0
DA:389,0
DA:415,0
DA:419,0
LF:73
LH:0
BRDA:23,0,0,0
BRDA:23,0,1,0
BRDA:23,1,0,0
BRDA:23,1,1,0
BRDA:27,2,0,0
BRDA:27,2,1,0
BRDA:27,3,0,0
BRDA:27,3,1,0
BRDA:33,4,0,0
BRDA:33,4,1,0
BRDA:33,5,0,0
BRDA:33,5,1,0
BRDA:37,6,0,0
BRDA:37,6,1,0
BRDA:37,7,0,0
BRDA:37,7,1,0
BRDA:41,8,0,0
BRDA:41,8,1,0
BRDA:41,9,0,0
BRDA:41,9,1,0
BRDA:51,10,0,0
BRDA:51,10,1,0
BRDA:51,11,0,0
BRDA:51,11,1,0
BRDA:51,11,2,0
BRDA:56,12,0,0
BRDA:56,12,1,0
BRDA:90,13,0,0
BRDA:90,13,1,0
BRDA:99,14,0,0
BRDA:99,14,1,0
BRDA:134,15,0,0
BRDA:134,15,1,0
BRDA:134,16,0,0
BRDA:134,16,1,0
BRDA:139,17,0,0
BRDA:139,17,1,0
BRDA:142,18,0,0
BRDA:142,18,1,0
BRDA:178,19,0,0
BRDA:178,19,1,0
BRDA:189,20,0,0
BRDA:189,20,1,0
BRDA:189,21,0,0
BRDA:189,21,1,0
BRDA:195,22,0,0
BRDA:195,22,1,0
BRDA:204,23,0,0
BRDA:204,23,1,0
BRDA:206,24,0,0
BRDA:206,24,1,0
BRDA:213,25,0,0
BRDA:213,25,1,0
BRDA:214,26,0,0
BRDA:214,26,1,0
BRDA:214,27,0,0
BRDA:214,27,1,0
BRDA:218,28,0,0
BRDA:218,28,1,0
BRDA:218,29,0,0
BRDA:218,29,1,0
BRDA:222,30,0,0
BRDA:222,30,1,0
BRDA:223,31,0,0
BRDA:223,31,1,0
BRDA:223,31,2,0
BRDA:255,32,0,0
BRDA:255,32,1,0
BRDA:265,33,0,0
BRDA:265,33,1,0
BRDA:300,34,0,0
BRDA:300,34,1,0
BRDA:306,35,0,0
BRDA:306,35,1,0
BRDA:307,36,0,0
BRDA:307,36,1,0
BRDA:310,37,0,0
BRDA:310,37,1,0
BRDA:375,38,0,0
BRDA:375,38,1,0
BRDA:381,39,0,0
BRDA:381,39,1,0
BRDA:382,40,0,0
BRDA:382,40,1,0
BRDA:385,41,0,0
BRDA:385,41,1,0
BRF:86
BRH:0
end_of_record
TN:
SF:src\services\email.service.ts
FN:48,createTransporter
FN:90,sendEmail
FN:132,sendPasswordResetEmail
FN:184,sendAccountDeletionEmail
FNF:4
FNH:0
FNDA:0,createTransporter
FNDA:0,sendEmail
FNDA:0,sendPasswordResetEmail
FNDA:0,sendAccountDeletionEmail
DA:10,0
DA:14,0
DA:15,0
DA:17,0
DA:18,0
DA:49,0
DA:50,0
DA:59,0
DA:60,0
DA:61,0
DA:63,0
DA:65,0
DA:75,0
DA:82,0
DA:90,0
DA:91,0
DA:93,0
DA:94,0
DA:99,0
DA:102,0
DA:105,0
DA:107,0
DA:115,0
DA:117,0
DA:118,0
DA:132,0
DA:137,0
DA:138,0
DA:140,0
DA:173,0
DA:184,0
DA:185,0
DA:186,0
DA:188,0
DA:227,0
LF:35
LH:0
BRDA:49,0,0,0
BRDA:49,0,1,0
BRDA:63,1,0,0
BRDA:63,1,1,0
BRDA:63,2,0,0
BRDA:63,2,1,0
BRDA:63,2,2,0
BRDA:76,3,0,0
BRDA:76,3,1,0
BRDA:77,4,0,0
BRDA:77,4,1,0
BRDA:79,5,0,0
BRDA:79,5,1,0
BRDA:79,6,0,0
BRDA:79,6,1,0
BRDA:93,7,0,0
BRDA:93,7,1,0
BRDA:93,8,0,0
BRDA:93,8,1,0
BRDA:105,9,0,0
BRDA:105,9,1,0
BRDA:112,10,0,0
BRDA:112,10,1,0
BRDA:119,11,0,0
BRDA:119,11,1,0
BRDA:137,12,0,0
BRDA:137,12,1,0
BRDA:138,13,0,0
BRDA:138,13,1,0
BRDA:185,14,0,0
BRDA:185,14,1,0
BRDA:186,15,0,0
BRDA:186,15,1,0
BRF:33
BRH:0
end_of_record
TN:
SF:src\services\escrow.service.ts
FN:22,(anonymous_0)
FN:65,(anonymous_1)
FN:82,(anonymous_2)
FN:97,(anonymous_3)
FN:108,(anonymous_4)
FN:132,(anonymous_5)
FNF:6
FNH:0
FNDA:0,(anonymous_0)
FNDA:0,(anonymous_1)
FNDA:0,(anonymous_2)
FNDA:0,(anonymous_3)
FNDA:0,(anonymous_4)
FNDA:0,(anonymous_5)
DA:1,0
DA:7,0
DA:8,0
DA:9,0
DA:15,0
DA:24,0
DA:25,0
DA:26,0
DA:29,0
DA:30,0
DA:32,0
DA:38,0
DA:39,0
DA:41,0
DA:47,0
DA:48,0
DA:49,0
DA:51,0
DA:54,0
DA:55,0
DA:57,0
DA:58,0
DA:66,0
DA:67,0
DA:69,0
DA:83,0
DA:84,0
DA:85,0
DA:86,0
DA:90,0
DA:98,0
DA:114,0
DA:116,0
DA:117,0
DA:118,0
DA:121,0
DA:124,0
DA:127,0
DA:134,0
DA:135,0
DA:142,0
DA:152,0
DA:155,0
DA:159,0
DA:160,0
DA:165,0
DA:166,0
DA:169,0
DA:172,0
DA:175,0
DA:176,0
DA:189,0
DA:198,0
LF:53
LH:0
BRDA:24,0,0,0
BRDA:24,0,1,0
BRDA:25,1,0,0
BRDA:25,1,1,0
BRDA:26,2,0,0
BRDA:26,2,1,0
BRDA:29,3,0,0
BRDA:29,3,1,0
BRDA:32,4,0,0
BRDA:32,4,1,0
BRDA:38,5,0,0
BRDA:38,5,1,0
BRDA:41,6,0,0
BRDA:41,6,1,0
BRDA:48,7,0,0
BRDA:48,7,1,0
BRDA:54,8,0,0
BRDA:54,8,1,0
BRDA:57,9,0,0
BRDA:57,9,1,0
BRDA:71,10,0,0
BRDA:71,10,1,0
BRDA:159,11,0,0
BRDA:159,11,1,0
BRDA:165,12,0,0
BRDA:165,12,1,0
BRDA:175,13,0,0
BRDA:175,13,1,0
BRF:28
BRH:0
end_of_record
TN:
SF:src\services\profile.service.ts
FN:16,(anonymous_0)
FN:84,(anonymous_1)
FN:125,(anonymous_2)
FNF:3
FNH:3
FNDA:3,(anonymous_0)
FNDA:13,(anonymous_1)
FNDA:7,(anonymous_2)
DA:6,2
DA:7,2
DA:18,3
DA:24,3
DA:25,1
DA:28,2
DA:29,0
DA:36,2
DA:52,2
DA:53,0
DA:59,2
DA:60,0
DA:64,2
DA:85,13
DA:91,13
DA:93,4
DA:94,2
DA:96,2
DA:99,9
DA:100,1
DA:104,8
DA:127,7
DA:128,7
DA:129,1
DA:133,6
DA:134,2
DA:138,4
DA:140,4
DA:141,1
DA:144,4
DA:145,3
DA:148,4
DA:149,0
DA:152,4
DA:153,0
DA:156,4
DA:157,1
DA:160,4
DA:161,0
DA:164,4
DA:165,1
DA:169,4
DA:176,4
DA:177,1
DA:180,3
DA:181,0
DA:185,3
DA:201,2
LF:48
LH:41
BRDA:24,0,0,1
BRDA:24,0,1,2
BRDA:28,1,0,0
BRDA:28,1,1,2
BRDA:28,2,0,2
BRDA:28,2,1,2
BRDA:52,3,0,0
BRDA:52,3,1,2
BRDA:59,4,0,0
BRDA:59,4,1,2
BRDA:70,5,0,2
BRDA:70,5,1,0
BRDA:72,6,0,2
BRDA:72,6,1,0
BRDA:91,7,0,4
BRDA:91,7,1,9
BRDA:93,8,0,2
BRDA:93,8,1,2
BRDA:99,9,0,1
BRDA:99,9,1,8
BRDA:110,10,0,7
BRDA:110,10,1,1
BRDA:112,11,0,8
BRDA:112,11,1,0
BRDA:128,12,0,1
BRDA:128,12,1,6
BRDA:133,13,0,2
BRDA:133,13,1,4
BRDA:133,14,0,6
BRDA:133,14,1,5
BRDA:140,15,0,1
BRDA:140,15,1,3
BRDA:141,16,0,0
BRDA:141,16,1,1
BRDA:144,17,0,3
BRDA:144,17,1,1
BRDA:145,18,0,1
BRDA:145,18,1,2
BRDA:148,19,0,0
BRDA:148,19,1,4
BRDA:149,20,0,0
BRDA:149,20,1,0
BRDA:152,21,0,0
BRDA:152,21,1,4
BRDA:153,22,0,0
BRDA:153,22,1,0
BRDA:156,23,0,1
BRDA:156,23,1,3
BRDA:157,24,0,0
BRDA:157,24,1,1
BRDA:160,25,0,0
BRDA:160,25,1,4
BRDA:164,26,0,1
BRDA:164,26,1,3
BRDA:165,27,0,1
BRDA:165,27,1,0
BRDA:176,28,0,1
BRDA:176,28,1,3
BRDA:180,29,0,0
BRDA:180,29,1,3
BRDA:191,30,0,3
BRDA:191,30,1,0
BRDA:193,31,0,3
BRDA:193,31,1,0
BRF:64
BRH:45
end_of_record
TN:
SF:src\services\project.service.ts
FN:29,(anonymous_0)
FN:40,(anonymous_1)
FN:54,(anonymous_2)
FN:73,(anonymous_3)
FN:85,(anonymous_4)
FN:115,(anonymous_5)
FN:196,(anonymous_6)
FN:243,(anonymous_7)
FN:271,(anonymous_8)
FN:292,(anonymous_9)
FNF:10
FNH:2
FNDA:0,(anonymous_0)
FNDA:0,(anonymous_1)
FNDA:0,(anonymous_2)
FNDA:27,(anonymous_3)
FNDA:0,(anonymous_4)
FNDA:0,(anonymous_5)
FNDA:0,(anonymous_6)
FNDA:0,(anonymous_7)
FNDA:0,(anonymous_8)
FNDA:11,(anonymous_9)
DA:1,2
DA:3,2
DA:9,2
DA:10,2
DA:11,2
DA:15,2
DA:18,2
DA:23,2
DA:29,2
DA:30,0
DA:36,0
DA:37,0
DA:40,2
DA:41,0
DA:43,0
DA:44,0
DA:45,0
DA:46,0
DA:48,0
DA:50,0
DA:51,0
DA:54,2
DA:55,0
DA:61,0
DA:62,0
DA:73,2
DA:74,27
DA:75,10
DA:77,17
DA:78,17
DA:85,2
DA:87,0
DA:93,0
DA:94,0
DA:98,0
DA:105,0
DA:115,2
DA:121,0
DA:127,0
DA:128,0
DA:132,0
DA:133,0
DA:137,0
DA:138,0
DA:146,0
DA:147,0
DA:155,0
DA:156,0
DA:157,0
DA:158,0
DA:167,0
DA:168,0
DA:170,0
DA:171,0
DA:172,0
DA:177,0
DA:178,0
DA:182,0
DA:189,0
DA:190,0
DA:193,0
DA:196,2
DA:197,0
DA:203,0
DA:204,0
DA:207,0
DA:208,0
DA:211,0
DA:212,0
DA:219,0
DA:226,0
DA:227,0
DA:234,0
DA:245,0
DA:254,0
DA:256,0
DA:257,0
DA:259,0
DA:262,0
DA:263,0
DA:266,0
DA:271,0
DA:273,0
DA:292,2
DA:298,11
DA:304,11
DA:305,1
DA:309,10
DA:310,1
DA:318,9
DA:319,1
DA:323,8
DA:324,8
DA:325,1
DA:329,7
DA:330,1
DA:338,6
DA:339,1
DA:347,5
DA:348,5
DA:349,1
DA:356,4
DA:357,1
DA:365,3
DA:367,3
DA:375,2
DA:386,2
DA:388,1
DA:389,1
DA:396,1
DA:405,1
DA:408,1
DA:409,1
DA:416,0
DA:424,2
LF:115
LH:50
BRDA:36,0,0,0
BRDA:36,0,1,0
BRDA:43,1,0,0
BRDA:43,1,1,0
BRDA:44,2,0,0
BRDA:44,2,1,0
BRDA:45,3,0,0
BRDA:45,3,1,0
BRDA:46,4,0,0
BRDA:46,4,1,0
BRDA:50,5,0,0
BRDA:50,5,1,0
BRDA:61,6,0,0
BRDA:61,6,1,0
BRDA:64,7,0,0
BRDA:64,7,1,0
BRDA:74,8,0,10
BRDA:74,8,1,17
BRDA:77,9,0,17
BRDA:77,9,1,8
BRDA:93,10,0,0
BRDA:93,10,1,0
BRDA:127,11,0,0
BRDA:127,11,1,0
BRDA:127,12,0,0
BRDA:127,12,1,0
BRDA:132,13,0,0
BRDA:132,13,1,0
BRDA:137,14,0,0
BRDA:137,14,1,0
BRDA:146,15,0,0
BRDA:146,15,1,0
BRDA:146,16,0,0
BRDA:146,16,1,0
BRDA:150,17,0,0
BRDA:150,17,1,0
BRDA:155,18,0,0
BRDA:155,18,1,0
BRDA:155,19,0,0
BRDA:155,19,1,0
BRDA:157,20,0,0
BRDA:157,20,1,0
BRDA:171,21,0,0
BRDA:171,21,1,0
BRDA:177,22,0,0
BRDA:177,22,1,0
BRDA:189,23,0,0
BRDA:189,23,1,0
BRDA:203,24,0,0
BRDA:203,24,1,0
BRDA:203,25,0,0
BRDA:203,25,1,0
BRDA:207,26,0,0
BRDA:207,26,1,0
BRDA:211,27,0,0
BRDA:211,27,1,0
BRDA:226,28,0,0
BRDA:226,28,1,0
BRDA:254,29,0,0
BRDA:254,29,1,0
BRDA:256,30,0,0
BRDA:256,30,1,0
BRDA:262,31,0,0
BRDA:262,31,1,0
BRDA:271,32,0,0
BRDA:271,32,1,0
BRDA:281,33,0,0
BRDA:281,33,1,0
BRDA:282,34,0,0
BRDA:282,34,1,0
BRDA:304,35,0,1
BRDA:304,35,1,10
BRDA:304,36,0,11
BRDA:304,36,1,10
BRDA:309,37,0,1
BRDA:309,37,1,9
BRDA:318,38,0,1
BRDA:318,38,1,8
BRDA:324,39,0,1
BRDA:324,39,1,7
BRDA:329,40,0,1
BRDA:329,40,1,6
BRDA:338,41,0,1
BRDA:338,41,1,5
BRDA:348,42,0,1
BRDA:348,42,1,4
BRDA:348,43,0,5
BRDA:348,43,1,5
BRDA:356,44,0,1
BRDA:356,44,1,3
BRDA:386,45,0,1
BRDA:386,45,1,1
BRDA:408,46,0,1
BRDA:408,46,1,0
BRDA:412,47,0,1
BRDA:412,47,1,0
BRF:96
BRH:28
end_of_record
TN:
SF:src\services\role.service.ts
FN:33,becomeFreelancer
FN:81,becomeClient
FNF:2
FNH:2
FNDA:6,becomeFreelancer
FNDA:6,becomeClient
DA:6,2
DA:7,2
DA:33,2
DA:35,6
DA:36,6
DA:37,2
DA:41,4
DA:47,4
DA:48,2
DA:52,2
DA:62,2
DA:63,1
DA:69,1
DA:81,2
DA:83,6
DA:84,6
DA:85,2
DA:89,4
DA:95,4
DA:96,2
DA:100,2
DA:110,2
DA:111,1
DA:117,1
LF:24
LH:24
BRDA:36,0,0,2
BRDA:36,0,1,4
BRDA:47,1,0,2
BRDA:47,1,1,2
BRDA:47,2,0,4
BRDA:47,2,1,2
BRDA:62,3,0,1
BRDA:62,3,1,1
BRDA:62,4,0,2
BRDA:62,4,1,1
BRDA:84,5,0,2
BRDA:84,5,1,4
BRDA:95,6,0,2
BRDA:95,6,1,2
BRDA:95,7,0,4
BRDA:95,7,1,2
BRDA:110,8,0,1
BRDA:110,8,1,1
BRDA:110,9,0,2
BRDA:110,9,1,1
BRF:20
BRH:20
end_of_record
TN:
SF:src\services\task.service.ts
FN:15,(anonymous_0)
FN:25,(anonymous_1)
FN:91,(anonymous_2)
FN:140,(anonymous_3)
FN:162,(anonymous_4)
FN:181,(anonymous_5)
FNF:6
FNH:5
FNDA:1,(anonymous_0)
FNDA:8,(anonymous_1)
FNDA:0,(anonymous_2)
FNDA:3,(anonymous_3)
FNDA:2,(anonymous_4)
FNDA:1,(anonymous_5)
DA:6,1
DA:9,1
DA:10,1
DA:16,1
DA:26,8
DA:29,8
DA:35,8
DA:36,1
DA:40,7
DA:41,1
DA:45,6
DA:46,1
DA:50,5
DA:56,5
DA:57,1
DA:61,4
DA:62,0
DA:65,4
DA:66,4
DA:67,4
DA:70,4
DA:71,4
DA:72,4
DA:79,4
DA:81,0
DA:82,0
DA:84,0
DA:86,0
DA:87,0
DA:91,0
DA:96,4
DA:112,3
DA:113,0
DA:117,3
DA:119,3
DA:127,3
DA:128,0
DA:132,3
DA:141,3
DA:147,3
DA:148,2
DA:149,1
DA:151,1
DA:154,1
DA:163,2
DA:169,2
DA:170,1
DA:173,1
DA:182,1
DA:188,1
DA:189,0
DA:192,1
DA:196,1
LF:53
LH:43
BRDA:35,0,0,1
BRDA:35,0,1,7
BRDA:35,1,0,8
BRDA:35,1,1,7
BRDA:40,2,0,1
BRDA:40,2,1,6
BRDA:45,3,0,1
BRDA:45,3,1,5
BRDA:56,4,0,1
BRDA:56,4,1,4
BRDA:61,5,0,0
BRDA:61,5,1,4
BRDA:61,6,0,4
BRDA:61,6,1,4
BRDA:77,7,0,4
BRDA:77,7,1,0
BRDA:84,8,0,0
BRDA:84,8,1,0
BRDA:112,9,0,0
BRDA:112,9,1,3
BRDA:117,10,0,2
BRDA:117,10,1,1
BRDA:127,11,0,0
BRDA:127,11,1,3
BRDA:147,12,0,2
BRDA:147,12,1,1
BRDA:148,13,0,1
BRDA:148,13,1,1
BRDA:169,14,0,1
BRDA:169,14,1,1
BRDA:188,15,0,0
BRDA:188,15,1,1
BRF:32
BRH:25
end_of_record
TN:
SF:src\services\user.service.ts
FN:12,(anonymous_10)
FN:49,(anonymous_11)
FN:61,(anonymous_12)
FN:90,(anonymous_13)
FN:145,(anonymous_14)
FN:181,(anonymous_15)
FN:242,(anonymous_16)
FNF:7
FNH:0
FNDA:0,(anonymous_10)
FNDA:0,(anonymous_11)
FNDA:0,(anonymous_12)
FNDA:0,(anonymous_13)
FNDA:0,(anonymous_14)
FNDA:0,(anonymous_15)
FNDA:0,(anonymous_16)
DA:6,2
DA:7,2
DA:9,2
DA:14,0
DA:20,0
DA:23,0
DA:29,0
DA:31,0
DA:44,0
DA:46,0
DA:50,0
DA:56,0
DA:58,0
DA:63,0
DA:64,0
DA:68,0
DA:69,0
DA:76,0
DA:79,0
DA:86,0
DA:87,0
DA:96,0
DA:98,0
DA:115,0
DA:116,0
DA:122,0
DA:123,0
DA:127,0
DA:128,0
DA:131,0
DA:133,0
DA:135,0
DA:136,0
DA:139,0
DA:147,0
DA:148,0
DA:149,0
DA:153,0
DA:163,0
DA:164,0
DA:167,0
DA:183,0
DA:184,0
DA:188,0
DA:194,0
DA:195,0
DA:199,0
DA:200,0
DA:204,0
DA:205,0
DA:212,0
DA:213,0
DA:214,0
DA:218,0
DA:221,0
DA:222,0
DA:225,0
DA:234,0
DA:235,0
DA:236,0
DA:240,0
DA:241,0
DA:242,0
DA:243,0
DA:246,0
DA:251,0
DA:271,0
DA:272,0
DA:273,0
DA:278,2
LF:70
LH:4
BRDA:20,0,0,0
BRDA:20,0,1,0
BRDA:29,1,0,0
BRDA:29,1,1,0
BRDA:39,2,0,0
BRDA:39,2,1,0
BRDA:44,3,0,0
BRDA:44,3,1,0
BRDA:56,4,0,0
BRDA:56,4,1,0
BRDA:63,5,0,0
BRDA:63,5,1,0
BRDA:63,6,0,0
BRDA:63,6,1,0
BRDA:68,7,0,0
BRDA:68,7,1,0
BRDA:76,8,0,0
BRDA:76,8,1,0
BRDA:86,9,0,0
BRDA:86,9,1,0
BRDA:92,10,0,0
BRDA:93,11,0,0
BRDA:115,12,0,0
BRDA:115,12,1,0
BRDA:122,13,0,0
BRDA:122,13,1,0
BRDA:135,14,0,0
BRDA:135,14,1,0
BRDA:140,15,0,0
BRDA:140,15,1,0
BRDA:141,16,0,0
BRDA:141,16,1,0
BRDA:148,17,0,0
BRDA:148,17,1,0
BRDA:163,18,0,0
BRDA:163,18,1,0
BRDA:183,19,0,0
BRDA:183,19,1,0
BRDA:194,20,0,0
BRDA:194,20,1,0
BRDA:194,21,0,0
BRDA:194,21,1,0
BRDA:199,22,0,0
BRDA:199,22,1,0
BRDA:204,23,0,0
BRDA:204,23,1,0
BRDA:213,24,0,0
BRDA:213,24,1,0
BRDA:234,25,0,0
BRDA:234,25,1,0
BRDA:240,26,0,0
BRDA:240,26,1,0
BRDA:271,27,0,0
BRDA:271,27,1,0
BRF:54
BRH:0
end_of_record
TN:
SF:src\services\wallet.service.ts
FN:23,generateInvisibleWallet
FN:76,linkExternalWallet
FN:130,connectExternalWallet
FN:198,getWalletsByUserId
FN:224,getWalletByAddress
FN:256,getPrimaryWallet
FN:292,decryptPrivateKey
FN:315,deleteWallet
FN:339,getWalletById
FN:371,disconnectWallet
FN:414,(anonymous_10)
FN:446,getStellarBalance
FN:516,(anonymous_12)
FN:552,setPrimaryWallet
FNF:14
FNH:8
FNDA:0,generateInvisibleWallet
FNDA:0,linkExternalWallet
FNDA:0,connectExternalWallet
FNDA:3,getWalletsByUserId
FNDA:0,getWalletByAddress
FNDA:0,getPrimaryWallet
FNDA:0,decryptPrivateKey
FNDA:2,deleteWallet
FNDA:20,getWalletById
FNDA:6,disconnectWallet
FNDA:2,(anonymous_10)
FNDA:6,getStellarBalance
FNDA:4,(anonymous_12)
FNDA:6,setPrimaryWallet
DA:1,2
DA:2,2
DA:3,2
DA:10,2
DA:23,2
DA:26,0
DA:28,0
DA:29,0
DA:30,0
DA:33,0
DA:36,0
DA:49,0
DA:50,0
DA:56,0
DA:62,0
DA:63,0
DA:76,2
DA:80,0
DA:82,0
DA:88,0
DA:89,0
DA:93,0
DA:105,0
DA:106,0
DA:112,0
DA:114,0
DA:115,0
DA:130,2
DA:135,0
DA:137,0
DA:138,0
DA:142,0
DA:143,0
DA:144,0
DA:151,0
DA:157,0
DA:158,0
DA:162,0
DA:176,0
DA:177,0
DA:183,0
DA:185,0
DA:186,0
DA:198,2
DA:199,3
DA:200,3
DA:205,3
DA:206,0
DA:209,3
DA:211,0
DA:212,0
DA:224,2
DA:227,0
DA:228,0
DA:234,0
DA:235,0
DA:236,0
DA:238,0
DA:241,0
DA:243,0
DA:244,0
DA:256,2
DA:257,0
DA:258,0
DA:266,0
DA:267,0
DA:268,0
DA:270,0
DA:276,0
DA:278,0
DA:279,0
DA:292,2
DA:293,0
DA:294,0
DA:297,0
DA:298,0
DA:301,0
DA:302,0
DA:304,0
DA:315,2
DA:316,2
DA:317,2
DA:322,2
DA:323,0
DA:326,0
DA:327,0
DA:339,2
DA:340,20
DA:341,20
DA:347,20
DA:348,4
DA:349,4
DA:351,0
DA:354,16
DA:356,0
DA:357,0
DA:371,2
DA:375,6
DA:377,6
DA:379,6
DA:380,1
DA:384,5
DA:385,1
DA:393,4
DA:394,1
DA:402,3
DA:404,3
DA:405,1
DA:413,2
DA:415,2
DA:417,2
DA:420,2
DA:425,4
DA:426,0
DA:436,2
DA:437,2
DA:446,2
DA:450,6
DA:451,6
DA:454,6
DA:455,6
DA:457,1
DA:459,1
DA:461,0
DA:462,0
DA:465,1
DA:467,0
DA:468,0
DA:472,1
DA:475,5
DA:477,5
DA:479,5
DA:480,1
DA:483,4
DA:484,1
DA:489,3
DA:492,3
DA:493,3
DA:495,1
DA:496,1
DA:502,0
DA:503,0
DA:509,0
DA:513,2
DA:516,4
DA:526,2
DA:531,2
DA:533,3
DA:535,0
DA:552,2
DA:553,6
DA:555,6
DA:557,6
DA:558,1
DA:562,5
DA:563,1
DA:568,4
DA:573,4
DA:574,1
DA:578,3
DA:585,3
DA:586,1
DA:589,2
DA:592,4
DA:593,0
LF:165
LH:85
BRDA:49,0,0,0
BRDA:49,0,1,0
BRDA:62,1,0,0
BRDA:62,1,1,0
BRDA:64,2,0,0
BRDA:64,2,1,0
BRDA:88,3,0,0
BRDA:88,3,1,0
BRDA:105,4,0,0
BRDA:105,4,1,0
BRDA:114,5,0,0
BRDA:114,5,1,0
BRDA:116,6,0,0
BRDA:116,6,1,0
BRDA:137,7,0,0
BRDA:137,7,1,0
BRDA:143,8,0,0
BRDA:143,8,1,0
BRDA:157,9,0,0
BRDA:157,9,1,0
BRDA:176,10,0,0
BRDA:176,10,1,0
BRDA:185,11,0,0
BRDA:185,11,1,0
BRDA:187,12,0,0
BRDA:187,12,1,0
BRDA:205,13,0,0
BRDA:205,13,1,3
BRDA:209,14,0,3
BRDA:209,14,1,0
BRDA:211,15,0,0
BRDA:211,15,1,0
BRDA:213,16,0,0
BRDA:213,16,1,0
BRDA:234,17,0,0
BRDA:234,17,1,0
BRDA:235,18,0,0
BRDA:235,18,1,0
BRDA:243,19,0,0
BRDA:243,19,1,0
BRDA:245,20,0,0
BRDA:245,20,1,0
BRDA:266,21,0,0
BRDA:266,21,1,0
BRDA:267,22,0,0
BRDA:267,22,1,0
BRDA:278,23,0,0
BRDA:278,23,1,0
BRDA:280,24,0,0
BRDA:280,24,1,0
BRDA:293,25,0,0
BRDA:293,25,1,0
BRDA:297,26,0,0
BRDA:297,26,1,0
BRDA:305,27,0,0
BRDA:305,27,1,0
BRDA:322,28,0,0
BRDA:322,28,1,2
BRDA:326,29,0,0
BRDA:326,29,1,0
BRDA:328,30,0,0
BRDA:328,30,1,0
BRDA:347,31,0,4
BRDA:347,31,1,16
BRDA:348,32,0,4
BRDA:348,32,1,0
BRDA:356,33,0,0
BRDA:356,33,1,0
BRDA:358,34,0,0
BRDA:358,34,1,0
BRDA:379,35,0,1
BRDA:379,35,1,5
BRDA:384,36,0,1
BRDA:384,36,1,4
BRDA:393,37,0,1
BRDA:393,37,1,3
BRDA:404,38,0,1
BRDA:404,38,1,2
BRDA:425,39,0,4
BRDA:425,39,1,0
BRDA:427,40,0,0
BRDA:427,40,1,0
BRDA:455,41,0,1
BRDA:455,41,1,5
BRDA:455,42,0,6
BRDA:455,42,1,1
BRDA:459,43,0,0
BRDA:459,43,1,1
BRDA:465,44,0,0
BRDA:465,44,1,1
BRDA:479,45,0,1
BRDA:479,45,1,4
BRDA:483,46,0,1
BRDA:483,46,1,3
BRDA:495,47,0,1
BRDA:495,47,1,0
BRDA:495,48,0,1
BRDA:495,48,1,1
BRDA:502,49,0,0
BRDA:502,49,1,0
BRDA:502,50,0,0
BRDA:502,50,1,0
BRDA:518,51,0,4
BRDA:518,51,1,2
BRDA:533,52,0,3
BRDA:533,52,1,0
BRDA:536,53,0,0
BRDA:536,53,1,0
BRDA:557,54,0,1
BRDA:557,54,1,5
BRDA:562,55,0,1
BRDA:562,55,1,4
BRDA:573,56,0,1
BRDA:573,56,1,3
BRDA:585,57,0,1
BRDA:585,57,1,2
BRDA:592,58,0,4
BRDA:592,58,1,0
BRDA:594,59,0,0
BRDA:594,59,1,0
BRF:120
BRH:40
end_of_record
TN:
SF:src\services\withdrawal.orchestrator.ts
FN:14,(anonymous_0)
FN:27,(anonymous_1)
FN:57,(anonymous_2)
FN:147,(anonymous_3)
FNF:4
FNH:4
FNDA:1,(anonymous_0)
FNDA:6,(anonymous_1)
FNDA:4,(anonymous_2)
FNDA:2,(anonymous_3)
DA:1,1
DA:2,1
DA:3,1
DA:9,1
DA:10,1
DA:11,1
DA:12,1
DA:14,1
DA:15,1
DA:16,1
DA:33,6
DA:36,6
DA:37,6
DA:40,6
DA:41,0
DA:44,6
DA:45,0
DA:48,6
DA:49,2
DA:56,4
DA:57,4
DA:58,4
DA:60,4
DA:61,1
DA:68,3
DA:69,3
DA:70,1
DA:74,2
DA:86,2
DA:87,0
DA:88,0
DA:91,2
DA:95,2
DA:96,2
DA:104,1
DA:106,1
DA:107,1
DA:111,1
DA:112,1
DA:119,0
DA:120,0
DA:125,1
DA:131,1
DA:132,0
DA:135,1
DA:136,1
DA:142,5
DA:143,5
DA:148,2
DA:153,2
DA:154,0
DA:159,1
LF:52
LH:44
BRDA:40,0,0,0
BRDA:40,0,1,6
BRDA:44,1,0,0
BRDA:44,1,1,6
BRDA:48,2,0,2
BRDA:48,2,1,4
BRDA:48,3,0,6
BRDA:48,3,1,5
BRDA:58,4,0,4
BRDA:58,4,1,0
BRDA:60,5,0,1
BRDA:60,5,1,3
BRDA:69,6,0,1
BRDA:69,6,1,2
BRDA:86,7,0,0
BRDA:86,7,1,2
BRDA:86,8,0,2
BRDA:86,8,1,2
BRDA:131,9,0,0
BRDA:131,9,1,1
BRDA:131,10,0,1
BRDA:131,10,1,1
BRDA:153,11,0,0
BRDA:153,11,1,2
BRF:24
BRH:18
end_of_record
TN:
SF:src\services\oauth\apple-oauth.service.ts
FN:25,(anonymous_1)
FN:35,(anonymous_2)
FN:58,(anonymous_3)
FN:74,(anonymous_4)
FN:114,(anonymous_5)
FN:158,(anonymous_6)
FN:206,(anonymous_7)
FNF:7
FNH:0
FNDA:0,(anonymous_1)
FNDA:0,(anonymous_2)
FNDA:0,(anonymous_3)
FNDA:0,(anonymous_4)
FNDA:0,(anonymous_5)
FNDA:0,(anonymous_6)
FNDA:0,(anonymous_7)
DA:6,0
DA:7,0
DA:8,0
DA:9,0
DA:10,0
DA:11,0
DA:12,0
DA:13,0
DA:18,0
DA:19,0
DA:20,0
DA:26,0
DA:27,0
DA:28,0
DA:29,0
DA:36,0
DA:37,0
DA:40,0
DA:41,0
DA:49,0
DA:59,0
DA:68,0
DA:75,0
DA:76,0
DA:78,0
DA:94,0
DA:98,0
DA:105,0
DA:115,0
DA:118,0
DA:120,0
DA:123,0
DA:126,0
DA:127,0
DA:131,0
DA:132,0
DA:135,0
DA:139,0
DA:151,0
DA:164,0
DA:167,0
DA:170,0
DA:173,0
DA:174,0
DA:178,0
DA:182,0
DA:189,0
DA:196,0
DA:207,0
DA:208,0
DA:210,0
DA:225,0
DA:229,0
DA:236,0
LF:54
LH:0
BRDA:27,0,0,0
BRDA:27,0,1,0
BRDA:28,1,0,0
BRDA:28,1,1,0
BRDA:29,2,0,0
BRDA:29,2,1,0
BRDA:36,3,0,0
BRDA:36,3,1,0
BRDA:36,4,0,0
BRDA:36,4,1,0
BRDA:36,4,2,0
BRDA:65,5,0,0
BRDA:65,5,1,0
BRDA:94,6,0,0
BRDA:94,6,1,0
BRDA:102,7,0,0
BRDA:102,7,1,0
BRDA:105,8,0,0
BRDA:105,8,1,0
BRDA:118,9,0,0
BRDA:118,9,1,0
BRDA:126,10,0,0
BRDA:126,10,1,0
BRDA:131,11,0,0
BRDA:131,11,1,0
BRDA:135,12,0,0
BRDA:135,12,1,0
BRDA:136,13,0,0
BRDA:136,13,1,0
BRDA:136,14,0,0
BRDA:136,14,1,0
BRDA:173,15,0,0
BRDA:173,15,1,0
BRDA:185,16,0,0
BRDA:185,16,1,0
BRDA:192,17,0,0
BRDA:192,17,1,0
BRDA:225,18,0,0
BRDA:225,18,1,0
BRDA:231,19,0,0
BRDA:231,19,1,0
BRDA:233,20,0,0
BRDA:233,20,1,0
BRDA:236,21,0,0
BRDA:236,21,1,0
BRF:45
BRH:0
end_of_record
TN:
SF:src\services\oauth\github-oauth.service.ts
FN:19,(anonymous_0)
FN:26,(anonymous_1)
FN:40,(anonymous_2)
FN:70,(anonymous_3)
FN:95,(anonymous_4)
FN:131,(anonymous_5)
FNF:6
FNH:0
FNDA:0,(anonymous_0)
FNDA:0,(anonymous_1)
FNDA:0,(anonymous_2)
FNDA:0,(anonymous_3)
FNDA:0,(anonymous_4)
FNDA:0,(anonymous_5)
DA:6,0
DA:7,0
DA:8,0
DA:13,0
DA:14,0
DA:15,0
DA:16,0
DA:17,0
DA:20,0
DA:27,0
DA:34,0
DA:41,0
DA:42,0
DA:56,0
DA:63,0
DA:71,0
DA:73,0
DA:80,0
DA:83,0
DA:84,0
DA:86,0
DA:87,0
DA:94,0
DA:95,0
DA:96,0
DA:97,0
DA:98,0
DA:102,0
DA:103,0
DA:107,0
DA:108,0
DA:109,0
DA:110,0
DA:112,0
DA:124,0
DA:132,0
LF:36
LH:0
BRDA:31,0,0,0
BRDA:31,0,1,0
BRDA:60,1,0,0
BRDA:60,1,1,0
BRDA:63,2,0,0
BRDA:63,2,1,0
BRDA:83,3,0,0
BRDA:83,3,1,0
BRDA:95,4,0,0
BRDA:95,4,1,0
BRDA:96,5,0,0
BRDA:96,5,1,0
BRDA:102,6,0,0
BRDA:102,6,1,0
BRDA:107,7,0,0
BRDA:107,7,1,0
BRDA:108,8,0,0
BRDA:108,8,1,0
BRDA:109,9,0,0
BRDA:109,9,1,0
BRDA:110,10,0,0
BRDA:110,10,1,0
BRDA:124,11,0,0
BRDA:124,11,1,0
BRF:24
BRH:0
end_of_record
TN:
SF:src\services\oauth\google-oauth.service.ts
FN:19,(anonymous_0)
FN:26,(anonymous_1)
FN:43,(anonymous_2)
FN:71,(anonymous_3)
FN:100,(anonymous_4)
FNF:5
FNH:0
FNDA:0,(anonymous_0)
FNDA:0,(anonymous_1)
FNDA:0,(anonymous_2)
FNDA:0,(anonymous_3)
FNDA:0,(anonymous_4)
DA:6,0
DA:7,0
DA:9,0
DA:14,0
DA:15,0
DA:16,0
DA:17,0
DA:20,0
DA:27,0
DA:37,0
DA:44,0
DA:45,0
DA:53,0
DA:57,0
DA:64,0
DA:72,0
DA:73,0
DA:79,0
DA:81,0
DA:93,0
DA:101,0
DA:102,0
DA:109,0
DA:113,0
DA:120,0
LF:25
LH:0
BRDA:34,0,0,0
BRDA:34,0,1,0
BRDA:53,1,0,0
BRDA:53,1,1,0
BRDA:61,2,0,0
BRDA:61,2,1,0
BRDA:64,3,0,0
BRDA:64,3,1,0
BRDA:84,4,0,0
BRDA:84,4,1,0
BRDA:85,5,0,0
BRDA:85,5,1,0
BRDA:93,6,0,0
BRDA:93,6,1,0
BRDA:109,7,0,0
BRDA:109,7,1,0
BRDA:115,8,0,0
BRDA:115,8,1,0
BRDA:117,9,0,0
BRDA:117,9,1,0
BRDA:120,10,0,0
BRDA:120,10,1,0
BRF:22
BRH:0
end_of_record
TN:
SF:src\services\oauth\microsoft-oauth.service.ts
FN:18,(anonymous_0)
FN:25,(anonymous_1)
FN:41,(anonymous_2)
FN:77,(anonymous_3)
FN:111,(anonymous_4)
FNF:5
FNH:0
FNDA:0,(anonymous_0)
FNDA:0,(anonymous_1)
FNDA:0,(anonymous_2)
FNDA:0,(anonymous_3)
FNDA:0,(anonymous_4)
DA:6,0
DA:7,0
DA:8,0
DA:13,0
DA:14,0
DA:15,0
DA:16,0
DA:19,0
DA:26,0
DA:35,0
DA:42,0
DA:43,0
DA:59,0
DA:63,0
DA:70,0
DA:78,0
DA:79,0
DA:85,0
DA:88,0
DA:89,0
DA:90,0
DA:92,0
DA:104,0
DA:112,0
DA:113,0
DA:129,0
DA:133,0
DA:140,0
LF:28
LH:0
BRDA:32,0,0,0
BRDA:32,0,1,0
BRDA:59,1,0,0
BRDA:59,1,1,0
BRDA:67,2,0,0
BRDA:67,2,1,0
BRDA:70,3,0,0
BRDA:70,3,1,0
BRDA:88,4,0,0
BRDA:88,4,1,0
BRDA:88,5,0,0
BRDA:88,5,1,0
BRDA:88,6,0,0
BRDA:88,6,1,0
BRDA:89,7,0,0
BRDA:89,7,1,0
BRDA:90,8,0,0
BRDA:90,8,1,0
BRDA:95,9,0,0
BRDA:95,9,1,0
BRDA:95,9,2,0
BRDA:104,10,0,0
BRDA:104,10,1,0
BRDA:129,11,0,0
BRDA:129,11,1,0
BRDA:135,12,0,0
BRDA:135,12,1,0
BRDA:137,13,0,0
BRDA:137,13,1,0
BRDA:140,14,0,0
BRDA:140,14,1,0
BRF:31
BRH:0
end_of_record
TN:
SF:src\services\oauth\oauth-base.service.ts
FN:29,(anonymous_0)
FN:57,(anonymous_1)
FN:107,(anonymous_2)
FN:196,(anonymous_3)
FN:227,(anonymous_4)
FN:258,(anonymous_5)
FN:286,(anonymous_6)
FN:301,(anonymous_7)
FN:319,(anonymous_8)
FNF:9
FNH:0
FNDA:0,(anonymous_0)
FNDA:0,(anonymous_1)
FNDA:0,(anonymous_2)
FNDA:0,(anonymous_3)
FNDA:0,(anonymous_4)
FNDA:0,(anonymous_5)
FNDA:0,(anonymous_6)
FNDA:0,(anonymous_7)
FNDA:0,(anonymous_8)
DA:6,0
DA:7,0
DA:8,0
DA:9,0
DA:10,0
DA:18,0
DA:19,0
DA:25,0
DA:30,0
DA:31,0
DA:63,0
DA:66,0
DA:69,0
DA:72,0
DA:73,0
DA:77,0
DA:80,0
DA:87,0
DA:94,0
DA:112,0
DA:119,0
DA:121,0
DA:124,0
DA:130,0
DA:131,0
DA:134,0
DA:138,0
DA:145,0
DA:147,0
DA:149,0
DA:150,0
DA:153,0
DA:154,0
DA:170,0
DA:171,0
DA:174,0
DA:175,0
DA:176,0
DA:180,0
DA:186,0
DA:187,0
DA:190,0
DA:201,0
DA:202,0
DA:206,0
DA:219,0
DA:220,0
DA:232,0
DA:233,0
DA:237,0
DA:250,0
DA:251,0
DA:259,0
DA:260,0
DA:263,0
DA:270,0
DA:271,0
DA:274,0
DA:276,0
DA:279,0
DA:287,0
DA:293,0
DA:294,0
DA:302,0
DA:309,0
DA:310,0
DA:313,0
DA:320,0
DA:321,0
DA:322,0
LF:70
LH:0
BRDA:72,0,0,0
BRDA:72,0,1,0
BRDA:83,1,0,0
BRDA:83,1,1,0
BRDA:90,2,0,0
BRDA:90,2,1,0
BRDA:119,3,0,0
BRDA:119,3,1,0
BRDA:130,4,0,0
BRDA:130,4,1,0
BRDA:130,5,0,0
BRDA:130,5,1,0
BRDA:147,6,0,0
BRDA:147,6,1,0
BRDA:160,7,0,0
BRDA:160,7,1,0
BRDA:160,7,2,0
BRDA:170,8,0,0
BRDA:170,8,1,0
BRDA:170,9,0,0
BRDA:170,9,1,0
BRDA:186,10,0,0
BRDA:186,10,1,0
BRDA:186,11,0,0
BRDA:186,11,1,0
BRDA:202,12,0,0
BRDA:202,12,1,0
BRDA:214,13,0,0
BRDA:214,13,1,0
BRDA:215,14,0,0
BRDA:215,14,1,0
BRDA:219,15,0,0
BRDA:219,15,1,0
BRDA:233,16,0,0
BRDA:233,16,1,0
BRDA:243,17,0,0
BRDA:243,17,1,0
BRDA:244,18,0,0
BRDA:244,18,1,0
BRDA:250,19,0,0
BRDA:250,19,1,0
BRDA:270,20,0,0
BRDA:270,20,1,0
BRDA:270,21,0,0
BRDA:270,21,1,0
BRDA:274,22,0,0
BRDA:274,22,1,0
BRDA:293,23,0,0
BRDA:293,23,1,0
BRDA:309,24,0,0
BRDA:309,24,1,0
BRDA:309,25,0,0
BRDA:309,25,1,0
BRDA:320,26,0,0
BRDA:320,26,1,0
BRF:55
BRH:0
end_of_record
TN:
SF:src\services\oauth\oauth-factory.service.ts
FN:26,getOAuthService
FN:66,clearOAuthServiceCache
FNF:2
FNH:0
FNDA:0,getOAuthService
FNDA:0,clearOAuthServiceCache
DA:6,0
DA:8,0
DA:9,0
DA:10,0
DA:11,0
DA:12,0
DA:13,0
DA:18,0
DA:26,0
DA:28,0
DA:29,0
DA:33,0
DA:34,0
DA:40,0
DA:42,0
DA:43,0
DA:45,0
DA:46,0
DA:48,0
DA:49,0
DA:51,0
DA:52,0
DA:54,0
DA:58,0
DA:60,0
DA:66,0
DA:67,0
LF:27
LH:0
BRDA:28,0,0,0
BRDA:28,0,1,0
BRDA:33,1,0,0
BRDA:33,1,1,0
BRDA:40,2,0,0
BRDA:40,2,1,0
BRDA:40,2,2,0
BRDA:40,2,3,0
BRDA:40,2,4,0
BRF:9
BRH:0
end_of_record
TN:
SF:src\types\api.type.ts
FNF:0
FNH:0
DA:23,0
LF:1
LH:0
BRF:0
BRH:0
end_of_record
TN:
SF:src\types\auth.types.ts
FN:4,(anonymous_0)
FN:56,(anonymous_1)
FN:440,(anonymous_2)
FN:501,(anonymous_3)
FN:521,(anonymous_4)
FN:542,(anonymous_5)
FNF:6
FNH:3
FNDA:3,(anonymous_0)
FNDA:3,(anonymous_1)
FNDA:3,(anonymous_2)
FNDA:0,(anonymous_3)
FNDA:0,(anonymous_4)
FNDA:0,(anonymous_5)
DA:4,3
DA:5,3
DA:6,3
DA:7,3
DA:8,3
DA:9,3
DA:56,3
DA:57,3
DA:58,3
DA:59,3
DA:60,3
DA:61,3
DA:62,3
DA:63,3
DA:64,3
DA:65,3
DA:66,3
DA:67,3
DA:440,3
DA:441,3
DA:442,3
DA:443,3
DA:444,3
DA:445,3
DA:446,3
DA:447,3
DA:448,3
DA:449,3
DA:450,3
DA:451,3
DA:452,3
DA:453,3
DA:496,3
DA:507,0
DA:508,0
DA:509,0
DA:510,0
DA:511,0
DA:515,3
DA:528,0
DA:529,0
DA:530,0
DA:531,0
DA:532,0
DA:533,0
DA:537,3
DA:548,0
DA:549,0
DA:550,0
DA:551,0
DA:552,0
LF:51
LH:35
BRDA:4,0,0,3
BRDA:4,0,1,3
BRDA:56,1,0,3
BRDA:56,1,1,3
BRDA:440,2,0,3
BRDA:440,2,1,3
BRDA:504,3,0,0
BRDA:524,4,0,0
BRDA:545,5,0,0
BRF:9
BRH:6
end_of_record
TN:
SF:src\types\balance.types.ts
FNF:0
FNH:0
DA:7,6
DA:55,6
LF:2
LH:2
BRF:0
BRH:0
end_of_record
TN:
SF:src\types\errors.types.ts
FN:53,(anonymous_0)
FN:114,(anonymous_1)
FNF:2
FNH:2
FNDA:1,(anonymous_0)
FNDA:1,(anonymous_1)
DA:53,1
DA:55,1
DA:56,1
DA:57,1
DA:58,1
DA:59,1
DA:60,1
DA:61,1
DA:62,1
DA:63,1
DA:64,1
DA:67,1
DA:68,1
DA:69,1
DA:70,1
DA:71,1
DA:72,1
DA:75,1
DA:76,1
DA:77,1
DA:78,1
DA:79,1
DA:80,1
DA:81,1
DA:82,1
DA:85,1
DA:86,1
DA:87,1
DA:88,1
DA:89,1
DA:92,1
DA:93,1
DA:94,1
DA:95,1
DA:98,1
DA:99,1
DA:100,1
DA:101,1
DA:102,1
DA:103,1
DA:104,1
DA:107,1
DA:108,1
DA:109,1
DA:110,1
DA:114,1
DA:115,1
DA:116,1
DA:117,1
DA:118,1
LF:50
LH:50
BRDA:53,0,0,1
BRDA:53,0,1,1
BRDA:114,1,0,1
BRDA:114,1,1,1
BRF:4
BRH:4
end_of_record
TN:
SF:src\types\oauth.types.ts
FN:9,(anonymous_0)
FNF:1
FNH:0
FNDA:0,(anonymous_0)
DA:9,0
DA:10,0
DA:11,0
DA:12,0
DA:13,0
LF:5
LH:0
BRDA:9,0,0,0
BRDA:9,0,1,0
BRF:2
BRH:0
end_of_record
TN:
SF:src\types\profile.types.ts
FN:68,isProfile
FN:89,isCreateProfileDTO
FN:119,isUpdateProfileDTO
FNF:3
FNH:3
FNDA:4,isProfile
FNDA:2,isCreateProfileDTO
FNDA:3,isUpdateProfileDTO
DA:58,1
DA:68,1
DA:69,4
DA:89,1
DA:90,2
DA:119,1
DA:120,3
LF:7
LH:7
BRDA:70,0,0,4
BRDA:70,0,1,3
BRDA:70,0,2,2
BRDA:70,0,3,2
BRDA:70,0,4,2
BRDA:70,0,5,2
BRDA:70,0,6,1
BRDA:70,0,7,0
BRDA:70,0,8,1
BRDA:70,0,9,0
BRDA:70,0,10,1
BRDA:70,0,11,1
BRDA:70,0,12,1
BRDA:70,0,13,0
BRDA:70,0,14,1
BRDA:70,0,15,1
BRDA:70,0,16,0
BRDA:70,0,17,1
BRDA:70,0,18,1
BRDA:91,1,0,2
BRDA:91,1,1,2
BRDA:91,1,2,2
BRDA:91,1,3,1
BRDA:91,1,4,1
BRDA:91,1,5,1
BRDA:91,1,6,1
BRDA:91,1,7,0
BRDA:91,1,8,0
BRDA:91,1,9,1
BRDA:91,1,10,0
BRDA:91,1,11,0
BRDA:91,1,12,1
BRDA:91,1,13,0
BRDA:91,1,14,0
BRDA:91,1,15,1
BRDA:91,1,16,0
BRDA:91,1,17,0
BRDA:91,1,18,1
BRDA:91,1,19,0
BRDA:91,1,20,1
BRDA:91,1,21,0
BRDA:91,1,22,0
BRDA:121,2,0,3
BRDA:121,2,1,3
BRDA:121,2,2,3
BRDA:121,2,3,0
BRDA:121,2,4,0
BRDA:121,2,5,3
BRDA:121,2,6,2
BRDA:121,2,7,2
BRDA:121,2,8,2
BRDA:121,2,9,0
BRDA:121,2,10,0
BRDA:121,2,11,2
BRDA:121,2,12,0
BRDA:121,2,13,0
BRDA:121,2,14,2
BRDA:121,2,15,0
BRDA:121,2,16,0
BRDA:121,2,17,2
BRDA:121,2,18,0
BRDA:121,2,19,2
BRDA:121,2,20,0
BRDA:121,2,21,0
BRF:64
BRH:38
end_of_record
TN:
SF:src\types\project.type.ts
FN:18,(anonymous_0)
FNF:1
FNH:0
FNDA:0,(anonymous_0)
DA:18,0
DA:19,0
DA:20,0
DA:21,0
DA:22,0
LF:5
LH:0
BRDA:18,0,0,0
BRDA:18,0,1,0
BRF:2
BRH:0
end_of_record
TN:
SF:src\types\project.types.ts
FN:9,(anonymous_0)
FNF:1
FNH:1
FNDA:2,(anonymous_0)
DA:9,2
DA:10,2
DA:11,2
DA:12,2
DA:13,2
LF:5
LH:5
BRDA:9,0,0,2
BRDA:9,0,1,2
BRF:2
BRH:2
end_of_record
TN:
SF:src\types\withdrawal.types.ts
FN:5,(anonymous_0)
FNF:1
FNH:1
FNDA:1,(anonymous_0)
DA:5,1
DA:6,1
DA:7,1
DA:8,1
DA:9,1
DA:10,1
DA:11,1
LF:7
LH:7
BRDA:5,0,0,1
BRDA:5,0,1,1
BRF:2
BRH:2
end_of_record
TN:
SF:src\utils\AppError.ts
FN:12,(anonymous_0)
FN:29,(anonymous_1)
FN:35,(anonymous_2)
FN:41,(anonymous_3)
FN:47,(anonymous_4)
FN:53,(anonymous_5)
FN:59,(anonymous_6)
FN:65,(anonymous_7)
FN:71,(anonymous_8)
FN:77,(anonymous_9)
FN:83,(anonymous_10)
FN:89,(anonymous_11)
FN:95,(anonymous_12)
FN:101,(anonymous_13)
FN:107,(anonymous_14)
FN:113,(anonymous_15)
FN:119,(anonymous_16)
FN:147,ErrorHandler
FN:210,(anonymous_18)
FN:220,(anonymous_19)
FN:224,(anonymous_20)
FN:228,(anonymous_21)
FN:232,(anonymous_22)
FNF:23
FNH:11
FNDA:225,(anonymous_0)
FNDA:68,(anonymous_1)
FNDA:0,(anonymous_2)
FNDA:9,(anonymous_3)
FNDA:2,(anonymous_4)
FNDA:3,(anonymous_5)
FNDA:13,(anonymous_6)
FNDA:51,(anonymous_7)
FNDA:37,(anonymous_8)
FNDA:3,(anonymous_9)
FNDA:0,(anonymous_10)
FNDA:0,(anonymous_11)
FNDA:0,(anonymous_12)
FNDA:0,(anonymous_13)
FNDA:13,(anonymous_14)
FNDA:0,(anonymous_15)
FNDA:0,(anonymous_16)
FNDA:20,ErrorHandler
FNDA:0,(anonymous_18)
FNDA:0,(anonymous_19)
FNDA:0,(anonymous_20)
FNDA:0,(anonymous_21)
FNDA:0,(anonymous_22)
DA:6,30
DA:18,225
DA:19,225
DA:20,225
DA:21,225
DA:22,225
DA:23,225
DA:28,30
DA:30,68
DA:34,30
DA:36,0
DA:40,30
DA:42,9
DA:46,30
DA:48,2
DA:52,30
DA:54,3
DA:58,30
DA:60,13
DA:64,30
DA:66,51
DA:70,30
DA:72,37
DA:76,30
DA:78,3
DA:82,30
DA:84,0
DA:88,30
DA:90,0
DA:94,30
DA:96,0
DA:100,30
DA:102,0
DA:106,30
DA:108,13
DA:112,30
DA:114,0
DA:119,30
DA:120,0
DA:121,0
DA:124,0
DA:126,0
DA:128,0
DA:130,0
DA:132,0
DA:134,0
DA:136,0
DA:138,0
DA:140,0
DA:142,0
DA:147,30
DA:153,20
DA:154,20
DA:155,20
DA:156,20
DA:158,20
DA:159,20
DA:160,20
DA:161,20
DA:162,20
DA:163,0
DA:164,0
DA:165,0
DA:166,0
DA:167,0
DA:168,0
DA:170,0
DA:171,0
DA:175,20
DA:176,0
DA:189,20
DA:206,20
DA:210,30
DA:211,0
DA:212,0
DA:215,0
DA:216,0
DA:220,30
DA:221,0
DA:224,30
DA:225,0
DA:228,30
DA:229,0
DA:232,30
DA:233,0
LF:85
LH:50
BRDA:14,0,0,0
BRDA:15,1,0,10
BRDA:41,2,0,0
BRDA:59,3,0,1
BRDA:65,4,0,17
BRDA:77,5,0,1
BRDA:120,6,0,0
BRDA:120,6,1,0
BRDA:120,7,0,0
BRDA:120,7,1,0
BRDA:124,8,0,0
BRDA:124,8,1,0
BRDA:124,8,2,0
BRDA:124,8,3,0
BRDA:124,8,4,0
BRDA:124,8,5,0
BRDA:124,8,6,0
BRDA:124,8,7,0
BRDA:124,8,8,0
BRDA:158,9,0,20
BRDA:158,9,1,0
BRDA:163,10,0,0
BRDA:163,10,1,0
BRDA:166,11,0,0
BRDA:166,11,1,0
BRDA:175,12,0,0
BRDA:175,12,1,20
BRDA:181,13,0,0
BRDA:181,13,1,0
BRDA:198,14,0,20
BRDA:198,14,1,0
BRDA:199,15,0,0
BRDA:199,15,1,0
BRDA:211,16,0,0
BRDA:211,16,1,0
BRF:35
BRH:7
end_of_record
TN:
SF:src\utils\crypto.utils.ts
FN:17,getEncryptionKey
FN:33,encrypt
FN:57,decrypt
FN:89,generateRandomString
FN:98,sha256Hash
FNF:5
FNH:0
FNDA:0,getEncryptionKey
FNDA:0,encrypt
FNDA:0,decrypt
FNDA:0,generateRandomString
FNDA:0,sha256Hash
DA:1,2
DA:8,2
DA:9,2
DA:10,2
DA:11,2
DA:18,0
DA:20,0
DA:21,0
DA:25,0
DA:33,2
DA:34,0
DA:35,0
DA:36,0
DA:38,0
DA:40,0
DA:41,0
DA:43,0
DA:46,0
DA:48,0
DA:57,2
DA:58,0
DA:59,0
DA:60,0
DA:62,0
DA:63,0
DA:66,0
DA:68,0
DA:69,0
DA:70,0
DA:72,0
DA:73,0
DA:75,0
DA:76,0
DA:78,0
DA:80,0
DA:89,2
DA:90,0
DA:98,2
DA:99,0
LF:39
LH:9
BRDA:20,0,0,0
BRDA:20,0,1,0
BRDA:48,1,0,0
BRDA:48,1,1,0
BRDA:62,2,0,0
BRDA:62,2,1,0
BRDA:80,3,0,0
BRDA:80,3,1,0
BRDA:89,4,0,0
BRF:9
BRH:0
end_of_record
TN:
SF:src\utils\jwt.utils.ts
FN:20,hashToken
FN:24,signAccessToken
FN:30,signRefreshToken
FN:44,verifyAccessToken
FN:49,verifyRefreshToken
FN:59,isTokenNearExpiration
FN:79,extractTokenFromHeader
FN:91,isValidTokenFormat
FN:104,getTokenExpiration
FN:118,isTokenExpired
FNF:10
FNH:0
FNDA:0,hashToken
FNDA:0,signAccessToken
FNDA:0,signRefreshToken
FNDA:0,verifyAccessToken
FNDA:0,verifyRefreshToken
FNDA:0,isTokenNearExpiration
FNDA:0,extractTokenFromHeader
FNDA:0,isValidTokenFormat
FNDA:0,getTokenExpiration
FNDA:0,isTokenExpired
DA:6,0
DA:8,0
DA:10,0
DA:11,0
DA:13,0
DA:14,0
DA:16,0
DA:17,0
DA:20,0
DA:21,0
DA:24,0
DA:25,0
DA:30,0
DA:31,0
DA:35,0
DA:38,0
DA:39,0
DA:41,0
DA:44,0
DA:45,0
DA:46,0
DA:49,0
DA:50,0
DA:51,0
DA:59,0
DA:60,0
DA:61,0
DA:62,0
DA:64,0
DA:65,0
DA:66,0
DA:68,0
DA:70,0
DA:79,0
DA:80,0
DA:81,0
DA:83,0
DA:91,0
DA:92,0
DA:95,0
DA:96,0
DA:104,0
DA:105,0
DA:106,0
DA:107,0
DA:109,0
DA:118,0
DA:119,0
DA:120,0
DA:122,0
LF:50
LH:0
BRDA:11,0,0,0
BRDA:11,0,1,0
BRDA:13,1,0,0
BRDA:13,1,1,0
BRDA:16,2,0,0
BRDA:16,2,1,0
BRDA:39,3,0,0
BRDA:39,3,1,0
BRDA:62,4,0,0
BRDA:62,4,1,0
BRDA:62,5,0,0
BRDA:62,5,1,0
BRDA:80,6,0,0
BRDA:80,6,1,0
BRDA:80,7,0,0
BRDA:80,7,1,0
BRDA:92,8,0,0
BRDA:92,8,1,0
BRDA:92,9,0,0
BRDA:92,9,1,0
BRDA:107,10,0,0
BRDA:107,10,1,0
BRDA:120,11,0,0
BRDA:120,11,1,0
BRF:24
BRH:0
end_of_record
TN:
SF:src\utils\logger.ts
FN:2,(anonymous_0)
FN:7,(anonymous_1)
FN:8,(anonymous_2)
FN:9,(anonymous_3)
FNF:4
FNH:2
FNDA:0,(anonymous_0)
FNDA:7,(anonymous_1)
FNDA:0,(anonymous_2)
FNDA:6,(anonymous_3)
DA:1,3
DA:3,0
DA:4,0
DA:7,7
DA:8,0
DA:9,6
LF:6
LH:3
BRDA:3,0,0,0
BRDA:3,0,1,0
BRDA:4,1,0,0
BRDA:4,1,1,0
BRDA:8,2,0,0
BRDA:8,2,1,0
BRDA:9,3,0,6
BRDA:9,3,1,0
BRF:8
BRH:1
end_of_record
TN:
SF:src\utils\oauth.utils.ts
FN:17,encryptToken
FN:37,decryptToken
FN:59,validateOAuthEmail
FN:71,normalizeOAuthProfile
FN:98,generateOAuthState
FN:105,parseOAuthProvider
FNF:6
FNH:0
FNDA:0,encryptToken
FNDA:0,decryptToken
FNDA:0,validateOAuthEmail
FNDA:0,normalizeOAuthProfile
FNDA:0,generateOAuthState
FNDA:0,parseOAuthProvider
DA:6,0
DA:7,0
DA:8,0
DA:10,0
DA:11,0
DA:12,0
DA:17,0
DA:18,0
DA:19,0
DA:22,0
DA:23,0
DA:24,0
DA:26,0
DA:27,0
DA:28,0
DA:31,0
DA:37,0
DA:38,0
DA:39,0
DA:42,0
DA:43,0
DA:44,0
DA:45,0
DA:47,0
DA:48,0
DA:50,0
DA:51,0
DA:53,0
DA:59,0
DA:60,0
DA:61,0
DA:64,0
DA:65,0
DA:71,0
DA:73,0
DA:74,0
DA:76,0
DA:77,0
DA:78,0
DA:79,0
DA:82,0
DA:98,0
DA:99,0
DA:105,0
DA:106,0
DA:107,0
DA:108,0
LF:47
LH:0
BRDA:18,0,0,0
BRDA:18,0,1,0
BRDA:38,1,0,0
BRDA:38,1,1,0
BRDA:60,2,0,0
BRDA:60,2,1,0
BRDA:60,3,0,0
BRDA:60,3,1,0
BRDA:76,4,0,0
BRDA:76,4,1,0
BRDA:76,5,0,0
BRDA:76,5,1,0
BRDA:76,5,2,0
BRDA:78,6,0,0
BRDA:78,6,1,0
BRDA:79,7,0,0
BRDA:79,7,1,0
BRDA:85,8,0,0
BRDA:85,8,1,0
BRDA:86,9,0,0
BRDA:86,9,1,0
BRDA:87,10,0,0
BRDA:87,10,1,0
BRDA:87,10,2,0
BRDA:88,11,0,0
BRDA:88,11,1,0
BRDA:89,12,0,0
BRDA:89,12,1,0
BRDA:90,13,0,0
BRDA:90,13,1,0
BRDA:91,14,0,0
BRDA:91,14,1,0
BRDA:108,15,0,0
BRDA:108,15,1,0
BRF:34
BRH:0
end_of_record
TN:
SF:src\utils\responseBuilder.ts
FN:3,(anonymous_0)
FN:12,(anonymous_1)
FN:21,(anonymous_2)
FN:30,(anonymous_3)
FN:37,(anonymous_4)
FNF:5
FNH:3
FNDA:28,(anonymous_0)
FNDA:9,(anonymous_1)
FNDA:16,(anonymous_2)
FNDA:0,(anonymous_3)
FNDA:0,(anonymous_4)
DA:3,8
DA:6,28
DA:12,8
DA:15,9
DA:21,8
DA:24,16
DA:30,8
DA:32,0
DA:37,8
DA:46,0
LF:10
LH:8
BRDA:27,0,0,16
BRDA:27,0,1,0
BRF:2
BRH:1
end_of_record
TN:
SF:src\utils\sanitizeUser.ts
FN:3,sanitizeUser
FNF:1
FNH:0
FNDA:0,sanitizeUser
DA:3,2
DA:5,0
DA:6,0
LF:3
LH:1
BRF:0
BRH:0
end_of_record
TN:
SF:src\utils\validation.ts
FN:41,(anonymous_0)
FN:46,(anonymous_1)
FN:54,(anonymous_2)
FN:61,(anonymous_3)
FN:78,(anonymous_4)
FN:90,(anonymous_5)
FN:105,(anonymous_6)
FN:110,(anonymous_7)
FN:120,(anonymous_8)
FN:130,(anonymous_9)
FN:151,(anonymous_10)
FN:223,(anonymous_11)
FN:230,(anonymous_12)
FN:238,(anonymous_13)
FN:245,(anonymous_14)
FN:252,(anonymous_15)
FN:267,(anonymous_16)
FN:274,(anonymous_17)
FN:281,(anonymous_18)
FN:289,(anonymous_19)
FN:298,(anonymous_20)
FN:305,(anonymous_21)
FN:316,(anonymous_22)
FN:323,(anonymous_23)
FN:330,(anonymous_24)
FN:337,(anonymous_25)
FN:344,(anonymous_26)
FN:360,(anonymous_27)
FN:376,(anonymous_28)
FN:387,(anonymous_29)
FN:398,(anonymous_30)
FN:409,(anonymous_31)
FN:420,(anonymous_32)
FN:440,(anonymous_33)
FN:451,(anonymous_34)
FN:457,(anonymous_35)
FN:465,(anonymous_36)
FNF:37
FNH:4
FNDA:6,(anonymous_0)
FNDA:0,(anonymous_1)
FNDA:0,(anonymous_2)
FNDA:0,(anonymous_3)
FNDA:0,(anonymous_4)
FNDA:0,(anonymous_5)
FNDA:306,(anonymous_6)
FNDA:0,(anonymous_7)
FNDA:0,(anonymous_8)
FNDA:0,(anonymous_9)
FNDA:0,(anonymous_10)
FNDA:0,(anonymous_11)
FNDA:0,(anonymous_12)
FNDA:0,(anonymous_13)
FNDA:0,(anonymous_14)
FNDA:0,(anonymous_15)
FNDA:0,(anonymous_16)
FNDA:0,(anonymous_17)
FNDA:0,(anonymous_18)
FNDA:0,(anonymous_19)
FNDA:0,(anonymous_20)
FNDA:0,(anonymous_21)
FNDA:0,(anonymous_22)
FNDA:0,(anonymous_23)
FNDA:0,(anonymous_24)
FNDA:0,(anonymous_25)
FNDA:0,(anonymous_26)
FNDA:45,(anonymous_27)
FNDA:113,(anonymous_28)
FNDA:0,(anonymous_29)
FNDA:0,(anonymous_30)
FNDA:0,(anonymous_31)
FNDA:0,(anonymous_32)
FNDA:0,(anonymous_33)
FNDA:0,(anonymous_34)
FNDA:0,(anonymous_35)
FNDA:0,(anonymous_36)
DA:2,15
DA:4,15
DA:5,15
DA:11,15
DA:18,15
DA:22,15
DA:30,15
DA:33,15
DA:36,15
DA:37,15
DA:41,15
DA:42,6
DA:43,6
DA:46,15
DA:50,0
DA:51,0
DA:54,15
DA:55,0
DA:56,0
DA:57,0
DA:58,0
DA:61,15
DA:62,0
DA:64,0
DA:66,0
DA:69,0
DA:72,0
DA:73,0
DA:75,0
DA:78,15
DA:82,0
DA:83,0
DA:85,0
DA:87,0
DA:90,15
DA:94,0
DA:96,0
DA:97,0
DA:98,0
DA:102,0
DA:105,15
DA:106,306
DA:107,306
DA:110,15
DA:115,0
DA:116,0
DA:117,0
DA:120,15
DA:125,0
DA:126,0
DA:127,0
DA:130,15
DA:134,0
DA:151,15
DA:155,0
DA:157,0
DA:158,0
DA:161,0
DA:165,0
DA:171,0
DA:175,0
DA:179,0
DA:183,0
DA:184,0
DA:190,0
DA:194,0
DA:195,0
DA:204,0
DA:219,15
DA:223,0
DA:230,0
DA:238,0
DA:245,0
DA:252,0
DA:263,15
DA:267,0
DA:274,0
DA:281,0
DA:290,0
DA:298,0
DA:306,0
DA:312,15
DA:316,0
DA:323,0
DA:330,0
DA:337,0
DA:344,0
DA:351,15
DA:358,15
DA:360,15
DA:361,45
DA:363,42
DA:366,42
DA:368,35
DA:369,35
DA:371,35
DA:372,0
DA:375,35
DA:376,113
DA:378,0
DA:383,15
DA:389,0
DA:390,0
DA:400,0
DA:401,0
DA:411,0
DA:412,0
DA:422,0
DA:424,0
DA:425,0
DA:428,0
DA:429,0
DA:430,0
DA:432,0
DA:442,0
DA:443,0
DA:453,0
DA:455,0
DA:457,0
DA:467,0
DA:469,0
DA:471,0
DA:472,0
DA:473,0
DA:475,0
LF:125
LH:40
BRDA:42,0,0,0
BRDA:42,0,1,6
BRDA:42,1,0,6
BRDA:42,1,1,6
BRDA:48,2,0,0
BRDA:50,3,0,0
BRDA:50,3,1,0
BRDA:50,4,0,0
BRDA:50,4,1,0
BRDA:55,5,0,0
BRDA:55,5,1,0
BRDA:55,6,0,0
BRDA:55,6,1,0
BRDA:57,7,0,0
BRDA:57,7,1,0
BRDA:57,8,0,0
BRDA:57,8,1,0
BRDA:62,9,0,0
BRDA:62,9,1,0
BRDA:62,10,0,0
BRDA:62,10,1,0
BRDA:64,11,0,0
BRDA:64,11,1,0
BRDA:66,12,0,0
BRDA:66,12,1,0
BRDA:66,13,0,0
BRDA:66,13,1,0
BRDA:69,14,0,0
BRDA:69,14,1,0
BRDA:72,15,0,0
BRDA:72,15,1,0
BRDA:73,16,0,0
BRDA:73,16,1,0
BRDA:85,17,0,0
BRDA:85,17,1,0
BRDA:85,18,0,0
BRDA:85,18,1,0
BRDA:97,19,0,0
BRDA:97,19,1,0
BRDA:97,20,0,0
BRDA:97,20,1,0
BRDA:97,20,2,0
BRDA:106,21,0,0
BRDA:106,21,1,306
BRDA:106,22,0,306
BRDA:106,22,1,306
BRDA:115,23,0,0
BRDA:115,23,1,0
BRDA:115,24,0,0
BRDA:115,24,1,0
BRDA:117,25,0,0
BRDA:117,25,1,0
BRDA:125,26,0,0
BRDA:125,26,1,0
BRDA:126,27,0,0
BRDA:126,27,1,0
BRDA:127,28,0,0
BRDA:127,28,1,0
BRDA:127,28,2,0
BRDA:161,29,0,0
BRDA:161,29,1,0
BRDA:162,30,0,0
BRDA:162,30,1,0
BRDA:162,30,2,0
BRDA:162,30,3,0
BRDA:175,31,0,0
BRDA:175,31,1,0
BRDA:176,32,0,0
BRDA:176,32,1,0
BRDA:176,32,2,0
BRDA:176,32,3,0
BRDA:183,33,0,0
BRDA:183,33,1,0
BRDA:183,34,0,0
BRDA:183,34,1,0
BRDA:194,35,0,0
BRDA:194,35,1,0
BRDA:194,36,0,0
BRDA:194,36,1,0
BRDA:198,37,0,0
BRDA:198,37,1,0
BRDA:199,38,0,0
BRDA:199,38,1,0
BRDA:290,39,0,0
BRDA:290,39,1,0
BRDA:306,40,0,0
BRDA:306,40,1,0
BRDA:361,41,0,3
BRDA:361,41,1,42
BRDA:361,42,0,45
BRDA:361,42,1,42
BRDA:366,43,0,7
BRDA:366,43,1,35
BRDA:371,44,0,0
BRDA:371,44,1,35
BRDA:371,45,0,35
BRDA:371,45,1,32
BRDA:389,46,0,0
BRDA:389,46,1,0
BRDA:389,47,0,0
BRDA:389,47,1,0
BRDA:400,48,0,0
BRDA:400,48,1,0
BRDA:400,49,0,0
BRDA:400,49,1,0
BRDA:411,50,0,0
BRDA:411,50,1,0
BRDA:411,51,0,0
BRDA:411,51,1,0
BRDA:422,52,0,0
BRDA:422,52,1,0
BRDA:422,53,0,0
BRDA:422,53,1,0
BRDA:424,54,0,0
BRDA:424,54,1,0
BRDA:428,55,0,0
BRDA:428,55,1,0
BRDA:442,56,0,0
BRDA:442,56,1,0
BRDA:442,57,0,0
BRDA:442,57,1,0
BRDA:453,58,0,0
BRDA:453,58,1,0
BRDA:453,59,0,0
BRDA:453,59,1,0
BRDA:455,60,0,0
BRDA:455,60,1,0
BRDA:467,61,0,0
BRDA:467,61,1,0
BRDA:467,62,0,0
BRDA:467,62,1,0
BRDA:469,63,0,0
BRDA:469,63,1,0
BRF:133
BRH:15
end_of_record
TN:
SF:src\validators\escrow.validator.ts
FNF:0
FNH:0
DA:1,3
DA:3,3
DA:10,3
DA:17,3
LF:4
LH:4
BRF:0
BRH:0
end_of_record
TN:
SF:src\validators\task.validator.ts
FN:12,(anonymous_0)
FNF:1
FNH:0
FNDA:0,(anonymous_0)
DA:1,0
DA:3,0
DA:12,0
DA:13,0
LF:4
LH:0
BRF:0
BRH:0
end_of_record
