TN:
SF:src\blockchain\task-record.service.ts
FN:43,(anonymous_1)
FN:102,(anonymous_2)
FN:148,(anonymous_3)
FN:221,(anonymous_4)
FN:245,(anonymous_5)
FN:260,(anonymous_6)
FN:282,(anonymous_7)
FN:297,(anonymous_8)
FN:306,(anonymous_9)
FN:307,(anonymous_10)
FN:322,(anonymous_11)
FN:331,(anonymous_12)
FN:332,(anonymous_13)
FN:347,(anonymous_14)
FN:365,(anonymous_15)
FN:373,(anonymous_16)
FN:397,(anonymous_17)
FN:398,(anonymous_18)
FNF:18
FNH:0
FNDA:0,(anonymous_1)
FNDA:0,(anonymous_2)
FNDA:0,(anonymous_3)
FNDA:0,(anonymous_4)
FNDA:0,(anonymous_5)
FNDA:0,(anonymous_6)
FNDA:0,(anonymous_7)
FNDA:0,(anonymous_8)
FNDA:0,(anonymous_9)
FNDA:0,(anonymous_10)
FNDA:0,(anonymous_11)
FNDA:0,(anonymous_12)
FNDA:0,(anonymous_13)
FNDA:0,(anonymous_14)
FNDA:0,(anonymous_15)
FNDA:0,(anonymous_16)
FNDA:0,(anonymous_17)
FNDA:0,(anonymous_18)
DA:1,0
DA:15,0
DA:17,0
DA:35,0
DA:44,0
DA:47,0
DA:52,0
DA:55,0
DA:57,0
DA:60,0
DA:61,0
DA:64,0
DA:65,0
DA:68,0
DA:70,0
DA:71,0
DA:72,0
DA:73,0
DA:74,0
DA:77,0
DA:79,0
DA:80,0
DA:81,0
DA:87,0
DA:89,0
DA:91,0
DA:93,0
DA:94,0
DA:95,0
DA:103,0
DA:105,0
DA:106,0
DA:108,0
DA:116,0
DA:118,0
DA:119,0
DA:122,0
DA:124,0
DA:126,0
DA:128,0
DA:129,0
DA:132,0
DA:134,0
DA:135,0
DA:138,0
DA:139,0
DA:154,0
DA:156,0
DA:157,0
DA:158,0
DA:159,0
DA:161,0
DA:177,0
DA:179,0
DA:180,0
DA:183,0
DA:185,0
DA:187,0
DA:189,0
DA:190,0
DA:193,0
DA:195,0
DA:196,0
DA:200,0
DA:202,0
DA:210,0
DA:222,0
DA:224,0
DA:226,0
DA:236,0
DA:238,0
DA:239,0
DA:242,0
DA:245,0
DA:254,0
DA:261,0
DA:263,0
DA:265,0
DA:273,0
DA:275,0
DA:276,0
DA:279,0
DA:282,0
DA:291,0
DA:303,0
DA:305,0
DA:306,0
DA:307,0
DA:309,0
DA:311,0
DA:328,0
DA:330,0
DA:331,0
DA:332,0
DA:334,0
DA:336,0
DA:354,0
DA:366,0
DA:367,0
DA:378,0
DA:380,0
DA:381,0
DA:383,0
DA:384,0
DA:387,0
DA:388,0
DA:391,0
DA:398,0
LF:108
LH:0
BRDA:45,0,0,0
BRDA:45,0,1,0
BRDA:48,1,0,0
BRDA:48,1,1,0
BRDA:48,1,2,0
BRDA:53,2,0,0
BRDA:53,2,1,0
BRDA:55,3,0,0
BRDA:55,3,1,0
BRDA:58,4,0,0
BRDA:58,4,1,0
BRDA:60,5,0,0
BRDA:60,5,1,0
BRDA:64,6,0,0
BRDA:64,6,1,0
BRDA:70,7,0,0
BRDA:70,7,1,0
BRDA:70,8,0,0
BRDA:70,8,1,0
BRDA:118,9,0,0
BRDA:118,9,1,0
BRDA:128,10,0,0
BRDA:128,10,1,0
BRDA:134,11,0,0
BRDA:134,11,1,0
BRDA:179,12,0,0
BRDA:179,12,1,0
BRDA:189,13,0,0
BRDA:189,13,1,0
BRDA:195,14,0,0
BRDA:195,14,1,0
BRDA:238,15,0,0
BRDA:238,15,1,0
BRDA:275,16,0,0
BRDA:275,16,1,0
BRDA:309,17,0,0
BRDA:309,17,1,0
BRDA:334,18,0,0
BRDA:334,18,1,0
BRDA:375,19,0,0
BRDA:376,20,0,0
BRDA:383,21,0,0
BRDA:383,21,1,0
BRF:43
BRH:0
end_of_record
TN:
SF:src\config\auth.config.ts
FN:109,isPublicRoute
FN:110,(anonymous_1)
FN:120,getRequiredRole
FN:122,(anonymous_3)
FN:133,validateAuthConfig
FNF:5
FNH:0
FNDA:0,isPublicRoute
FNDA:0,(anonymous_1)
FNDA:0,getRequiredRole
FNDA:0,(anonymous_3)
FNDA:0,validateAuthConfig
DA:7,0
DA:109,0
DA:110,0
DA:111,0
DA:120,0
DA:121,0
DA:122,0
DA:123,0
DA:126,0
DA:133,0
DA:134,0
DA:135,0
DA:138,0
DA:139,0
DA:144,0
LF:15
LH:0
BRDA:11,0,0,0
BRDA:11,0,1,0
BRDA:12,1,0,0
BRDA:12,1,1,0
BRDA:111,2,0,0
BRDA:111,2,1,0
BRDA:122,3,0,0
BRDA:122,3,1,0
BRDA:134,4,0,0
BRDA:134,4,1,0
BRDA:138,5,0,0
BRDA:138,5,1,0
BRF:12
BRH:0
end_of_record
TN:
SF:src\config\axios.config.ts
FN:11,createSecureAxiosInstance
FN:31,(anonymous_2)
FN:36,(anonymous_3)
FN:44,(anonymous_4)
FN:48,(anonymous_5)
FNF:5
FNH:0
FNDA:0,createSecureAxiosInstance
FNDA:0,(anonymous_2)
FNDA:0,(anonymous_3)
FNDA:0,(anonymous_4)
FNDA:0,(anonymous_5)
DA:6,0
DA:11,0
DA:12,0
DA:30,0
DA:33,0
DA:34,0
DA:37,0
DA:38,0
DA:43,0
DA:45,0
DA:46,0
DA:50,0
DA:51,0
DA:52,0
DA:53,0
DA:54,0
DA:55,0
DA:58,0
DA:59,0
DA:60,0
DA:61,0
DA:62,0
DA:63,0
DA:66,0
DA:67,0
DA:68,0
DA:69,0
DA:70,0
DA:71,0
DA:74,0
DA:75,0
DA:76,0
DA:77,0
DA:78,0
DA:79,0
DA:82,0
DA:86,0
DA:92,0
LF:38
LH:0
BRDA:50,0,0,0
BRDA:50,0,1,0
BRDA:58,1,0,0
BRDA:58,1,1,0
BRDA:66,2,0,0
BRDA:66,2,1,0
BRDA:66,3,0,0
BRDA:66,3,1,0
BRDA:74,4,0,0
BRDA:74,4,1,0
BRF:10
BRH:0
end_of_record
TN:
SF:src\config\oauth.config.ts
FN:11,getBaseUrl
FN:61,getProviderConfig
FN:68,isProviderEnabled
FN:75,getActiveProviders
FN:76,(anonymous_4)
FN:85,validateOAuthConfig
FNF:6
FNH:0
FNDA:0,getBaseUrl
FNDA:0,getProviderConfig
FNDA:0,isProviderEnabled
FNDA:0,getActiveProviders
FNDA:0,(anonymous_4)
FNDA:0,validateOAuthConfig
DA:6,0
DA:12,0
DA:21,0
DA:61,0
DA:62,0
DA:68,0
DA:69,0
DA:75,0
DA:76,0
DA:77,0
DA:85,0
DA:86,0
DA:87,0
DA:89,0
DA:90,0
DA:91,0
DA:92,0
DA:93,0
DA:96,0
DA:97,0
DA:98,0
DA:100,0
DA:101,0
DA:103,0
DA:104,0
DA:106,0
DA:107,0
DA:112,0
DA:113,0
DA:116,0
DA:117,0
DA:122,0
LF:32
LH:0
BRDA:12,0,0,0
BRDA:12,0,1,0
BRDA:12,0,2,0
BRDA:24,1,0,0
BRDA:24,1,1,0
BRDA:25,2,0,0
BRDA:25,2,1,0
BRDA:26,3,0,0
BRDA:26,3,1,0
BRDA:28,4,0,0
BRDA:28,4,1,0
BRDA:32,5,0,0
BRDA:32,5,1,0
BRDA:34,6,0,0
BRDA:34,6,1,0
BRDA:36,7,0,0
BRDA:36,7,1,0
BRDA:36,7,2,0
BRDA:36,7,3,0
BRDA:40,8,0,0
BRDA:40,8,1,0
BRDA:41,9,0,0
BRDA:41,9,1,0
BRDA:42,10,0,0
BRDA:42,10,1,0
BRDA:44,11,0,0
BRDA:44,11,1,0
BRDA:48,12,0,0
BRDA:48,12,1,0
BRDA:49,13,0,0
BRDA:49,13,1,0
BRDA:50,14,0,0
BRDA:50,14,1,0
BRDA:52,15,0,0
BRDA:52,15,1,0
BRDA:54,16,0,0
BRDA:54,16,1,0
BRDA:54,16,2,0
BRDA:91,17,0,0
BRDA:91,17,1,0
BRDA:92,18,0,0
BRDA:92,18,1,0
BRDA:96,19,0,0
BRDA:96,19,1,0
BRDA:97,20,0,0
BRDA:97,20,1,0
BRDA:100,21,0,0
BRDA:100,21,1,0
BRDA:103,22,0,0
BRDA:103,22,1,0
BRDA:106,23,0,0
BRDA:106,23,1,0
BRDA:112,24,0,0
BRDA:112,24,1,0
BRDA:116,25,0,0
BRDA:116,25,1,0
BRDA:116,26,0,0
BRDA:116,26,1,0
BRF:58
BRH:0
end_of_record
TN:
SF:src\controllers\auth.controller.ts
FN:19,getNonce
FN:74,register
FN:163,login
FN:251,loginWithWallet
FN:287,refresh
FN:326,me
FN:345,logout
FN:381,registerWithEmail
FN:468,registerWithWallet
FN:557,loginWithEmail
FN:649,getSessions
FN:678,revokeSession
FN:726,getDeviceType
FN:747,getOSFromUserAgent
FN:764,getBrowserFromUserAgent
FN:784,forgotPassword
FN:858,resetPassword
FNF:17
FNH:0
FNDA:0,getNonce
FNDA:0,register
FNDA:0,login
FNDA:0,loginWithWallet
FNDA:0,refresh
FNDA:0,me
FNDA:0,logout
FNDA:0,registerWithEmail
FNDA:0,registerWithWallet
FNDA:0,loginWithEmail
FNDA:0,getSessions
FNDA:0,revokeSession
FNDA:0,getDeviceType
FNDA:0,getOSFromUserAgent
FNDA:0,getBrowserFromUserAgent
FNDA:0,forgotPassword
FNDA:0,resetPassword
DA:7,0
DA:17,0
DA:19,0
DA:24,0
DA:25,0
DA:26,0
DA:27,0
DA:29,0
DA:30,0
DA:35,0
DA:74,0
DA:79,0
DA:80,0
DA:83,0
DA:84,0
DA:98,0
DA:99,0
DA:100,0
DA:114,0
DA:115,0
DA:129,0
DA:140,0
DA:142,0
DA:152,0
DA:163,0
DA:164,0
DA:165,0
DA:168,0
DA:169,0
DA:183,0
DA:184,0
DA:185,0
DA:199,0
DA:200,0
DA:214,0
DA:225,0
DA:231,0
DA:233,0
DA:243,0
DA:251,0
DA:256,0
DA:258,0
DA:269,0
DA:270,0
DA:276,0
DA:287,0
DA:288,0
DA:289,0
DA:290,0
DA:303,0
DA:307,0
DA:322,0
DA:326,0
DA:327,0
DA:328,0
DA:329,0
DA:334,0
DA:345,0
DA:346,0
DA:347,0
DA:348,0
DA:361,0
DA:363,0
DA:372,0
DA:381,0
DA:386,0
DA:387,0
DA:390,0
DA:391,0
DA:405,0
DA:406,0
DA:407,0
DA:421,0
DA:422,0
DA:436,0
DA:447,0
DA:449,0
DA:459,0
DA:468,0
DA:473,0
DA:474,0
DA:477,0
DA:484,0
DA:499,0
DA:500,0
DA:501,0
DA:515,0
DA:516,0
DA:530,0
DA:541,0
DA:543,0
DA:553,0
DA:557,0
DA:562,0
DA:563,0
DA:566,0
DA:567,0
DA:581,0
DA:582,0
DA:583,0
DA:597,0
DA:598,0
DA:612,0
DA:623,0
DA:629,0
DA:631,0
DA:641,0
DA:649,0
DA:654,0
DA:655,0
DA:656,0
DA:657,0
DA:660,0
DA:662,0
DA:670,0
DA:678,0
DA:683,0
DA:684,0
DA:685,0
DA:687,0
DA:688,0
DA:695,0
DA:696,0
DA:705,0
DA:707,0
DA:709,0
DA:717,0
DA:727,0
DA:729,0
DA:734,0
DA:735,0
DA:736,0
DA:738,0
DA:748,0
DA:750,0
DA:751,0
DA:752,0
DA:753,0
DA:754,0
DA:756,0
DA:765,0
DA:767,0
DA:768,0
DA:769,0
DA:770,0
DA:771,0
DA:773,0
DA:784,0
DA:789,0
DA:790,0
DA:793,0
DA:794,0
DA:808,0
DA:809,0
DA:810,0
DA:824,0
DA:835,0
DA:837,0
DA:846,0
DA:858,0
DA:863,0
DA:864,0
DA:867,0
DA:868,0
DA:882,0
DA:883,0
DA:897,0
DA:908,0
DA:910,0
DA:919,0
LF:170
LH:0
BRDA:26,0,0,0
BRDA:26,0,1,0
BRDA:83,1,0,0
BRDA:83,1,1,0
BRDA:83,2,0,0
BRDA:83,2,1,0
BRDA:92,3,0,0
BRDA:92,3,1,0
BRDA:99,4,0,0
BRDA:99,4,1,0
BRDA:108,5,0,0
BRDA:108,5,1,0
BRDA:114,6,0,0
BRDA:114,6,1,0
BRDA:123,7,0,0
BRDA:123,7,1,0
BRDA:130,8,0,0
BRDA:130,8,1,0
BRDA:134,9,0,0
BRDA:134,9,1,0
BRDA:135,10,0,0
BRDA:135,10,1,0
BRDA:136,11,0,0
BRDA:136,11,1,0
BRDA:136,11,2,0
BRDA:137,12,0,0
BRDA:137,12,1,0
BRDA:148,13,0,0
BRDA:148,13,1,0
BRDA:168,14,0,0
BRDA:168,14,1,0
BRDA:168,15,0,0
BRDA:168,15,1,0
BRDA:177,16,0,0
BRDA:177,16,1,0
BRDA:184,17,0,0
BRDA:184,17,1,0
BRDA:193,18,0,0
BRDA:193,18,1,0
BRDA:199,19,0,0
BRDA:199,19,1,0
BRDA:208,20,0,0
BRDA:208,20,1,0
BRDA:215,21,0,0
BRDA:215,21,1,0
BRDA:219,22,0,0
BRDA:219,22,1,0
BRDA:220,23,0,0
BRDA:220,23,1,0
BRDA:221,24,0,0
BRDA:221,24,1,0
BRDA:221,24,2,0
BRDA:222,25,0,0
BRDA:222,25,1,0
BRDA:239,26,0,0
BRDA:239,26,1,0
BRDA:259,27,0,0
BRDA:259,27,1,0
BRDA:263,28,0,0
BRDA:263,28,1,0
BRDA:264,29,0,0
BRDA:264,29,1,0
BRDA:265,30,0,0
BRDA:265,30,1,0
BRDA:265,30,2,0
BRDA:266,31,0,0
BRDA:266,31,1,0
BRDA:289,32,0,0
BRDA:289,32,1,0
BRDA:298,33,0,0
BRDA:298,33,1,0
BRDA:318,34,0,0
BRDA:318,34,1,0
BRDA:347,35,0,0
BRDA:347,35,1,0
BRDA:356,36,0,0
BRDA:356,36,1,0
BRDA:368,37,0,0
BRDA:368,37,1,0
BRDA:390,38,0,0
BRDA:390,38,1,0
BRDA:390,39,0,0
BRDA:390,39,1,0
BRDA:390,39,2,0
BRDA:399,40,0,0
BRDA:399,40,1,0
BRDA:406,41,0,0
BRDA:406,41,1,0
BRDA:415,42,0,0
BRDA:415,42,1,0
BRDA:421,43,0,0
BRDA:421,43,1,0
BRDA:430,44,0,0
BRDA:430,44,1,0
BRDA:437,45,0,0
BRDA:437,45,1,0
BRDA:441,46,0,0
BRDA:441,46,1,0
BRDA:442,47,0,0
BRDA:442,47,1,0
BRDA:443,48,0,0
BRDA:443,48,1,0
BRDA:443,48,2,0
BRDA:444,49,0,0
BRDA:444,49,1,0
BRDA:455,50,0,0
BRDA:455,50,1,0
BRDA:477,51,0,0
BRDA:477,51,1,0
BRDA:478,52,0,0
BRDA:478,52,1,0
BRDA:478,52,2,0
BRDA:478,52,3,0
BRDA:478,52,4,0
BRDA:493,53,0,0
BRDA:493,53,1,0
BRDA:500,54,0,0
BRDA:500,54,1,0
BRDA:509,55,0,0
BRDA:509,55,1,0
BRDA:515,56,0,0
BRDA:515,56,1,0
BRDA:524,57,0,0
BRDA:524,57,1,0
BRDA:531,58,0,0
BRDA:531,58,1,0
BRDA:535,59,0,0
BRDA:535,59,1,0
BRDA:536,60,0,0
BRDA:536,60,1,0
BRDA:537,61,0,0
BRDA:537,61,1,0
BRDA:537,61,2,0
BRDA:538,62,0,0
BRDA:538,62,1,0
BRDA:549,63,0,0
BRDA:549,63,1,0
BRDA:566,64,0,0
BRDA:566,64,1,0
BRDA:566,65,0,0
BRDA:566,65,1,0
BRDA:575,66,0,0
BRDA:575,66,1,0
BRDA:582,67,0,0
BRDA:582,67,1,0
BRDA:591,68,0,0
BRDA:591,68,1,0
BRDA:597,69,0,0
BRDA:597,69,1,0
BRDA:606,70,0,0
BRDA:606,70,1,0
BRDA:613,71,0,0
BRDA:613,71,1,0
BRDA:617,72,0,0
BRDA:617,72,1,0
BRDA:618,73,0,0
BRDA:618,73,1,0
BRDA:619,74,0,0
BRDA:619,74,1,0
BRDA:619,74,2,0
BRDA:620,75,0,0
BRDA:620,75,1,0
BRDA:637,76,0,0
BRDA:637,76,1,0
BRDA:656,77,0,0
BRDA:656,77,1,0
BRDA:656,77,2,0
BRDA:657,78,0,0
BRDA:657,78,1,0
BRDA:687,79,0,0
BRDA:687,79,1,0
BRDA:695,80,0,0
BRDA:695,80,1,0
BRDA:705,81,0,0
BRDA:705,81,1,0
BRDA:729,82,0,0
BRDA:729,82,1,0
BRDA:730,83,0,0
BRDA:730,83,1,0
BRDA:730,83,2,0
BRDA:735,84,0,0
BRDA:735,84,1,0
BRDA:735,85,0,0
BRDA:735,85,1,0
BRDA:750,86,0,0
BRDA:750,86,1,0
BRDA:751,87,0,0
BRDA:751,87,1,0
BRDA:751,88,0,0
BRDA:751,88,1,0
BRDA:752,89,0,0
BRDA:752,89,1,0
BRDA:753,90,0,0
BRDA:753,90,1,0
BRDA:754,91,0,0
BRDA:754,91,1,0
BRDA:754,92,0,0
BRDA:754,92,1,0
BRDA:767,93,0,0
BRDA:767,93,1,0
BRDA:767,94,0,0
BRDA:767,94,1,0
BRDA:768,95,0,0
BRDA:768,95,1,0
BRDA:769,96,0,0
BRDA:769,96,1,0
BRDA:769,97,0,0
BRDA:769,97,1,0
BRDA:770,98,0,0
BRDA:770,98,1,0
BRDA:771,99,0,0
BRDA:771,99,1,0
BRDA:793,100,0,0
BRDA:793,100,1,0
BRDA:802,101,0,0
BRDA:802,101,1,0
BRDA:809,102,0,0
BRDA:809,102,1,0
BRDA:818,103,0,0
BRDA:818,103,1,0
BRDA:825,104,0,0
BRDA:825,104,1,0
BRDA:829,105,0,0
BRDA:829,105,1,0
BRDA:830,106,0,0
BRDA:830,106,1,0
BRDA:831,107,0,0
BRDA:831,107,1,0
BRDA:831,107,2,0
BRDA:832,108,0,0
BRDA:832,108,1,0
BRDA:842,109,0,0
BRDA:842,109,1,0
BRDA:867,110,0,0
BRDA:867,110,1,0
BRDA:867,111,0,0
BRDA:867,111,1,0
BRDA:876,112,0,0
BRDA:876,112,1,0
BRDA:882,113,0,0
BRDA:882,113,1,0
BRDA:891,114,0,0
BRDA:891,114,1,0
BRDA:898,115,0,0
BRDA:898,115,1,0
BRDA:902,116,0,0
BRDA:902,116,1,0
BRDA:903,117,0,0
BRDA:903,117,1,0
BRDA:904,118,0,0
BRDA:904,118,1,0
BRDA:904,118,2,0
BRDA:905,119,0,0
BRDA:905,119,1,0
BRDA:915,120,0,0
BRDA:915,120,1,0
BRF:256
BRH:0
end_of_record
TN:
SF:src\controllers\balance.controller.ts
FN:26,(anonymous_0)
FN:86,(anonymous_1)
FN:141,(anonymous_2)
FNF:3
FNH:0
FNDA:0,(anonymous_0)
FNDA:0,(anonymous_1)
FNDA:0,(anonymous_2)
DA:8,0
DA:9,0
DA:10,0
DA:11,0
DA:12,0
DA:26,0
DA:31,0
DA:33,0
DA:34,0
DA:37,0
DA:38,0
DA:41,0
DA:42,0
DA:44,0
DA:45,0
DA:51,0
DA:53,0
DA:59,0
DA:61,0
DA:65,0
DA:86,0
DA:91,0
DA:93,0
DA:94,0
DA:97,0
DA:100,0
DA:101,0
DA:102,0
DA:103,0
DA:104,0
DA:105,0
DA:108,0
DA:109,0
DA:115,0
DA:116,0
DA:122,0
DA:123,0
DA:126,0
DA:127,0
DA:131,0
DA:141,0
DA:152,0
DA:160,0
LF:43
LH:0
BRDA:33,0,0,0
BRDA:33,0,1,0
BRDA:41,1,0,0
BRDA:41,1,1,0
BRDA:42,2,0,0
BRDA:42,2,1,0
BRDA:44,3,0,0
BRDA:44,3,1,0
BRDA:93,4,0,0
BRDA:93,4,1,0
BRDA:104,5,0,0
BRDA:104,5,1,0
BRDA:105,6,0,0
BRDA:105,6,1,0
BRDA:108,7,0,0
BRDA:108,7,1,0
BRDA:108,8,0,0
BRDA:108,8,1,0
BRDA:115,9,0,0
BRDA:115,9,1,0
BRDA:115,10,0,0
BRDA:115,10,1,0
BRDA:122,11,0,0
BRDA:122,11,1,0
BRDA:126,12,0,0
BRDA:126,12,1,0
BRF:26
BRH:0
end_of_record
TN:
SF:src\controllers\escrow-balance.controller.ts
FN:10,(anonymous_1)
FNF:1
FNH:0
FNDA:0,(anonymous_1)
DA:2,0
DA:3,0
DA:4,0
DA:10,0
DA:15,0
DA:16,0
DA:18,0
DA:19,0
DA:25,0
DA:27,0
DA:29,0
DA:31,0
DA:32,0
DA:37,0
DA:38,0
DA:46,0
DA:48,0
DA:49,0
DA:56,0
DA:62,0
LF:20
LH:0
BRDA:18,0,0,0
BRDA:18,0,1,0
BRDA:29,1,0,0
BRDA:29,1,1,0
BRDA:31,2,0,0
BRDA:31,2,1,0
BRDA:48,3,0,0
BRDA:48,3,1,0
BRDA:48,4,0,0
BRDA:48,4,1,0
BRDA:50,5,0,0
BRDA:50,5,1,0
BRF:12
BRH:0
end_of_record
TN:
SF:src\controllers\escrow-init.controller.ts
FN:6,(anonymous_1)
FNF:1
FNH:0
FNDA:0,(anonymous_1)
DA:2,0
DA:3,0
DA:4,0
DA:6,0
DA:7,0
DA:8,0
DA:10,0
DA:12,0
DA:15,0
DA:17,0
DA:18,0
DA:20,0
DA:21,0
DA:24,0
DA:25,0
DA:31,0
DA:33,0
DA:35,0
DA:37,0
DA:41,0
LF:20
LH:0
BRDA:10,0,0,0
BRDA:10,0,1,0
BRDA:18,1,0,0
BRDA:18,1,1,0
BRDA:20,2,0,0
BRDA:20,2,1,0
BRDA:33,3,0,0
BRDA:33,3,1,0
BRDA:33,4,0,0
BRDA:33,4,1,0
BRDA:35,5,0,0
BRDA:35,5,1,0
BRF:12
BRH:0
end_of_record
TN:
SF:src\controllers\escrow-query.controller.ts
FN:6,(anonymous_1)
FNF:1
FNH:0
FNDA:0,(anonymous_1)
DA:2,0
DA:3,0
DA:4,0
DA:6,0
DA:7,0
DA:8,0
DA:10,0
DA:11,0
DA:14,0
DA:16,0
DA:17,0
DA:19,0
DA:20,0
DA:23,0
DA:24,0
DA:32,0
DA:34,0
DA:35,0
DA:42,0
DA:46,0
LF:20
LH:0
BRDA:10,0,0,0
BRDA:10,0,1,0
BRDA:17,1,0,0
BRDA:17,1,1,0
BRDA:19,2,0,0
BRDA:19,2,1,0
BRDA:34,3,0,0
BRDA:34,3,1,0
BRDA:34,4,0,0
BRDA:34,4,1,0
BRDA:36,5,0,0
BRDA:36,5,1,0
BRF:12
BRH:0
end_of_record
TN:
SF:src\controllers\oauth.controller.ts
FN:17,validateRedirectUrl
FN:41,(anonymous_1)
FN:73,initiateOAuth
FN:127,handleOAuthCallback
FN:262,linkOAuthAccount
FN:322,unlinkOAuthAccount
FN:365,getLinkedAccounts
FN:400,(anonymous_7)
FNF:8
FNH:0
FNDA:0,validateRedirectUrl
FNDA:0,(anonymous_1)
FNDA:0,initiateOAuth
FNDA:0,handleOAuthCallback
FNDA:0,linkOAuthAccount
FNDA:0,unlinkOAuthAccount
FNDA:0,getLinkedAccounts
FNDA:0,(anonymous_7)
DA:7,0
DA:8,0
DA:9,0
DA:10,0
DA:11,0
DA:12,0
DA:18,0
DA:19,0
DA:22,0
DA:23,0
DA:26,0
DA:27,0
DA:28,0
DA:32,0
DA:38,0
DA:41,0
DA:43,0
DA:45,0
DA:46,0
DA:47,0
DA:49,0
DA:52,0
DA:53,0
DA:54,0
DA:58,0
DA:59,0
DA:60,0
DA:63,0
DA:65,0
DA:66,0
DA:73,0
DA:78,0
DA:79,0
DA:80,0
DA:83,0
DA:84,0
DA:87,0
DA:90,0
DA:92,0
DA:103,0
DA:104,0
DA:108,0
DA:116,0
DA:117,0
DA:118,0
DA:120,0
DA:127,0
DA:132,0
DA:133,0
DA:134,0
DA:137,0
DA:138,0
DA:150,0
DA:153,0
DA:154,0
DA:165,0
DA:169,0
DA:170,0
DA:172,0
DA:173,0
DA:176,0
DA:185,0
DA:186,0
DA:190,0
DA:195,0
DA:198,0
DA:199,0
DA:205,0
DA:208,0
DA:216,0
DA:225,0
DA:226,0
DA:230,0
DA:233,0
DA:236,0
DA:244,0
DA:253,0
DA:255,0
DA:262,0
DA:267,0
DA:268,0
DA:269,0
DA:271,0
DA:272,0
DA:283,0
DA:286,0
DA:288,0
DA:289,0
DA:300,0
DA:303,0
DA:304,0
DA:306,0
DA:315,0
DA:322,0
DA:327,0
DA:328,0
DA:329,0
DA:331,0
DA:332,0
DA:343,0
DA:346,0
DA:347,0
DA:349,0
DA:358,0
DA:365,0
DA:370,0
DA:371,0
DA:373,0
DA:374,0
DA:385,0
DA:388,0
DA:393,0
DA:394,0
DA:397,0
DA:400,0
DA:414,0
LF:116
LH:0
BRDA:18,0,0,0
BRDA:18,0,1,0
BRDA:19,1,0,0
BRDA:19,1,1,0
BRDA:26,2,0,0
BRDA:26,2,1,0
BRDA:28,3,0,0
BRDA:28,3,1,0
BRDA:35,4,0,0
BRDA:35,4,1,0
BRDA:43,5,0,0
BRDA:43,5,1,0
BRDA:45,6,0,0
BRDA:45,6,1,0
BRDA:52,7,0,0
BRDA:52,7,1,0
BRDA:54,8,0,0
BRDA:54,8,1,0
BRDA:58,9,0,0
BRDA:58,9,1,0
BRDA:58,10,0,0
BRDA:58,10,1,0
BRDA:60,11,0,0
BRDA:60,11,1,0
BRDA:66,12,0,0
BRDA:66,12,1,0
BRDA:97,13,0,0
BRDA:97,13,1,0
BRDA:103,14,0,0
BRDA:103,14,1,0
BRDA:137,15,0,0
BRDA:137,15,1,0
BRDA:147,16,0,0
BRDA:147,16,1,0
BRDA:153,17,0,0
BRDA:153,17,1,0
BRDA:153,18,0,0
BRDA:153,18,1,0
BRDA:162,19,0,0
BRDA:162,19,1,0
BRDA:172,20,0,0
BRDA:172,20,1,0
BRDA:185,21,0,0
BRDA:185,21,1,0
BRDA:185,22,0,0
BRDA:185,22,1,0
BRDA:198,23,0,0
BRDA:198,23,1,0
BRDA:198,24,0,0
BRDA:198,24,1,0
BRDA:205,25,0,0
BRDA:205,25,1,0
BRDA:205,25,2,0
BRDA:233,26,0,0
BRDA:233,26,1,0
BRDA:233,26,2,0
BRDA:271,27,0,0
BRDA:271,27,1,0
BRDA:280,28,0,0
BRDA:280,28,1,0
BRDA:288,29,0,0
BRDA:288,29,1,0
BRDA:297,30,0,0
BRDA:297,30,1,0
BRDA:311,31,0,0
BRDA:311,31,1,0
BRDA:331,32,0,0
BRDA:331,32,1,0
BRDA:340,33,0,0
BRDA:340,33,1,0
BRDA:354,34,0,0
BRDA:354,34,1,0
BRDA:373,35,0,0
BRDA:373,35,1,0
BRDA:382,36,0,0
BRDA:382,36,1,0
BRDA:393,37,0,0
BRDA:393,37,1,0
BRDA:400,38,0,0
BRDA:400,38,1,0
BRDA:406,39,0,0
BRDA:406,39,1,0
BRDA:410,40,0,0
BRDA:410,40,1,0
BRF:84
BRH:0
end_of_record
TN:
SF:src\controllers\profile.controller.ts
FN:19,(anonymous_0)
FN:67,(anonymous_1)
FN:115,(anonymous_2)
FNF:3
FNH:0
FNDA:0,(anonymous_0)
FNDA:0,(anonymous_1)
FNDA:0,(anonymous_2)
DA:8,0
DA:9,0
DA:10,0
DA:11,0
DA:16,0
DA:19,0
DA:24,0
DA:26,0
DA:27,0
DA:30,0
DA:32,0
DA:33,0
DA:40,0
DA:43,0
DA:54,0
DA:58,0
DA:67,0
DA:72,0
DA:73,0
DA:76,0
DA:77,0
DA:81,0
DA:84,0
DA:85,0
DA:89,0
DA:92,0
DA:93,0
DA:97,0
DA:102,0
DA:103,0
DA:106,0
DA:115,0
DA:120,0
DA:121,0
DA:122,0
DA:124,0
DA:125,0
DA:128,0
DA:129,0
DA:133,0
DA:134,0
DA:138,0
DA:139,0
DA:141,0
DA:142,0
DA:146,0
DA:148,0
DA:153,0
DA:154,0
DA:157,0
LF:50
LH:0
BRDA:26,0,0,0
BRDA:26,0,1,0
BRDA:32,1,0,0
BRDA:32,1,1,0
BRDA:76,2,0,0
BRDA:76,2,1,0
BRDA:81,3,0,0
BRDA:81,3,1,0
BRDA:84,4,0,0
BRDA:84,4,1,0
BRDA:92,5,0,0
BRDA:92,5,1,0
BRDA:102,6,0,0
BRDA:102,6,1,0
BRDA:102,7,0,0
BRDA:102,7,1,0
BRDA:122,8,0,0
BRDA:122,8,1,0
BRDA:124,9,0,0
BRDA:124,9,1,0
BRDA:128,10,0,0
BRDA:128,10,1,0
BRDA:133,11,0,0
BRDA:133,11,1,0
BRDA:133,12,0,0
BRDA:133,12,1,0
BRDA:141,13,0,0
BRDA:141,13,1,0
BRDA:153,14,0,0
BRDA:153,14,1,0
BRDA:153,15,0,0
BRDA:153,15,1,0
BRF:32
BRH:0
end_of_record
TN:
SF:src\controllers\project.controller.ts
FN:20,(anonymous_0)
FN:58,(anonymous_1)
FN:77,(anonymous_2)
FN:97,(anonymous_3)
FN:127,(anonymous_4)
FN:165,(anonymous_5)
FN:202,(anonymous_6)
FNF:7
FNH:0
FNDA:0,(anonymous_0)
FNDA:0,(anonymous_1)
FNDA:0,(anonymous_2)
FNDA:0,(anonymous_3)
FNDA:0,(anonymous_4)
FNDA:0,(anonymous_5)
FNDA:0,(anonymous_6)
DA:7,0
DA:8,0
DA:16,0
DA:17,0
DA:18,0
DA:20,0
DA:25,0
DA:26,0
DA:27,0
DA:30,0
DA:31,0
DA:34,0
DA:35,0
DA:39,0
DA:41,0
DA:42,0
DA:46,0
DA:50,0
DA:51,0
DA:53,0
DA:58,0
DA:63,0
DA:64,0
DA:65,0
DA:69,0
DA:70,0
DA:72,0
DA:77,0
DA:82,0
DA:83,0
DA:84,0
DA:85,0
DA:89,0
DA:90,0
DA:92,0
DA:97,0
DA:102,0
DA:103,0
DA:105,0
DA:106,0
DA:109,0
DA:111,0
DA:112,0
DA:115,0
DA:119,0
DA:120,0
DA:122,0
DA:127,0
DA:132,0
DA:133,0
DA:134,0
DA:135,0
DA:137,0
DA:138,0
DA:141,0
DA:142,0
DA:145,0
DA:147,0
DA:148,0
DA:153,0
DA:157,0
DA:158,0
DA:160,0
DA:165,0
DA:170,0
DA:171,0
DA:172,0
DA:174,0
DA:175,0
DA:178,0
DA:179,0
DA:182,0
DA:184,0
DA:185,0
DA:190,0
DA:194,0
DA:195,0
DA:197,0
DA:202,0
DA:207,0
DA:208,0
DA:209,0
DA:212,0
DA:213,0
DA:217,0
DA:218,0
DA:222,0
DA:229,0
DA:230,0
DA:234,0
DA:239,0
DA:240,0
DA:242,0
LF:93
LH:0
BRDA:27,0,0,0
BRDA:27,0,1,0
BRDA:30,1,0,0
BRDA:30,1,1,0
BRDA:34,2,0,0
BRDA:34,2,1,0
BRDA:41,3,0,0
BRDA:41,3,1,0
BRDA:50,4,0,0
BRDA:50,4,1,0
BRDA:69,5,0,0
BRDA:69,5,1,0
BRDA:89,6,0,0
BRDA:89,6,1,0
BRDA:105,7,0,0
BRDA:105,7,1,0
BRDA:111,8,0,0
BRDA:111,8,1,0
BRDA:119,9,0,0
BRDA:119,9,1,0
BRDA:137,10,0,0
BRDA:137,10,1,0
BRDA:141,11,0,0
BRDA:141,11,1,0
BRDA:147,12,0,0
BRDA:147,12,1,0
BRDA:149,13,0,0
BRDA:149,13,1,0
BRDA:154,14,0,0
BRDA:154,14,1,0
BRDA:157,15,0,0
BRDA:157,15,1,0
BRDA:174,16,0,0
BRDA:174,16,1,0
BRDA:178,17,0,0
BRDA:178,17,1,0
BRDA:184,18,0,0
BRDA:184,18,1,0
BRDA:186,19,0,0
BRDA:186,19,1,0
BRDA:191,20,0,0
BRDA:191,20,1,0
BRDA:194,21,0,0
BRDA:194,21,1,0
BRDA:212,22,0,0
BRDA:212,22,1,0
BRDA:212,23,0,0
BRDA:212,23,1,0
BRDA:217,24,0,0
BRDA:217,24,1,0
BRDA:217,25,0,0
BRDA:217,25,1,0
BRDA:229,26,0,0
BRDA:229,26,1,0
BRDA:231,27,0,0
BRDA:231,27,1,0
BRDA:235,28,0,0
BRDA:235,28,1,0
BRDA:239,29,0,0
BRDA:239,29,1,0
BRF:60
BRH:0
end_of_record
TN:
SF:src\controllers\role.controller.ts
FN:26,(anonymous_0)
FN:86,(anonymous_1)
FNF:2
FNH:0
FNDA:0,(anonymous_0)
FNDA:0,(anonymous_1)
DA:8,0
DA:9,0
DA:10,0
DA:11,0
DA:26,0
DA:31,0
DA:32,0
DA:33,0
DA:36,0
DA:37,0
DA:41,0
DA:42,0
DA:46,0
DA:47,0
DA:51,0
DA:52,0
DA:59,0
DA:62,0
DA:69,0
DA:86,0
DA:91,0
DA:92,0
DA:93,0
DA:96,0
DA:97,0
DA:101,0
DA:102,0
DA:106,0
DA:107,0
DA:111,0
DA:112,0
DA:119,0
DA:122,0
DA:129,0
LF:34
LH:0
BRDA:36,0,0,0
BRDA:36,0,1,0
BRDA:41,1,0,0
BRDA:41,1,1,0
BRDA:46,2,0,0
BRDA:46,2,1,0
BRDA:51,3,0,0
BRDA:51,3,1,0
BRDA:96,4,0,0
BRDA:96,4,1,0
BRDA:101,5,0,0
BRDA:101,5,1,0
BRDA:106,6,0,0
BRDA:106,6,1,0
BRDA:111,7,0,0
BRDA:111,7,1,0
BRF:16
BRH:0
end_of_record
TN:
SF:src\controllers\task.controller.ts
FN:52,recordTaskOutcome
FN:72,(anonymous_1)
FN:107,getTaskRecordByProject
FN:162,getClientTaskRecords
FN:202,getFreelancerTaskRecords
FNF:5
FNH:0
FNDA:0,recordTaskOutcome
FNDA:0,(anonymous_1)
FNDA:0,getTaskRecordByProject
FNDA:0,getClientTaskRecords
FNDA:0,getFreelancerTaskRecords
DA:7,0
DA:10,0
DA:11,0
DA:52,0
DA:57,0
DA:58,0
DA:61,0
DA:62,0
DA:65,0
DA:66,0
DA:69,0
DA:71,0
DA:72,0
DA:73,0
DA:76,0
DA:80,0
DA:83,0
DA:96,0
DA:107,0
DA:112,0
DA:113,0
DA:115,0
DA:116,0
DA:119,0
DA:121,0
DA:122,0
DA:125,0
DA:127,0
DA:128,0
DA:138,0
DA:151,0
DA:162,0
DA:167,0
DA:168,0
DA:170,0
DA:171,0
DA:174,0
DA:175,0
DA:177,0
DA:191,0
DA:202,0
DA:207,0
DA:208,0
DA:210,0
DA:211,0
DA:214,0
DA:215,0
DA:217,0
DA:231,0
LF:49
LH:0
BRDA:61,0,0,0
BRDA:61,0,1,0
BRDA:71,1,0,0
BRDA:71,1,1,0
BRDA:91,2,0,0
BRDA:91,2,1,0
BRDA:115,3,0,0
BRDA:115,3,1,0
BRDA:121,4,0,0
BRDA:121,4,1,0
BRDA:127,5,0,0
BRDA:127,5,1,0
BRDA:133,6,0,0
BRDA:133,6,1,0
BRDA:146,7,0,0
BRDA:146,7,1,0
BRDA:170,8,0,0
BRDA:170,8,1,0
BRDA:186,9,0,0
BRDA:186,9,1,0
BRDA:210,10,0,0
BRDA:210,10,1,0
BRDA:226,11,0,0
BRDA:226,11,1,0
BRF:24
BRH:0
end_of_record
TN:
SF:src\controllers\user.controller.ts
FN:21,(anonymous_0)
FN:54,(anonymous_1)
FN:83,(anonymous_2)
FN:122,(anonymous_3)
FN:175,(anonymous_4)
FN:234,(anonymous_5)
FN:307,(anonymous_6)
FN:343,(anonymous_7)
FNF:8
FNH:0
FNDA:0,(anonymous_0)
FNDA:0,(anonymous_1)
FNDA:0,(anonymous_2)
FNDA:0,(anonymous_3)
FNDA:0,(anonymous_4)
FNDA:0,(anonymous_5)
FNDA:0,(anonymous_6)
FNDA:0,(anonymous_7)
DA:8,0
DA:9,0
DA:11,0
DA:12,0
DA:21,0
DA:22,0
DA:23,0
DA:26,0
DA:28,0
DA:29,0
DA:32,0
DA:41,0
DA:46,0
DA:47,0
DA:50,0
DA:54,0
DA:55,0
DA:56,0
DA:57,0
DA:59,0
DA:60,0
DA:63,0
DA:64,0
DA:67,0
DA:68,0
DA:70,0
DA:75,0
DA:76,0
DA:79,0
DA:83,0
DA:88,0
DA:89,0
DA:90,0
DA:92,0
DA:94,0
DA:96,0
DA:97,0
DA:99,0
DA:102,0
DA:103,0
DA:104,0
DA:105,0
DA:109,0
DA:114,0
DA:115,0
DA:118,0
DA:122,0
DA:127,0
DA:128,0
DA:138,0
DA:139,0
DA:142,0
DA:143,0
DA:147,0
DA:148,0
DA:151,0
DA:153,0
DA:167,0
DA:168,0
DA:171,0
DA:175,0
DA:180,0
DA:181,0
DA:182,0
DA:183,0
DA:185,0
DA:186,0
DA:189,0
DA:190,0
DA:194,0
DA:195,0
DA:199,0
DA:200,0
DA:201,0
DA:204,0
DA:205,0
DA:213,0
DA:215,0
DA:217,0
DA:222,0
DA:223,0
DA:226,0
DA:234,0
DA:239,0
DA:240,0
DA:242,0
DA:243,0
DA:246,0
DA:248,0
DA:249,0
DA:252,0
DA:255,0
DA:256,0
DA:257,0
DA:263,0
DA:264,0
DA:270,0
DA:271,0
DA:272,0
DA:281,0
DA:282,0
DA:283,0
DA:289,0
DA:290,0
DA:291,0
DA:292,0
DA:298,0
DA:306,0
DA:307,0
DA:316,0
DA:319,0
DA:324,0
DA:329,0
DA:330,0
DA:333,0
DA:343,0
DA:348,0
DA:349,0
DA:352,0
DA:353,0
DA:356,0
DA:357,0
DA:361,0
DA:362,0
DA:369,0
DA:370,0
DA:373,0
DA:376,0
DA:378,0
DA:384,0
DA:385,0
DA:388,0
LF:132
LH:0
BRDA:28,0,0,0
BRDA:28,0,1,0
BRDA:46,1,0,0
BRDA:46,1,1,0
BRDA:46,2,0,0
BRDA:46,2,1,0
BRDA:57,3,0,0
BRDA:57,3,1,0
BRDA:59,4,0,0
BRDA:59,4,1,0
BRDA:63,5,0,0
BRDA:63,5,1,0
BRDA:68,6,0,0
BRDA:68,6,1,0
BRDA:75,7,0,0
BRDA:75,7,1,0
BRDA:75,8,0,0
BRDA:75,8,1,0
BRDA:90,9,0,0
BRDA:90,9,1,0
BRDA:92,10,0,0
BRDA:92,10,1,0
BRDA:94,11,0,0
BRDA:94,11,1,0
BRDA:99,12,0,0
BRDA:99,12,1,0
BRDA:104,13,0,0
BRDA:104,13,1,0
BRDA:114,14,0,0
BRDA:114,14,1,0
BRDA:114,15,0,0
BRDA:114,15,1,0
BRDA:129,16,0,0
BRDA:129,16,1,0
BRDA:130,17,0,0
BRDA:130,17,1,0
BRDA:132,18,0,0
BRDA:132,18,1,0
BRDA:138,19,0,0
BRDA:138,19,1,0
BRDA:138,20,0,0
BRDA:138,20,1,0
BRDA:142,21,0,0
BRDA:142,21,1,0
BRDA:142,22,0,0
BRDA:142,22,1,0
BRDA:147,23,0,0
BRDA:147,23,1,0
BRDA:147,24,0,0
BRDA:147,24,1,0
BRDA:158,25,0,0
BRDA:158,25,1,0
BRDA:159,26,0,0
BRDA:159,26,1,0
BRDA:161,27,0,0
BRDA:161,27,1,0
BRDA:167,28,0,0
BRDA:167,28,1,0
BRDA:167,29,0,0
BRDA:167,29,1,0
BRDA:182,30,0,0
BRDA:182,30,1,0
BRDA:185,31,0,0
BRDA:185,31,1,0
BRDA:189,32,0,0
BRDA:189,32,1,0
BRDA:194,33,0,0
BRDA:194,33,1,0
BRDA:194,34,0,0
BRDA:194,34,1,0
BRDA:199,35,0,0
BRDA:199,35,1,0
BRDA:199,36,0,0
BRDA:199,36,1,0
BRDA:199,36,2,0
BRDA:200,37,0,0
BRDA:200,37,1,0
BRDA:204,38,0,0
BRDA:204,38,1,0
BRDA:213,39,0,0
BRDA:213,39,1,0
BRDA:222,40,0,0
BRDA:222,40,1,0
BRDA:222,41,0,0
BRDA:222,41,1,0
BRDA:242,42,0,0
BRDA:242,42,1,0
BRDA:248,43,0,0
BRDA:248,43,1,0
BRDA:248,44,0,0
BRDA:248,44,1,0
BRDA:255,45,0,0
BRDA:255,45,1,0
BRDA:256,46,0,0
BRDA:256,46,1,0
BRDA:263,47,0,0
BRDA:263,47,1,0
BRDA:263,48,0,0
BRDA:263,48,1,0
BRDA:271,49,0,0
BRDA:271,49,1,0
BRDA:281,50,0,0
BRDA:281,50,1,0
BRDA:281,51,0,0
BRDA:281,51,1,0
BRDA:281,51,2,0
BRDA:282,52,0,0
BRDA:282,52,1,0
BRDA:291,53,0,0
BRDA:291,53,1,0
BRDA:306,54,0,0
BRDA:306,54,1,0
BRDA:316,55,0,0
BRDA:316,55,1,0
BRDA:329,56,0,0
BRDA:329,56,1,0
BRDA:329,57,0,0
BRDA:329,57,1,0
BRDA:352,58,0,0
BRDA:352,58,1,0
BRDA:356,59,0,0
BRDA:356,59,1,0
BRDA:361,60,0,0
BRDA:361,60,1,0
BRDA:369,61,0,0
BRDA:369,61,1,0
BRDA:369,62,0,0
BRDA:369,62,1,0
BRDA:384,63,0,0
BRDA:384,63,1,0
BRDA:384,64,0,0
BRDA:384,64,1,0
BRDA:384,64,2,0
BRF:133
BRH:0
end_of_record
TN:
SF:src\controllers\wallet.controller.ts
FN:30,(anonymous_0)
FN:115,disconnectWallet
FN:154,setPrimaryWallet
FNF:3
FNH:0
FNDA:0,(anonymous_0)
FNDA:0,disconnectWallet
FNDA:0,setPrimaryWallet
DA:8,0
DA:13,0
DA:20,0
DA:24,0
DA:30,0
DA:35,0
DA:36,0
DA:39,0
DA:40,0
DA:44,0
DA:49,0
DA:56,0
DA:57,0
DA:61,0
DA:62,0
DA:65,0
DA:68,0
DA:71,0
DA:86,0
DA:88,0
DA:89,0
DA:96,0
DA:100,0
DA:101,0
DA:104,0
DA:115,0
DA:120,0
DA:121,0
DA:122,0
DA:125,0
DA:126,0
DA:130,0
DA:131,0
DA:135,0
DA:137,0
DA:143,0
DA:154,0
DA:159,0
DA:160,0
DA:161,0
DA:164,0
DA:165,0
DA:169,0
DA:170,0
DA:174,0
DA:177,0
DA:191,0
LF:47
LH:0
BRDA:39,0,0,0
BRDA:39,0,1,0
BRDA:39,1,0,0
BRDA:39,1,1,0
BRDA:44,2,0,0
BRDA:44,2,1,0
BRDA:45,3,0,0
BRDA:45,3,1,0
BRDA:45,3,2,0
BRDA:56,4,0,0
BRDA:56,4,1,0
BRDA:61,5,0,0
BRDA:61,5,1,0
BRDA:61,6,0,0
BRDA:61,6,1,0
BRDA:86,7,0,0
BRDA:86,7,1,0
BRDA:88,8,0,0
BRDA:88,8,1,0
BRDA:100,9,0,0
BRDA:100,9,1,0
BRDA:100,10,0,0
BRDA:100,10,1,0
BRDA:125,11,0,0
BRDA:125,11,1,0
BRDA:130,12,0,0
BRDA:130,12,1,0
BRDA:130,13,0,0
BRDA:130,13,1,0
BRDA:164,14,0,0
BRDA:164,14,1,0
BRDA:169,15,0,0
BRDA:169,15,1,0
BRDA:169,16,0,0
BRDA:169,16,1,0
BRF:35
BRH:0
end_of_record
TN:
SF:src\lib\airtm.client.ts
FN:15,(anonymous_0)
FNF:1
FNH:0
FNDA:0,(anonymous_0)
DA:5,0
DA:9,0
DA:16,0
DA:24,0
DA:25,0
DA:28,0
DA:30,0
DA:35,0
LF:8
LH:0
BRDA:24,0,0,0
BRDA:24,0,1,0
BRDA:24,1,0,0
BRDA:24,1,1,0
BRF:4
BRH:0
end_of_record
TN:
SF:src\lib\supabase\supabase.ts
FN:8,createSupabaseClient
FNF:1
FNH:0
FNDA:0,createSupabaseClient
DA:1,0
DA:9,0
DA:10,0
DA:12,0
DA:13,0
DA:19,0
DA:20,0
DA:27,0
DA:28,0
DA:30,0
DA:36,0
DA:45,0
LF:12
LH:0
BRDA:12,0,0,0
BRDA:12,0,1,0
BRDA:19,1,0,0
BRDA:19,1,1,0
BRF:4
BRH:0
end_of_record
TN:
SF:src\middlewares\auth.middleware.ts
FN:24,(anonymous_0)
FN:49,(anonymous_1)
FN:50,(anonymous_2)
FN:268,authorizeRoles
FN:269,(anonymous_4)
FN:321,setSecurityHeaders
FN:359,logAuthAttempt
FN:413,validateToken
FN:489,(anonymous_8)
FN:521,(anonymous_9)
FNF:10
FNH:0
FNDA:0,(anonymous_0)
FNDA:0,(anonymous_1)
FNDA:0,(anonymous_2)
FNDA:0,authorizeRoles
FNDA:0,(anonymous_4)
FNDA:0,setSecurityHeaders
FNDA:0,logAuthAttempt
FNDA:0,validateToken
FNDA:0,(anonymous_8)
FNDA:0,(anonymous_9)
DA:1,0
DA:2,0
DA:3,0
DA:21,0
DA:22,0
DA:24,0
DA:49,0
DA:50,0
DA:55,0
DA:56,0
DA:57,0
DA:60,0
DA:70,0
DA:72,0
DA:73,0
DA:74,0
DA:75,0
DA:79,0
DA:83,0
DA:84,0
DA:85,0
DA:88,0
DA:89,0
DA:95,0
DA:102,0
DA:103,0
DA:109,0
DA:113,0
DA:114,0
DA:124,0
DA:129,0
DA:130,0
DA:132,0
DA:138,0
DA:142,0
DA:143,0
DA:149,0
DA:150,0
DA:157,0
DA:161,0
DA:162,0
DA:165,0
DA:181,0
DA:182,0
DA:189,0
DA:190,0
DA:191,0
DA:194,0
DA:195,0
DA:207,0
DA:209,0
DA:211,0
DA:212,0
DA:218,0
DA:238,0
DA:268,0
DA:269,0
DA:270,0
DA:272,0
DA:273,0
DA:276,0
DA:278,0
DA:279,0
DA:294,0
DA:300,0
DA:322,0
DA:324,0
DA:325,0
DA:326,0
DA:327,0
DA:328,0
DA:360,0
DA:362,0
DA:365,0
DA:373,0
DA:413,0
DA:414,0
DA:415,0
DA:416,0
DA:424,0
DA:425,0
DA:427,0
DA:428,0
DA:436,0
DA:438,0
DA:445,0
DA:489,0
DA:494,0
DA:496,0
DA:497,0
DA:500,0
DA:502,0
DA:503,0
DA:507,0
DA:514,0
DA:515,0
DA:521,0
DA:525,0
DA:526,0
DA:527,0
DA:528,0
DA:531,0
DA:532,0
DA:533,0
DA:534,0
DA:540,0
DA:541,0
DA:543,0
DA:544,0
DA:545,0
DA:546,0
DA:548,0
DA:551,0
DA:553,0
DA:555,0
DA:556,0
DA:557,0
DA:558,0
DA:560,0
DA:563,0
DA:567,0
DA:569,0
DA:571,0
DA:573,0
DA:576,0
DA:579,0
DA:580,0
DA:588,0
DA:589,0
DA:591,0
DA:598,0
DA:601,0
DA:602,0
DA:604,0
DA:605,0
DA:608,0
LF:136
LH:0
BRDA:49,0,0,0
BRDA:62,1,0,0
BRDA:62,1,1,0
BRDA:62,1,2,0
BRDA:63,2,0,0
BRDA:63,2,1,0
BRDA:72,3,0,0
BRDA:72,3,1,0
BRDA:84,4,0,0
BRDA:84,4,1,0
BRDA:84,5,0,0
BRDA:84,5,1,0
BRDA:88,6,0,0
BRDA:88,6,1,0
BRDA:96,7,0,0
BRDA:96,7,1,0
BRDA:102,8,0,0
BRDA:102,8,1,0
BRDA:113,9,0,0
BRDA:113,9,1,0
BRDA:142,10,0,0
BRDA:142,10,1,0
BRDA:149,11,0,0
BRDA:149,11,1,0
BRDA:149,12,0,0
BRDA:149,12,1,0
BRDA:167,13,0,0
BRDA:167,13,1,0
BRDA:168,14,0,0
BRDA:168,14,1,0
BRDA:170,15,0,0
BRDA:170,15,1,0
BRDA:171,16,0,0
BRDA:171,16,1,0
BRDA:173,17,0,0
BRDA:173,17,1,0
BRDA:174,18,0,0
BRDA:174,18,1,0
BRDA:175,19,0,0
BRDA:175,19,1,0
BRDA:184,20,0,0
BRDA:184,20,1,0
BRDA:194,21,0,0
BRDA:194,21,1,0
BRDA:215,22,0,0
BRDA:215,22,1,0
BRDA:272,23,0,0
BRDA:272,23,1,0
BRDA:276,24,0,0
BRDA:276,24,1,0
BRDA:278,25,0,0
BRDA:278,25,1,0
BRDA:280,26,0,0
BRDA:280,26,1,0
BRDA:281,27,0,0
BRDA:281,27,1,0
BRDA:282,28,0,0
BRDA:282,28,1,0
BRDA:360,29,0,0
BRDA:360,29,1,0
BRDA:415,30,0,0
BRDA:415,30,1,0
BRDA:427,31,0,0
BRDA:427,31,1,0
BRDA:449,32,0,0
BRDA:449,32,1,0
BRDA:496,33,0,0
BRDA:496,33,1,0
BRDA:514,34,0,0
BRDA:514,34,1,0
BRDA:514,35,0,0
BRDA:514,35,1,0
BRDA:514,35,2,0
BRDA:525,36,0,0
BRDA:525,36,1,0
BRDA:527,37,0,0
BRDA:527,37,1,0
BRDA:531,38,0,0
BRDA:531,38,1,0
BRDA:533,39,0,0
BRDA:533,39,1,0
BRDA:533,40,0,0
BRDA:533,40,1,0
BRDA:540,41,0,0
BRDA:540,41,1,0
BRDA:545,42,0,0
BRDA:545,42,1,0
BRDA:545,43,0,0
BRDA:545,43,1,0
BRDA:553,44,0,0
BRDA:553,44,1,0
BRDA:553,45,0,0
BRDA:553,45,1,0
BRDA:557,46,0,0
BRDA:557,46,1,0
BRDA:557,47,0,0
BRDA:557,47,1,0
BRDA:569,48,0,0
BRDA:569,48,1,0
BRDA:569,49,0,0
BRDA:569,49,1,0
BRDA:579,50,0,0
BRDA:579,50,1,0
BRDA:589,51,0,0
BRDA:589,51,1,0
BRDA:604,52,0,0
BRDA:604,52,1,0
BRF:107
BRH:0
end_of_record
TN:
SF:src\middlewares\errorHandler.middleware.ts
FN:9,(anonymous_0)
FN:11,(anonymous_1)
FN:19,(anonymous_2)
FN:102,(anonymous_3)
FN:110,(anonymous_4)
FN:173,(anonymous_5)
FN:224,(anonymous_6)
FN:229,(anonymous_7)
FN:244,(anonymous_8)
FN:259,(anonymous_9)
FN:279,(anonymous_10)
FN:289,(anonymous_11)
FN:290,(anonymous_12)
FN:294,(anonymous_13)
FNF:14
FNH:0
FNDA:0,(anonymous_0)
FNDA:0,(anonymous_1)
FNDA:0,(anonymous_2)
FNDA:0,(anonymous_3)
FNDA:0,(anonymous_4)
FNDA:0,(anonymous_5)
FNDA:0,(anonymous_6)
FNDA:0,(anonymous_7)
FNDA:0,(anonymous_8)
FNDA:0,(anonymous_9)
FNDA:0,(anonymous_10)
FNDA:0,(anonymous_11)
FNDA:0,(anonymous_12)
FNDA:0,(anonymous_13)
DA:2,0
DA:3,0
DA:6,0
DA:12,0
DA:13,0
DA:15,0
DA:25,0
DA:26,0
DA:27,0
DA:28,0
DA:29,0
DA:32,0
DA:33,0
DA:34,0
DA:35,0
DA:36,0
DA:37,0
DA:38,0
DA:39,0
DA:40,0
DA:41,0
DA:42,0
DA:43,0
DA:44,0
DA:45,0
DA:47,0
DA:48,0
DA:49,0
DA:53,0
DA:67,0
DA:79,0
DA:98,0
DA:103,0
DA:104,0
DA:106,0
DA:111,0
DA:112,0
DA:114,0
DA:151,0
DA:153,0
DA:154,0
DA:156,0
DA:157,0
DA:159,0
DA:160,0
DA:162,0
DA:163,0
DA:167,0
DA:168,0
DA:174,0
DA:185,0
DA:197,0
DA:208,0
DA:216,0
DA:219,0
DA:225,0
DA:238,0
DA:239,0
DA:245,0
DA:246,0
DA:253,0
DA:254,0
DA:260,0
DA:261,0
DA:268,0
DA:276,0
DA:279,0
DA:285,0
DA:289,0
DA:290,0
DA:291,0
DA:294,0
DA:295,0
LF:73
LH:0
BRDA:12,0,0,0
BRDA:12,0,1,0
BRDA:32,1,0,0
BRDA:32,1,1,0
BRDA:38,2,0,0
BRDA:38,2,1,0
BRDA:42,3,0,0
BRDA:42,3,1,0
BRDA:57,4,0,0
BRDA:57,4,1,0
BRDA:75,5,0,0
BRDA:75,5,1,0
BRDA:88,6,0,0
BRDA:88,6,1,0
BRDA:89,7,0,0
BRDA:89,7,1,0
BRDA:103,8,0,0
BRDA:103,8,1,0
BRDA:111,9,0,0
BRDA:111,9,1,0
BRDA:117,10,0,0
BRDA:117,10,1,0
BRDA:119,11,0,0
BRDA:119,11,1,0
BRDA:123,12,0,0
BRDA:123,12,1,0
BRDA:126,13,0,0
BRDA:126,13,1,0
BRDA:138,14,0,0
BRDA:138,14,1,0
BRDA:138,15,0,0
BRDA:138,15,1,0
BRDA:144,16,0,0
BRDA:144,16,1,0
BRDA:145,17,0,0
BRDA:145,17,1,0
BRDA:151,18,0,0
BRDA:151,18,1,0
BRDA:151,18,2,0
BRDA:151,18,3,0
BRDA:167,19,0,0
BRDA:167,19,1,0
BRDA:174,20,0,0
BRDA:174,20,1,0
BRDA:174,20,2,0
BRDA:174,20,3,0
BRDA:174,20,4,0
BRDA:174,20,5,0
BRDA:174,20,6,0
BRDA:174,20,7,0
BRDA:174,20,8,0
BRDA:174,20,9,0
BRDA:174,20,10,0
BRDA:174,20,11,0
BRDA:174,20,12,0
BRDA:174,20,13,0
BRDA:174,20,14,0
BRDA:174,20,15,0
BRDA:174,20,16,0
BRDA:174,20,17,0
BRDA:174,20,18,0
BRDA:174,20,19,0
BRDA:174,20,20,0
BRDA:174,20,21,0
BRDA:174,20,22,0
BRDA:174,20,23,0
BRDA:174,20,24,0
BRDA:174,20,25,0
BRDA:174,20,26,0
BRDA:174,20,27,0
BRDA:174,20,28,0
BRDA:174,20,29,0
BRDA:174,20,30,0
BRDA:174,20,31,0
BRDA:174,20,32,0
BRDA:174,20,33,0
BRDA:174,20,34,0
BRDA:174,20,35,0
BRDA:238,21,0,0
BRDA:238,21,1,0
BRDA:253,22,0,0
BRDA:253,22,1,0
BRDA:268,23,0,0
BRDA:268,23,1,0
BRF:84
BRH:0
end_of_record
TN:
SF:src\middlewares\logger.middleware.ts
FN:6,(anonymous_1)
FN:30,sanitizeData
FN:41,(anonymous_3)
FN:46,(anonymous_4)
FN:53,(anonymous_5)
FN:61,(anonymous_6)
FN:88,(anonymous_7)
FN:100,(anonymous_8)
FN:109,(anonymous_9)
FN:125,(anonymous_10)
FNF:10
FNH:0
FNDA:0,(anonymous_1)
FNDA:0,sanitizeData
FNDA:0,(anonymous_3)
FNDA:0,(anonymous_4)
FNDA:0,(anonymous_5)
FNDA:0,(anonymous_6)
FNDA:0,(anonymous_7)
FNDA:0,(anonymous_8)
FNDA:0,(anonymous_9)
FNDA:0,(anonymous_10)
DA:2,0
DA:3,0
DA:4,0
DA:6,0
DA:7,0
DA:8,0
DA:11,0
DA:12,0
DA:13,0
DA:14,0
DA:18,0
DA:22,0
DA:27,0
DA:28,0
DA:31,0
DA:32,0
DA:33,0
DA:35,0
DA:36,0
DA:38,0
DA:40,0
DA:41,0
DA:43,0
DA:44,0
DA:45,0
DA:46,0
DA:50,0
DA:53,0
DA:54,0
DA:55,0
DA:56,0
DA:57,0
DA:58,0
DA:61,0
DA:62,0
DA:68,0
DA:73,0
DA:83,0
DA:89,0
DA:100,0
DA:101,0
DA:102,0
DA:104,0
DA:109,0
DA:110,0
DA:111,0
DA:112,0
DA:114,0
DA:115,0
DA:116,0
DA:117,0
DA:118,0
DA:119,0
DA:122,0
DA:125,0
DA:126,0
DA:127,0
DA:128,0
DA:130,0
DA:131,0
DA:133,0
DA:134,0
DA:135,0
DA:136,0
DA:138,0
DA:142,0
LF:66
LH:0
BRDA:11,0,0,0
BRDA:11,0,1,0
BRDA:12,1,0,0
BRDA:12,1,1,0
BRDA:30,2,0,0
BRDA:30,3,0,0
BRDA:31,4,0,0
BRDA:31,4,1,0
BRDA:31,5,0,0
BRDA:31,5,1,0
BRDA:32,6,0,0
BRDA:32,6,1,0
BRDA:32,7,0,0
BRDA:32,7,1,0
BRDA:35,8,0,0
BRDA:35,8,1,0
BRDA:36,9,0,0
BRDA:36,9,1,0
BRDA:40,10,0,0
BRDA:40,10,1,0
BRDA:46,11,0,0
BRDA:46,11,1,0
BRDA:54,12,0,0
BRDA:54,12,1,0
BRDA:62,13,0,0
BRDA:62,13,1,0
BRDA:69,14,0,0
BRDA:69,14,1,0
BRDA:78,15,0,0
BRDA:78,15,1,0
BRDA:79,16,0,0
BRDA:79,16,1,0
BRDA:80,17,0,0
BRDA:80,17,1,0
BRDA:84,18,0,0
BRDA:84,18,1,0
BRDA:87,19,0,0
BRDA:87,19,1,0
BRDA:93,20,0,0
BRDA:93,20,1,0
BRDA:94,21,0,0
BRDA:94,21,1,0
BRDA:102,22,0,0
BRDA:102,22,1,0
BRDA:102,22,2,0
BRDA:111,23,0,0
BRDA:111,23,1,0
BRDA:115,24,0,0
BRDA:115,24,1,0
BRDA:117,25,0,0
BRDA:117,25,1,0
BRDA:118,26,0,0
BRDA:118,26,1,0
BRDA:119,27,0,0
BRDA:119,27,1,0
BRDA:133,28,0,0
BRDA:133,28,1,0
BRDA:133,29,0,0
BRDA:133,29,1,0
BRDA:134,30,0,0
BRDA:134,30,1,0
BRDA:135,31,0,0
BRDA:135,31,1,0
BRF:63
BRH:0
end_of_record
TN:
SF:src\middlewares\oauth.middleware.ts
FN:15,validateOAuthProvider
FN:56,handleOAuthError
FNF:2
FNH:0
FNDA:0,validateOAuthProvider
FNDA:0,handleOAuthError
DA:8,0
DA:9,0
DA:10,0
DA:15,0
DA:20,0
DA:21,0
DA:23,0
DA:24,0
DA:27,0
DA:29,0
DA:30,0
DA:38,0
DA:39,0
DA:48,0
DA:50,0
DA:56,0
DA:63,0
DA:64,0
DA:68,0
LF:19
LH:0
BRDA:21,0,0,0
BRDA:21,0,1,0
BRDA:23,1,0,0
BRDA:23,1,1,0
BRDA:29,2,0,0
BRDA:29,2,1,0
BRDA:38,3,0,0
BRDA:38,3,1,0
BRDA:63,4,0,0
BRDA:63,4,1,0
BRDA:63,5,0,0
BRDA:63,5,1,0
BRF:12
BRH:0
end_of_record
TN:
SF:src\middlewares\ratelimit.middleware.ts
FN:15,createEnhancedLimiter
FN:32,(anonymous_2)
FN:42,(anonymous_3)
FN:48,(anonymous_4)
FN:121,(anonymous_5)
FN:136,(anonymous_6)
FN:153,(anonymous_7)
FN:167,(anonymous_8)
FN:181,(anonymous_9)
FN:192,createCustomLimiter
FN:201,getRateLimitInfo
FNF:11
FNH:0
FNDA:0,createEnhancedLimiter
FNDA:0,(anonymous_2)
FNDA:0,(anonymous_3)
FNDA:0,(anonymous_4)
FNDA:0,(anonymous_5)
FNDA:0,(anonymous_6)
FNDA:0,(anonymous_7)
FNDA:0,(anonymous_8)
FNDA:0,(anonymous_9)
FNDA:0,createCustomLimiter
FNDA:0,getRateLimitInfo
DA:1,0
DA:8,0
DA:16,0
DA:33,0
DA:34,0
DA:40,0
DA:45,0
DA:46,0
DA:49,0
DA:50,0
DA:58,0
DA:59,0
DA:63,0
DA:75,0
DA:96,0
DA:106,0
DA:117,0
DA:122,0
DA:124,0
DA:132,0
DA:137,0
DA:138,0
DA:139,0
DA:141,0
DA:149,0
DA:154,0
DA:155,0
DA:163,0
DA:168,0
DA:169,0
DA:177,0
DA:182,0
DA:183,0
DA:192,0
DA:193,0
DA:201,0
DA:202,0
DA:203,0
LF:38
LH:0
BRDA:23,0,0,0
BRDA:23,0,1,0
BRDA:29,1,0,0
BRDA:29,1,1,0
BRDA:30,2,0,0
BRDA:30,2,1,0
BRDA:33,3,0,0
BRDA:33,3,1,0
BRDA:34,4,0,0
BRDA:34,4,1,0
BRDA:34,4,2,0
BRDA:34,4,3,0
BRDA:34,4,4,0
BRDA:34,4,5,0
BRDA:42,5,0,0
BRDA:42,5,1,0
BRDA:46,6,0,0
BRDA:46,6,1,0
BRDA:46,6,2,0
BRDA:58,7,0,0
BRDA:58,7,1,0
BRDA:67,8,0,0
BRDA:67,8,1,0
BRDA:68,9,0,0
BRDA:68,9,1,0
BRDA:79,10,0,0
BRDA:79,10,1,0
BRDA:124,11,0,0
BRDA:124,11,1,0
BRDA:124,11,2,0
BRDA:138,12,0,0
BRDA:138,12,1,0
BRDA:139,13,0,0
BRDA:139,13,1,0
BRDA:155,14,0,0
BRDA:155,14,1,0
BRDA:155,14,2,0
BRDA:169,15,0,0
BRDA:169,15,1,0
BRDA:169,15,2,0
BRDA:183,16,0,0
BRDA:183,16,1,0
BRDA:183,16,2,0
BRDA:203,17,0,0
BRDA:203,17,1,0
BRF:45
BRH:0
end_of_record
TN:
SF:src\routes\auth.routes.ts
FNF:0
FNH:0
DA:6,0
DA:22,0
DA:26,0
DA:27,0
DA:29,0
DA:32,0
DA:33,0
DA:34,0
DA:37,0
DA:38,0
DA:39,0
DA:40,0
DA:43,0
DA:44,0
DA:47,0
DA:48,0
DA:51,0
DA:52,0
DA:55,0
DA:57,0
LF:20
LH:0
BRF:0
BRH:0
end_of_record
TN:
SF:src\routes\balance.routes.ts
FNF:0
FNH:0
DA:6,0
DA:7,0
DA:8,0
DA:10,0
DA:26,0
DA:47,0
DA:49,0
LF:7
LH:0
BRF:0
BRH:0
end_of_record
TN:
SF:src\routes\blockchain.routes.ts
FN:12,(anonymous_0)
FN:55,(anonymous_1)
FN:87,(anonymous_2)
FN:121,(anonymous_3)
FN:153,(anonymous_4)
FNF:5
FNH:0
FNDA:0,(anonymous_0)
FNDA:0,(anonymous_1)
FNDA:0,(anonymous_2)
FNDA:0,(anonymous_3)
FNDA:0,(anonymous_4)
DA:1,0
DA:2,0
DA:4,0
DA:5,0
DA:12,0
DA:13,0
DA:14,0
DA:16,0
DA:22,0
DA:29,0
DA:36,0
DA:42,0
DA:43,0
DA:55,0
DA:56,0
DA:57,0
DA:59,0
DA:60,0
DA:66,0
DA:68,0
DA:74,0
DA:75,0
DA:87,0
DA:88,0
DA:89,0
DA:91,0
DA:92,0
DA:98,0
DA:100,0
DA:106,0
DA:107,0
DA:119,0
DA:122,0
DA:123,0
DA:125,0
DA:126,0
DA:132,0
DA:134,0
DA:139,0
DA:140,0
DA:153,0
DA:154,0
DA:155,0
DA:157,0
DA:158,0
DA:164,0
DA:166,0
DA:171,0
DA:172,0
DA:179,0
LF:50
LH:0
BRDA:16,0,0,0
BRDA:16,0,1,0
BRDA:17,1,0,0
BRDA:17,1,1,0
BRDA:17,1,2,0
BRDA:17,1,3,0
BRDA:45,2,0,0
BRDA:45,2,1,0
BRDA:59,3,0,0
BRDA:59,3,1,0
BRDA:77,4,0,0
BRDA:77,4,1,0
BRDA:91,5,0,0
BRDA:91,5,1,0
BRDA:109,6,0,0
BRDA:109,6,1,0
BRDA:125,7,0,0
BRDA:125,7,1,0
BRDA:142,8,0,0
BRDA:142,8,1,0
BRDA:157,9,0,0
BRDA:157,9,1,0
BRDA:174,10,0,0
BRDA:174,10,1,0
BRF:24
BRH:0
end_of_record
TN:
SF:src\routes\escrow-balance.routes.ts
FNF:0
FNH:0
DA:1,0
DA:2,0
DA:4,0
DA:6,0
DA:8,0
LF:5
LH:0
BRF:0
BRH:0
end_of_record
TN:
SF:src\routes\escrow-init.routes.ts
FNF:0
FNH:0
DA:1,0
DA:2,0
DA:4,0
DA:6,0
DA:8,0
LF:5
LH:0
BRF:0
BRH:0
end_of_record
TN:
SF:src\routes\escrow-query.routes.ts
FNF:0
FNH:0
DA:1,0
DA:2,0
DA:4,0
DA:6,0
DA:8,0
LF:5
LH:0
BRF:0
BRH:0
end_of_record
TN:
SF:src\routes\oauth.routes.ts
FNF:0
FNH:0
DA:6,0
DA:7,0
DA:14,0
DA:15,0
DA:16,0
DA:18,0
DA:21,0
DA:22,0
DA:23,0
DA:26,0
DA:27,0
DA:28,0
DA:30,0
LF:13
LH:0
BRF:0
BRH:0
end_of_record
TN:
SF:src\routes\profile.routes.ts
FNF:0
FNH:0
DA:6,0
DA:7,0
DA:12,0
DA:14,0
DA:17,0
DA:24,0
DA:27,0
DA:29,0
LF:8
LH:0
BRF:0
BRH:0
end_of_record
TN:
SF:src\routes\project.routes.ts
FNF:0
FNH:0
DA:1,0
DA:2,0
DA:11,0
DA:12,0
DA:14,0
DA:17,0
DA:19,0
DA:21,0
DA:23,0
DA:30,0
DA:37,0
DA:44,0
LF:12
LH:0
BRF:0
BRH:0
end_of_record
TN:
SF:src\routes\role.routes.ts
FNF:0
FNH:0
DA:6,0
DA:7,0
DA:11,0
DA:13,0
DA:21,0
DA:33,0
DA:39,0
LF:7
LH:0
BRF:0
BRH:0
end_of_record
TN:
SF:src\routes\task.routes.ts
FNF:0
FNH:0
DA:6,0
DA:7,0
DA:13,0
DA:14,0
DA:16,0
DA:19,0
DA:22,0
DA:29,0
DA:36,0
DA:43,0
DA:50,0
DA:52,0
LF:12
LH:0
BRF:0
BRH:0
end_of_record
TN:
SF:src\routes\user.routes.ts
FNF:0
FNH:0
DA:1,0
DA:2,0
DA:10,0
DA:11,0
DA:13,0
DA:15,0
DA:18,0
DA:21,0
DA:23,0
DA:24,0
DA:25,0
DA:27,0
LF:12
LH:0
BRF:0
BRH:0
end_of_record
TN:
SF:src\routes\wallet.routes.ts
FNF:0
FNH:0
DA:6,0
DA:7,0
DA:8,0
DA:10,0
DA:21,0
DA:33,0
DA:35,0
LF:7
LH:0
BRF:0
BRH:0
end_of_record
TN:
SF:src\services\auth.service.ts
FN:35,(anonymous_10)
FN:37,getNonce
FN:65,register
FN:69,(anonymous_13)
FN:70,(anonymous_14)
FN:210,signup
FN:218,(anonymous_16)
FN:224,(anonymous_17)
FN:257,registerWithEmail
FN:264,(anonymous_19)
FN:427,registerWithWallet
FN:443,(anonymous_21)
FN:606,login
FN:644,(anonymous_23)
FN:650,(anonymous_24)
FN:676,refreshSession
FN:697,(anonymous_26)
FN:703,(anonymous_27)
FN:749,logoutUser
FN:772,getMe
FN:792,loginWithEmail
FN:882,(anonymous_31)
FN:888,(anonymous_32)
FN:940,logAuthAttempt
FN:970,getUserSessions
FN:990,(anonymous_35)
FN:1049,revokeSession
FN:1112,forgotPassword
FN:1114,(anonymous_38)
FN:1185,(anonymous_39)
FN:1218,resetPassword
FNF:31
FNH:0
FNDA:0,(anonymous_10)
FNDA:0,getNonce
FNDA:0,register
FNDA:0,(anonymous_13)
FNDA:0,(anonymous_14)
FNDA:0,signup
FNDA:0,(anonymous_16)
FNDA:0,(anonymous_17)
FNDA:0,registerWithEmail
FNDA:0,(anonymous_19)
FNDA:0,registerWithWallet
FNDA:0,(anonymous_21)
FNDA:0,login
FNDA:0,(anonymous_23)
FNDA:0,(anonymous_24)
FNDA:0,refreshSession
FNDA:0,(anonymous_26)
FNDA:0,(anonymous_27)
FNDA:0,logoutUser
FNDA:0,getMe
FNDA:0,loginWithEmail
FNDA:0,(anonymous_31)
FNDA:0,(anonymous_32)
FNDA:0,logAuthAttempt
FNDA:0,getUserSessions
FNDA:0,(anonymous_35)
FNDA:0,revokeSession
FNDA:0,forgotPassword
FNDA:0,(anonymous_38)
FNDA:0,(anonymous_39)
FNDA:0,resetPassword
DA:7,0
DA:8,0
DA:13,0
DA:14,0
DA:26,0
DA:31,0
DA:32,0
DA:33,0
DA:35,0
DA:37,0
DA:38,0
DA:40,0
DA:46,0
DA:48,0
DA:53,0
DA:55,0
DA:65,0
DA:66,0
DA:69,0
DA:70,0
DA:73,0
DA:74,0
DA:77,0
DA:78,0
DA:82,0
DA:83,0
DA:86,0
DA:87,0
DA:91,0
DA:97,0
DA:98,0
DA:102,0
DA:106,0
DA:109,0
DA:124,0
DA:125,0
DA:131,0
DA:133,0
DA:138,0
DA:143,0
DA:144,0
DA:151,0
DA:161,0
DA:167,0
DA:175,0
DA:177,0
DA:178,0
DA:189,0
DA:190,0
DA:193,0
DA:195,0
DA:205,0
DA:206,0
DA:210,0
DA:211,0
DA:213,0
DA:218,0
DA:220,0
DA:224,0
DA:228,0
DA:238,0
DA:239,0
DA:242,0
DA:244,0
DA:257,0
DA:261,0
DA:264,0
DA:267,0
DA:273,0
DA:274,0
DA:278,0
DA:284,0
DA:285,0
DA:289,0
DA:292,0
DA:308,0
DA:309,0
DA:315,0
DA:317,0
DA:322,0
DA:327,0
DA:328,0
DA:364,0
DA:374,0
DA:380,0
DA:388,0
DA:399,0
DA:400,0
DA:403,0
DA:405,0
DA:415,0
DA:416,0
DA:427,0
DA:440,0
DA:443,0
DA:448,0
DA:452,0
DA:456,0
DA:462,0
DA:463,0
DA:467,0
DA:473,0
DA:474,0
DA:478,0
DA:484,0
DA:485,0
DA:489,0
DA:492,0
DA:509,0
DA:510,0
DA:516,0
DA:518,0
DA:550,0
DA:560,0
DA:566,0
DA:574,0
DA:585,0
DA:586,0
DA:589,0
DA:591,0
DA:601,0
DA:602,0
DA:606,0
DA:607,0
DA:609,0
DA:615,0
DA:634,0
DA:640,0
DA:644,0
DA:646,0
DA:650,0
DA:653,0
DA:664,0
DA:665,0
DA:668,0
DA:670,0
DA:676,0
DA:678,0
DA:679,0
DA:682,0
DA:688,0
DA:689,0
DA:693,0
DA:697,0
DA:699,0
DA:703,0
DA:707,0
DA:708,0
DA:711,0
DA:725,0
DA:726,0
DA:731,0
DA:739,0
DA:742,0
DA:746,0
DA:749,0
DA:751,0
DA:752,0
DA:756,0
DA:765,0
DA:766,0
DA:769,0
DA:772,0
DA:773,0
DA:779,0
DA:781,0
DA:783,0
DA:792,0
DA:796,0
DA:799,0
DA:809,0
DA:815,0
DA:816,0
DA:824,0
DA:828,0
DA:829,0
DA:837,0
DA:843,0
DA:844,0
DA:845,0
DA:853,0
DA:857,0
DA:858,0
DA:866,0
DA:872,0
DA:878,0
DA:882,0
DA:884,0
DA:888,0
DA:892,0
DA:895,0
DA:896,0
DA:908,0
DA:909,0
DA:910,0
DA:914,0
DA:923,0
DA:925,0
DA:943,0
DA:944,0
DA:951,0
DA:961,0
DA:970,0
DA:976,0
DA:984,0
DA:985,0
DA:990,0
DA:992,0
DA:995,0
DA:996,0
DA:997,0
DA:998,0
DA:1000,0
DA:1002,0
DA:1003,0
DA:1008,0
DA:1014,0
DA:1017,0
DA:1037,0
DA:1041,0
DA:1049,0
DA:1055,0
DA:1056,0
DA:1063,0
DA:1070,0
DA:1071,0
DA:1072,0
DA:1074,0
DA:1077,0
DA:1078,0
DA:1082,0
DA:1083,0
DA:1090,0
DA:1098,0
DA:1099,0
DA:1102,0
DA:1112,0
DA:1114,0
DA:1115,0
DA:1116,0
DA:1120,0
DA:1128,0
DA:1130,0
DA:1140,0
DA:1147,0
DA:1149,0
DA:1159,0
DA:1166,0
DA:1167,0
DA:1168,0
DA:1171,0
DA:1179,0
DA:1180,0
DA:1184,0
DA:1185,0
DA:1186,0
DA:1189,0
DA:1195,0
DA:1204,0
DA:1218,0
DA:1224,0
DA:1225,0
DA:1228,0
DA:1229,0
DA:1232,0
DA:1233,0
DA:1237,0
DA:1243,0
DA:1244,0
DA:1252,0
DA:1256,0
DA:1257,0
DA:1260,0
DA:1261,0
DA:1263,0
DA:1271,0
DA:1280,0
DA:1287,0
DA:1290,0
DA:1299,0
DA:1300,0
DA:1304,0
DA:1313,0
LF:283
LH:0
BRDA:46,0,0,0
BRDA:46,0,1,0
BRDA:46,1,0,0
BRDA:46,1,1,0
BRDA:53,2,0,0
BRDA:53,2,1,0
BRDA:73,3,0,0
BRDA:73,3,1,0
BRDA:73,4,0,0
BRDA:73,4,1,0
BRDA:77,5,0,0
BRDA:77,5,1,0
BRDA:82,6,0,0
BRDA:82,6,1,0
BRDA:82,7,0,0
BRDA:82,7,1,0
BRDA:86,8,0,0
BRDA:86,8,1,0
BRDA:97,9,0,0
BRDA:97,9,1,0
BRDA:124,10,0,0
BRDA:124,10,1,0
BRDA:124,11,0,0
BRDA:124,11,1,0
BRDA:126,12,0,0
BRDA:126,12,1,0
BRDA:143,13,0,0
BRDA:143,13,1,0
BRDA:155,14,0,0
BRDA:155,14,1,0
BRDA:156,15,0,0
BRDA:156,15,1,0
BRDA:189,16,0,0
BRDA:189,16,1,0
BRDA:216,17,0,0
BRDA:216,17,1,0
BRDA:218,18,0,0
BRDA:218,18,1,0
BRDA:223,19,0,0
BRDA:223,19,1,0
BRDA:224,20,0,0
BRDA:224,20,1,0
BRDA:238,21,0,0
BRDA:238,21,1,0
BRDA:273,22,0,0
BRDA:273,22,1,0
BRDA:284,23,0,0
BRDA:284,23,1,0
BRDA:299,24,0,0
BRDA:299,24,1,0
BRDA:300,25,0,0
BRDA:300,25,1,0
BRDA:301,26,0,0
BRDA:301,26,1,0
BRDA:308,27,0,0
BRDA:308,27,1,0
BRDA:308,28,0,0
BRDA:308,28,1,0
BRDA:310,29,0,0
BRDA:310,29,1,0
BRDA:327,30,0,0
BRDA:327,30,1,0
BRDA:368,31,0,0
BRDA:368,31,1,0
BRDA:369,32,0,0
BRDA:369,32,1,0
BRDA:399,33,0,0
BRDA:399,33,1,0
BRDA:462,34,0,0
BRDA:462,34,1,0
BRDA:473,35,0,0
BRDA:473,35,1,0
BRDA:484,36,0,0
BRDA:484,36,1,0
BRDA:500,37,0,0
BRDA:500,37,1,0
BRDA:501,38,0,0
BRDA:501,38,1,0
BRDA:502,39,0,0
BRDA:502,39,1,0
BRDA:509,40,0,0
BRDA:509,40,1,0
BRDA:509,41,0,0
BRDA:509,41,1,0
BRDA:511,42,0,0
BRDA:511,42,1,0
BRDA:554,43,0,0
BRDA:554,43,1,0
BRDA:555,44,0,0
BRDA:555,44,1,0
BRDA:585,45,0,0
BRDA:585,45,1,0
BRDA:615,46,0,0
BRDA:615,46,1,0
BRDA:615,47,0,0
BRDA:615,47,1,0
BRDA:642,48,0,0
BRDA:642,48,1,0
BRDA:643,49,0,0
BRDA:643,49,1,0
BRDA:644,50,0,0
BRDA:644,50,1,0
BRDA:648,51,0,0
BRDA:648,51,1,0
BRDA:649,52,0,0
BRDA:649,52,1,0
BRDA:650,53,0,0
BRDA:650,53,1,0
BRDA:660,54,0,0
BRDA:660,54,1,0
BRDA:664,55,0,0
BRDA:664,55,1,0
BRDA:678,56,0,0
BRDA:678,56,1,0
BRDA:678,57,0,0
BRDA:678,57,1,0
BRDA:688,58,0,0
BRDA:688,58,1,0
BRDA:688,59,0,0
BRDA:688,59,1,0
BRDA:695,60,0,0
BRDA:695,60,1,0
BRDA:696,61,0,0
BRDA:696,61,1,0
BRDA:697,62,0,0
BRDA:697,62,1,0
BRDA:701,63,0,0
BRDA:701,63,1,0
BRDA:702,64,0,0
BRDA:702,64,1,0
BRDA:703,65,0,0
BRDA:703,65,1,0
BRDA:725,66,0,0
BRDA:725,66,1,0
BRDA:725,67,0,0
BRDA:725,67,1,0
BRDA:739,68,0,0
BRDA:739,68,1,0
BRDA:751,69,0,0
BRDA:751,69,1,0
BRDA:751,70,0,0
BRDA:751,70,1,0
BRDA:765,71,0,0
BRDA:765,71,1,0
BRDA:779,72,0,0
BRDA:779,72,1,0
BRDA:779,73,0,0
BRDA:779,73,1,0
BRDA:803,74,0,0
BRDA:803,74,1,0
BRDA:804,75,0,0
BRDA:804,75,1,0
BRDA:815,76,0,0
BRDA:815,76,1,0
BRDA:815,77,0,0
BRDA:815,77,1,0
BRDA:820,78,0,0
BRDA:820,78,1,0
BRDA:821,79,0,0
BRDA:821,79,1,0
BRDA:828,80,0,0
BRDA:828,80,1,0
BRDA:833,81,0,0
BRDA:833,81,1,0
BRDA:834,82,0,0
BRDA:834,82,1,0
BRDA:844,83,0,0
BRDA:844,83,1,0
BRDA:849,84,0,0
BRDA:849,84,1,0
BRDA:850,85,0,0
BRDA:850,85,1,0
BRDA:857,86,0,0
BRDA:857,86,1,0
BRDA:862,87,0,0
BRDA:862,87,1,0
BRDA:863,88,0,0
BRDA:863,88,1,0
BRDA:880,89,0,0
BRDA:880,89,1,0
BRDA:881,90,0,0
BRDA:881,90,1,0
BRDA:882,91,0,0
BRDA:882,91,1,0
BRDA:886,92,0,0
BRDA:886,92,1,0
BRDA:887,93,0,0
BRDA:887,93,1,0
BRDA:888,94,0,0
BRDA:888,94,1,0
BRDA:908,95,0,0
BRDA:908,95,1,0
BRDA:918,96,0,0
BRDA:918,96,1,0
BRDA:919,97,0,0
BRDA:919,97,1,0
BRDA:984,98,0,0
BRDA:984,98,1,0
BRDA:990,99,0,0
BRDA:990,99,1,0
BRDA:996,100,0,0
BRDA:996,100,1,0
BRDA:1002,101,0,0
BRDA:1002,101,1,0
BRDA:1008,102,0,0
BRDA:1008,102,1,0
BRDA:1009,103,0,0
BRDA:1009,103,1,0
BRDA:1009,103,2,0
BRDA:1009,103,3,0
BRDA:1020,104,0,0
BRDA:1020,104,1,0
BRDA:1021,105,0,0
BRDA:1021,105,1,0
BRDA:1022,106,0,0
BRDA:1022,106,1,0
BRDA:1024,107,0,0
BRDA:1024,107,1,0
BRDA:1031,108,0,0
BRDA:1031,108,1,0
BRDA:1055,109,0,0
BRDA:1055,109,1,0
BRDA:1055,110,0,0
BRDA:1055,110,1,0
BRDA:1070,111,0,0
BRDA:1070,111,1,0
BRDA:1071,112,0,0
BRDA:1071,112,1,0
BRDA:1077,113,0,0
BRDA:1077,113,1,0
BRDA:1082,114,0,0
BRDA:1082,114,1,0
BRDA:1098,115,0,0
BRDA:1098,115,1,0
BRDA:1115,116,0,0
BRDA:1115,116,1,0
BRDA:1115,117,0,0
BRDA:1115,117,1,0
BRDA:1128,118,0,0
BRDA:1128,118,1,0
BRDA:1128,119,0,0
BRDA:1128,119,1,0
BRDA:1134,120,0,0
BRDA:1134,120,1,0
BRDA:1135,121,0,0
BRDA:1135,121,1,0
BRDA:1147,122,0,0
BRDA:1147,122,1,0
BRDA:1153,123,0,0
BRDA:1153,123,1,0
BRDA:1154,124,0,0
BRDA:1154,124,1,0
BRDA:1179,125,0,0
BRDA:1179,125,1,0
BRDA:1199,126,0,0
BRDA:1199,126,1,0
BRDA:1200,127,0,0
BRDA:1200,127,1,0
BRDA:1224,128,0,0
BRDA:1224,128,1,0
BRDA:1224,129,0,0
BRDA:1224,129,1,0
BRDA:1228,130,0,0
BRDA:1228,130,1,0
BRDA:1228,131,0,0
BRDA:1228,131,1,0
BRDA:1232,132,0,0
BRDA:1232,132,1,0
BRDA:1243,133,0,0
BRDA:1243,133,1,0
BRDA:1243,134,0,0
BRDA:1243,134,1,0
BRDA:1248,135,0,0
BRDA:1248,135,1,0
BRDA:1249,136,0,0
BRDA:1249,136,1,0
BRDA:1256,137,0,0
BRDA:1256,137,1,0
BRDA:1261,138,0,0
BRDA:1261,138,1,0
BRDA:1275,139,0,0
BRDA:1275,139,1,0
BRDA:1276,140,0,0
BRDA:1276,140,1,0
BRDA:1299,141,0,0
BRDA:1299,141,1,0
BRDA:1308,142,0,0
BRDA:1308,142,1,0
BRDA:1309,143,0,0
BRDA:1309,143,1,0
BRF:290
BRH:0
end_of_record
TN:
SF:src\services\contract.service.ts
FN:11,(anonymous_0)
FN:97,(anonymous_1)
FN:172,(anonymous_2)
FN:263,(anonymous_3)
FN:306,(anonymous_4)
FN:343,(anonymous_5)
FN:381,(anonymous_6)
FNF:7
FNH:0
FNDA:0,(anonymous_0)
FNDA:0,(anonymous_1)
FNDA:0,(anonymous_2)
FNDA:0,(anonymous_3)
FNDA:0,(anonymous_4)
FNDA:0,(anonymous_5)
FNDA:0,(anonymous_6)
DA:1,0
DA:8,0
DA:9,0
DA:20,0
DA:23,0
DA:24,0
DA:27,0
DA:28,0
DA:33,0
DA:34,0
DA:37,0
DA:38,0
DA:41,0
DA:42,0
DA:46,0
DA:51,0
DA:52,0
DA:56,0
DA:57,0
DA:61,0
DA:90,0
DA:91,0
DA:94,0
DA:99,0
DA:100,0
DA:103,0
DA:134,0
DA:135,0
DA:139,0
DA:142,0
DA:146,0
DA:178,0
DA:179,0
DA:183,0
DA:189,0
DA:190,0
DA:194,0
DA:195,0
DA:196,0
DA:203,0
DA:204,0
DA:206,0
DA:207,0
DA:213,0
DA:214,0
DA:215,0
DA:218,0
DA:219,0
DA:222,0
DA:227,0
DA:233,0
DA:255,0
DA:256,0
DA:259,0
DA:265,0
DA:266,0
DA:269,0
DA:300,0
DA:301,0
DA:306,0
DA:307,0
DA:310,0
DA:314,0
DA:340,0
DA:344,0
DA:375,0
DA:376,0
DA:381,0
DA:382,0
DA:385,0
DA:389,0
DA:415,0
DA:419,0
LF:73
LH:0
BRDA:23,0,0,0
BRDA:23,0,1,0
BRDA:23,1,0,0
BRDA:23,1,1,0
BRDA:27,2,0,0
BRDA:27,2,1,0
BRDA:27,3,0,0
BRDA:27,3,1,0
BRDA:33,4,0,0
BRDA:33,4,1,0
BRDA:33,5,0,0
BRDA:33,5,1,0
BRDA:37,6,0,0
BRDA:37,6,1,0
BRDA:37,7,0,0
BRDA:37,7,1,0
BRDA:41,8,0,0
BRDA:41,8,1,0
BRDA:41,9,0,0
BRDA:41,9,1,0
BRDA:51,10,0,0
BRDA:51,10,1,0
BRDA:51,11,0,0
BRDA:51,11,1,0
BRDA:51,11,2,0
BRDA:56,12,0,0
BRDA:56,12,1,0
BRDA:90,13,0,0
BRDA:90,13,1,0
BRDA:99,14,0,0
BRDA:99,14,1,0
BRDA:134,15,0,0
BRDA:134,15,1,0
BRDA:134,16,0,0
BRDA:134,16,1,0
BRDA:139,17,0,0
BRDA:139,17,1,0
BRDA:142,18,0,0
BRDA:142,18,1,0
BRDA:178,19,0,0
BRDA:178,19,1,0
BRDA:189,20,0,0
BRDA:189,20,1,0
BRDA:189,21,0,0
BRDA:189,21,1,0
BRDA:195,22,0,0
BRDA:195,22,1,0
BRDA:204,23,0,0
BRDA:204,23,1,0
BRDA:206,24,0,0
BRDA:206,24,1,0
BRDA:213,25,0,0
BRDA:213,25,1,0
BRDA:214,26,0,0
BRDA:214,26,1,0
BRDA:214,27,0,0
BRDA:214,27,1,0
BRDA:218,28,0,0
BRDA:218,28,1,0
BRDA:218,29,0,0
BRDA:218,29,1,0
BRDA:222,30,0,0
BRDA:222,30,1,0
BRDA:223,31,0,0
BRDA:223,31,1,0
BRDA:223,31,2,0
BRDA:255,32,0,0
BRDA:255,32,1,0
BRDA:265,33,0,0
BRDA:265,33,1,0
BRDA:300,34,0,0
BRDA:300,34,1,0
BRDA:306,35,0,0
BRDA:306,35,1,0
BRDA:307,36,0,0
BRDA:307,36,1,0
BRDA:310,37,0,0
BRDA:310,37,1,0
BRDA:375,38,0,0
BRDA:375,38,1,0
BRDA:381,39,0,0
BRDA:381,39,1,0
BRDA:382,40,0,0
BRDA:382,40,1,0
BRDA:385,41,0,0
BRDA:385,41,1,0
BRF:86
BRH:0
end_of_record
TN:
SF:src\services\email.service.ts
FN:48,createTransporter
FN:90,sendEmail
FN:132,sendPasswordResetEmail
FN:184,sendAccountDeletionEmail
FNF:4
FNH:0
FNDA:0,createTransporter
FNDA:0,sendEmail
FNDA:0,sendPasswordResetEmail
FNDA:0,sendAccountDeletionEmail
DA:10,0
DA:14,0
DA:15,0
DA:17,0
DA:18,0
DA:49,0
DA:50,0
DA:59,0
DA:60,0
DA:61,0
DA:63,0
DA:65,0
DA:75,0
DA:82,0
DA:90,0
DA:91,0
DA:93,0
DA:94,0
DA:99,0
DA:102,0
DA:105,0
DA:107,0
DA:115,0
DA:117,0
DA:118,0
DA:132,0
DA:137,0
DA:138,0
DA:140,0
DA:173,0
DA:184,0
DA:185,0
DA:186,0
DA:188,0
DA:227,0
LF:35
LH:0
BRDA:49,0,0,0
BRDA:49,0,1,0
BRDA:63,1,0,0
BRDA:63,1,1,0
BRDA:63,2,0,0
BRDA:63,2,1,0
BRDA:63,2,2,0
BRDA:76,3,0,0
BRDA:76,3,1,0
BRDA:77,4,0,0
BRDA:77,4,1,0
BRDA:79,5,0,0
BRDA:79,5,1,0
BRDA:79,6,0,0
BRDA:79,6,1,0
BRDA:93,7,0,0
BRDA:93,7,1,0
BRDA:93,8,0,0
BRDA:93,8,1,0
BRDA:105,9,0,0
BRDA:105,9,1,0
BRDA:112,10,0,0
BRDA:112,10,1,0
BRDA:119,11,0,0
BRDA:119,11,1,0
BRDA:137,12,0,0
BRDA:137,12,1,0
BRDA:138,13,0,0
BRDA:138,13,1,0
BRDA:185,14,0,0
BRDA:185,14,1,0
BRDA:186,15,0,0
BRDA:186,15,1,0
BRF:33
BRH:0
end_of_record
TN:
SF:src\services\escrow.service.ts
FN:22,(anonymous_0)
FN:65,(anonymous_1)
FN:82,(anonymous_2)
FN:97,(anonymous_3)
FN:108,(anonymous_4)
FN:132,(anonymous_5)
FNF:6
FNH:0
FNDA:0,(anonymous_0)
FNDA:0,(anonymous_1)
FNDA:0,(anonymous_2)
FNDA:0,(anonymous_3)
FNDA:0,(anonymous_4)
FNDA:0,(anonymous_5)
DA:1,0
DA:7,0
DA:8,0
DA:9,0
DA:15,0
DA:24,0
DA:25,0
DA:26,0
DA:29,0
DA:30,0
DA:32,0
DA:38,0
DA:39,0
DA:41,0
DA:47,0
DA:48,0
DA:49,0
DA:51,0
DA:54,0
DA:55,0
DA:57,0
DA:58,0
DA:66,0
DA:67,0
DA:69,0
DA:83,0
DA:84,0
DA:85,0
DA:86,0
DA:90,0
DA:98,0
DA:114,0
DA:116,0
DA:117,0
DA:118,0
DA:121,0
DA:124,0
DA:127,0
DA:134,0
DA:135,0
DA:142,0
DA:152,0
DA:155,0
DA:159,0
DA:160,0
DA:165,0
DA:166,0
DA:169,0
DA:172,0
DA:175,0
DA:176,0
DA:189,0
DA:198,0
LF:53
LH:0
BRDA:24,0,0,0
BRDA:24,0,1,0
BRDA:25,1,0,0
BRDA:25,1,1,0
BRDA:26,2,0,0
BRDA:26,2,1,0
BRDA:29,3,0,0
BRDA:29,3,1,0
BRDA:32,4,0,0
BRDA:32,4,1,0
BRDA:38,5,0,0
BRDA:38,5,1,0
BRDA:41,6,0,0
BRDA:41,6,1,0
BRDA:48,7,0,0
BRDA:48,7,1,0
BRDA:54,8,0,0
BRDA:54,8,1,0
BRDA:57,9,0,0
BRDA:57,9,1,0
BRDA:71,10,0,0
BRDA:71,10,1,0
BRDA:159,11,0,0
BRDA:159,11,1,0
BRDA:165,12,0,0
BRDA:165,12,1,0
BRDA:175,13,0,0
BRDA:175,13,1,0
BRF:28
BRH:0
end_of_record
TN:
SF:src\services\profile.service.ts
FN:16,(anonymous_0)
FN:84,(anonymous_1)
FN:125,(anonymous_2)
FNF:3
FNH:0
FNDA:0,(anonymous_0)
FNDA:0,(anonymous_1)
FNDA:0,(anonymous_2)
DA:6,0
DA:7,0
DA:18,0
DA:24,0
DA:25,0
DA:28,0
DA:29,0
DA:36,0
DA:52,0
DA:53,0
DA:59,0
DA:60,0
DA:64,0
DA:85,0
DA:91,0
DA:93,0
DA:94,0
DA:96,0
DA:99,0
DA:100,0
DA:104,0
DA:127,0
DA:128,0
DA:129,0
DA:133,0
DA:134,0
DA:138,0
DA:140,0
DA:141,0
DA:144,0
DA:145,0
DA:148,0
DA:149,0
DA:152,0
DA:153,0
DA:156,0
DA:157,0
DA:160,0
DA:161,0
DA:164,0
DA:165,0
DA:169,0
DA:176,0
DA:177,0
DA:180,0
DA:181,0
DA:185,0
DA:201,0
LF:48
LH:0
BRDA:24,0,0,0
BRDA:24,0,1,0
BRDA:28,1,0,0
BRDA:28,1,1,0
BRDA:28,2,0,0
BRDA:28,2,1,0
BRDA:52,3,0,0
BRDA:52,3,1,0
BRDA:59,4,0,0
BRDA:59,4,1,0
BRDA:70,5,0,0
BRDA:70,5,1,0
BRDA:72,6,0,0
BRDA:72,6,1,0
BRDA:91,7,0,0
BRDA:91,7,1,0
BRDA:93,8,0,0
BRDA:93,8,1,0
BRDA:99,9,0,0
BRDA:99,9,1,0
BRDA:110,10,0,0
BRDA:110,10,1,0
BRDA:112,11,0,0
BRDA:112,11,1,0
BRDA:128,12,0,0
BRDA:128,12,1,0
BRDA:133,13,0,0
BRDA:133,13,1,0
BRDA:133,14,0,0
BRDA:133,14,1,0
BRDA:140,15,0,0
BRDA:140,15,1,0
BRDA:141,16,0,0
BRDA:141,16,1,0
BRDA:144,17,0,0
BRDA:144,17,1,0
BRDA:145,18,0,0
BRDA:145,18,1,0
BRDA:148,19,0,0
BRDA:148,19,1,0
BRDA:149,20,0,0
BRDA:149,20,1,0
BRDA:152,21,0,0
BRDA:152,21,1,0
BRDA:153,22,0,0
BRDA:153,22,1,0
BRDA:156,23,0,0
BRDA:156,23,1,0
BRDA:157,24,0,0
BRDA:157,24,1,0
BRDA:160,25,0,0
BRDA:160,25,1,0
BRDA:164,26,0,0
BRDA:164,26,1,0
BRDA:165,27,0,0
BRDA:165,27,1,0
BRDA:176,28,0,0
BRDA:176,28,1,0
BRDA:180,29,0,0
BRDA:180,29,1,0
BRDA:191,30,0,0
BRDA:191,30,1,0
BRDA:193,31,0,0
BRDA:193,31,1,0
BRF:64
BRH:0
end_of_record
TN:
SF:src\services\project.service.ts
FN:29,(anonymous_0)
FN:40,(anonymous_1)
FN:54,(anonymous_2)
FN:73,(anonymous_3)
FN:85,(anonymous_4)
FN:115,(anonymous_5)
FN:196,(anonymous_6)
FN:243,(anonymous_7)
FN:271,(anonymous_8)
FN:292,(anonymous_9)
FNF:10
FNH:0
FNDA:0,(anonymous_0)
FNDA:0,(anonymous_1)
FNDA:0,(anonymous_2)
FNDA:0,(anonymous_3)
FNDA:0,(anonymous_4)
FNDA:0,(anonymous_5)
FNDA:0,(anonymous_6)
FNDA:0,(anonymous_7)
FNDA:0,(anonymous_8)
FNDA:0,(anonymous_9)
DA:1,0
DA:3,0
DA:9,0
DA:10,0
DA:11,0
DA:15,0
DA:18,0
DA:23,0
DA:29,0
DA:30,0
DA:36,0
DA:37,0
DA:40,0
DA:41,0
DA:43,0
DA:44,0
DA:45,0
DA:46,0
DA:48,0
DA:50,0
DA:51,0
DA:54,0
DA:55,0
DA:61,0
DA:62,0
DA:73,0
DA:74,0
DA:75,0
DA:77,0
DA:78,0
DA:85,0
DA:87,0
DA:93,0
DA:94,0
DA:98,0
DA:105,0
DA:115,0
DA:121,0
DA:127,0
DA:128,0
DA:132,0
DA:133,0
DA:137,0
DA:138,0
DA:146,0
DA:147,0
DA:155,0
DA:156,0
DA:157,0
DA:158,0
DA:167,0
DA:168,0
DA:170,0
DA:171,0
DA:172,0
DA:177,0
DA:178,0
DA:182,0
DA:189,0
DA:190,0
DA:193,0
DA:196,0
DA:197,0
DA:203,0
DA:204,0
DA:207,0
DA:208,0
DA:211,0
DA:212,0
DA:219,0
DA:226,0
DA:227,0
DA:234,0
DA:245,0
DA:254,0
DA:256,0
DA:257,0
DA:259,0
DA:262,0
DA:263,0
DA:266,0
DA:271,0
DA:273,0
DA:292,0
DA:298,0
DA:304,0
DA:305,0
DA:309,0
DA:310,0
DA:318,0
DA:319,0
DA:323,0
DA:324,0
DA:325,0
DA:329,0
DA:330,0
DA:338,0
DA:339,0
DA:347,0
DA:348,0
DA:349,0
DA:356,0
DA:357,0
DA:365,0
DA:367,0
DA:375,0
DA:386,0
DA:388,0
DA:389,0
DA:396,0
DA:405,0
DA:408,0
DA:409,0
DA:416,0
DA:424,0
LF:115
LH:0
BRDA:36,0,0,0
BRDA:36,0,1,0
BRDA:43,1,0,0
BRDA:43,1,1,0
BRDA:44,2,0,0
BRDA:44,2,1,0
BRDA:45,3,0,0
BRDA:45,3,1,0
BRDA:46,4,0,0
BRDA:46,4,1,0
BRDA:50,5,0,0
BRDA:50,5,1,0
BRDA:61,6,0,0
BRDA:61,6,1,0
BRDA:64,7,0,0
BRDA:64,7,1,0
BRDA:74,8,0,0
BRDA:74,8,1,0
BRDA:77,9,0,0
BRDA:77,9,1,0
BRDA:93,10,0,0
BRDA:93,10,1,0
BRDA:127,11,0,0
BRDA:127,11,1,0
BRDA:127,12,0,0
BRDA:127,12,1,0
BRDA:132,13,0,0
BRDA:132,13,1,0
BRDA:137,14,0,0
BRDA:137,14,1,0
BRDA:146,15,0,0
BRDA:146,15,1,0
BRDA:146,16,0,0
BRDA:146,16,1,0
BRDA:150,17,0,0
BRDA:150,17,1,0
BRDA:155,18,0,0
BRDA:155,18,1,0
BRDA:155,19,0,0
BRDA:155,19,1,0
BRDA:157,20,0,0
BRDA:157,20,1,0
BRDA:171,21,0,0
BRDA:171,21,1,0
BRDA:177,22,0,0
BRDA:177,22,1,0
BRDA:189,23,0,0
BRDA:189,23,1,0
BRDA:203,24,0,0
BRDA:203,24,1,0
BRDA:203,25,0,0
BRDA:203,25,1,0
BRDA:207,26,0,0
BRDA:207,26,1,0
BRDA:211,27,0,0
BRDA:211,27,1,0
BRDA:226,28,0,0
BRDA:226,28,1,0
BRDA:254,29,0,0
BRDA:254,29,1,0
BRDA:256,30,0,0
BRDA:256,30,1,0
BRDA:262,31,0,0
BRDA:262,31,1,0
BRDA:271,32,0,0
BRDA:271,32,1,0
BRDA:281,33,0,0
BRDA:281,33,1,0
BRDA:282,34,0,0
BRDA:282,34,1,0
BRDA:304,35,0,0
BRDA:304,35,1,0
BRDA:304,36,0,0
BRDA:304,36,1,0
BRDA:309,37,0,0
BRDA:309,37,1,0
BRDA:318,38,0,0
BRDA:318,38,1,0
BRDA:324,39,0,0
BRDA:324,39,1,0
BRDA:329,40,0,0
BRDA:329,40,1,0
BRDA:338,41,0,0
BRDA:338,41,1,0
BRDA:348,42,0,0
BRDA:348,42,1,0
BRDA:348,43,0,0
BRDA:348,43,1,0
BRDA:356,44,0,0
BRDA:356,44,1,0
BRDA:386,45,0,0
BRDA:386,45,1,0
BRDA:408,46,0,0
BRDA:408,46,1,0
BRDA:412,47,0,0
BRDA:412,47,1,0
BRF:96
BRH:0
end_of_record
TN:
SF:src\services\role.service.ts
FN:33,becomeFreelancer
FN:81,becomeClient
FNF:2
FNH:0
FNDA:0,becomeFreelancer
FNDA:0,becomeClient
DA:6,0
DA:7,0
DA:33,0
DA:35,0
DA:36,0
DA:37,0
DA:41,0
DA:47,0
DA:48,0
DA:52,0
DA:62,0
DA:63,0
DA:69,0
DA:81,0
DA:83,0
DA:84,0
DA:85,0
DA:89,0
DA:95,0
DA:96,0
DA:100,0
DA:110,0
DA:111,0
DA:117,0
LF:24
LH:0
BRDA:36,0,0,0
BRDA:36,0,1,0
BRDA:47,1,0,0
BRDA:47,1,1,0
BRDA:47,2,0,0
BRDA:47,2,1,0
BRDA:62,3,0,0
BRDA:62,3,1,0
BRDA:62,4,0,0
BRDA:62,4,1,0
BRDA:84,5,0,0
BRDA:84,5,1,0
BRDA:95,6,0,0
BRDA:95,6,1,0
BRDA:95,7,0,0
BRDA:95,7,1,0
BRDA:110,8,0,0
BRDA:110,8,1,0
BRDA:110,9,0,0
BRDA:110,9,1,0
BRF:20
BRH:0
end_of_record
TN:
SF:src\services\task.service.ts
FN:15,(anonymous_0)
FN:25,(anonymous_1)
FN:91,(anonymous_2)
FN:140,(anonymous_3)
FN:162,(anonymous_4)
FN:181,(anonymous_5)
FNF:6
FNH:0
FNDA:0,(anonymous_0)
FNDA:0,(anonymous_1)
FNDA:0,(anonymous_2)
FNDA:0,(anonymous_3)
FNDA:0,(anonymous_4)
FNDA:0,(anonymous_5)
DA:6,0
DA:9,0
DA:10,0
DA:16,0
DA:26,0
DA:29,0
DA:35,0
DA:36,0
DA:40,0
DA:41,0
DA:45,0
DA:46,0
DA:50,0
DA:56,0
DA:57,0
DA:61,0
DA:62,0
DA:65,0
DA:66,0
DA:67,0
DA:70,0
DA:71,0
DA:72,0
DA:79,0
DA:81,0
DA:82,0
DA:84,0
DA:86,0
DA:87,0
DA:91,0
DA:96,0
DA:112,0
DA:113,0
DA:117,0
DA:119,0
DA:127,0
DA:128,0
DA:132,0
DA:141,0
DA:147,0
DA:148,0
DA:149,0
DA:151,0
DA:154,0
DA:163,0
DA:169,0
DA:170,0
DA:173,0
DA:182,0
DA:188,0
DA:189,0
DA:192,0
DA:196,0
LF:53
LH:0
BRDA:35,0,0,0
BRDA:35,0,1,0
BRDA:35,1,0,0
BRDA:35,1,1,0
BRDA:40,2,0,0
BRDA:40,2,1,0
BRDA:45,3,0,0
BRDA:45,3,1,0
BRDA:56,4,0,0
BRDA:56,4,1,0
BRDA:61,5,0,0
BRDA:61,5,1,0
BRDA:61,6,0,0
BRDA:61,6,1,0
BRDA:77,7,0,0
BRDA:77,7,1,0
BRDA:84,8,0,0
BRDA:84,8,1,0
BRDA:112,9,0,0
BRDA:112,9,1,0
BRDA:117,10,0,0
BRDA:117,10,1,0
BRDA:127,11,0,0
BRDA:127,11,1,0
BRDA:147,12,0,0
BRDA:147,12,1,0
BRDA:148,13,0,0
BRDA:148,13,1,0
BRDA:169,14,0,0
BRDA:169,14,1,0
BRDA:188,15,0,0
BRDA:188,15,1,0
BRF:32
BRH:0
end_of_record
TN:
SF:src\services\user.service.ts
FN:18,(anonymous_10)
FN:58,(anonymous_11)
FN:72,(anonymous_12)
FN:101,(anonymous_13)
FN:151,(anonymous_14)
FN:178,(anonymous_15)
FN:239,(anonymous_16)
FN:310,(anonymous_17)
FNF:8
FNH:0
FNDA:0,(anonymous_10)
FNDA:0,(anonymous_11)
FNDA:0,(anonymous_12)
FNDA:0,(anonymous_13)
FNDA:0,(anonymous_14)
FNDA:0,(anonymous_15)
FNDA:0,(anonymous_16)
FNDA:0,(anonymous_17)
DA:6,0
DA:7,0
DA:15,0
DA:20,0
DA:26,0
DA:27,0
DA:30,0
DA:36,0
DA:38,0
DA:53,0
DA:55,0
DA:59,0
DA:67,0
DA:69,0
DA:74,0
DA:75,0
DA:79,0
DA:80,0
DA:87,0
DA:90,0
DA:97,0
DA:98,0
DA:104,0
DA:106,0
DA:121,0
DA:122,0
DA:128,0
DA:129,0
DA:133,0
DA:134,0
DA:137,0
DA:139,0
DA:141,0
DA:142,0
DA:145,0
DA:153,0
DA:154,0
DA:155,0
DA:159,0
DA:171,0
DA:172,0
DA:175,0
DA:182,0
DA:183,0
DA:184,0
DA:186,0
DA:187,0
DA:194,0
DA:195,0
DA:199,0
DA:203,0
DA:204,0
DA:207,0
DA:208,0
DA:212,0
DA:221,0
DA:222,0
DA:225,0
DA:245,0
DA:246,0
DA:253,0
DA:259,0
DA:260,0
DA:264,0
DA:265,0
DA:272,0
DA:273,0
DA:280,0
DA:281,0
DA:282,0
DA:286,0
DA:289,0
DA:290,0
DA:293,0
DA:302,0
DA:303,0
DA:304,0
DA:308,0
DA:309,0
DA:310,0
DA:311,0
DA:314,0
DA:319,0
DA:339,0
DA:340,0
DA:341,0
DA:346,0
LF:87
LH:0
BRDA:26,0,0,0
BRDA:26,0,1,0
BRDA:36,1,0,0
BRDA:36,1,1,0
BRDA:47,2,0,0
BRDA:47,2,1,0
BRDA:53,3,0,0
BRDA:53,3,1,0
BRDA:67,4,0,0
BRDA:67,4,1,0
BRDA:74,5,0,0
BRDA:74,5,1,0
BRDA:74,6,0,0
BRDA:74,6,1,0
BRDA:79,7,0,0
BRDA:79,7,1,0
BRDA:87,8,0,0
BRDA:87,8,1,0
BRDA:97,9,0,0
BRDA:97,9,1,0
BRDA:104,10,0,0
BRDA:104,11,0,0
BRDA:121,12,0,0
BRDA:121,12,1,0
BRDA:128,13,0,0
BRDA:128,13,1,0
BRDA:141,14,0,0
BRDA:141,14,1,0
BRDA:146,15,0,0
BRDA:146,15,1,0
BRDA:147,16,0,0
BRDA:147,16,1,0
BRDA:154,17,0,0
BRDA:154,17,1,0
BRDA:171,18,0,0
BRDA:171,18,1,0
BRDA:183,19,0,0
BRDA:183,19,1,0
BRDA:186,20,0,0
BRDA:186,20,1,0
BRDA:186,21,0,0
BRDA:186,21,1,0
BRDA:194,22,0,0
BRDA:194,22,1,0
BRDA:203,23,0,0
BRDA:203,23,1,0
BRDA:207,24,0,0
BRDA:207,24,1,0
BRDA:221,25,0,0
BRDA:221,25,1,0
BRDA:245,26,0,0
BRDA:245,26,1,0
BRDA:259,27,0,0
BRDA:259,27,1,0
BRDA:259,28,0,0
BRDA:259,28,1,0
BRDA:264,29,0,0
BRDA:264,29,1,0
BRDA:272,30,0,0
BRDA:272,30,1,0
BRDA:281,31,0,0
BRDA:281,31,1,0
BRDA:302,32,0,0
BRDA:302,32,1,0
BRDA:308,33,0,0
BRDA:308,33,1,0
BRDA:339,34,0,0
BRDA:339,34,1,0
BRF:68
BRH:0
end_of_record
TN:
SF:src\services\wallet.service.ts
FN:23,generateInvisibleWallet
FN:76,linkExternalWallet
FN:130,connectExternalWallet
FN:198,getWalletsByUserId
FN:224,getWalletByAddress
FN:256,getPrimaryWallet
FN:292,decryptPrivateKey
FN:315,deleteWallet
FN:339,getWalletById
FN:371,disconnectWallet
FN:414,(anonymous_10)
FN:446,getStellarBalance
FN:516,(anonymous_12)
FN:552,setPrimaryWallet
FNF:14
FNH:0
FNDA:0,generateInvisibleWallet
FNDA:0,linkExternalWallet
FNDA:0,connectExternalWallet
FNDA:0,getWalletsByUserId
FNDA:0,getWalletByAddress
FNDA:0,getPrimaryWallet
FNDA:0,decryptPrivateKey
FNDA:0,deleteWallet
FNDA:0,getWalletById
FNDA:0,disconnectWallet
FNDA:0,(anonymous_10)
FNDA:0,getStellarBalance
FNDA:0,(anonymous_12)
FNDA:0,setPrimaryWallet
DA:1,0
DA:2,0
DA:3,0
DA:10,0
DA:23,0
DA:26,0
DA:28,0
DA:29,0
DA:30,0
DA:33,0
DA:36,0
DA:49,0
DA:50,0
DA:56,0
DA:62,0
DA:63,0
DA:76,0
DA:80,0
DA:82,0
DA:88,0
DA:89,0
DA:93,0
DA:105,0
DA:106,0
DA:112,0
DA:114,0
DA:115,0
DA:130,0
DA:135,0
DA:137,0
DA:138,0
DA:142,0
DA:143,0
DA:144,0
DA:151,0
DA:157,0
DA:158,0
DA:162,0
DA:176,0
DA:177,0
DA:183,0
DA:185,0
DA:186,0
DA:198,0
DA:199,0
DA:200,0
DA:205,0
DA:206,0
DA:209,0
DA:211,0
DA:212,0
DA:224,0
DA:227,0
DA:228,0
DA:234,0
DA:235,0
DA:236,0
DA:238,0
DA:241,0
DA:243,0
DA:244,0
DA:256,0
DA:257,0
DA:258,0
DA:266,0
DA:267,0
DA:268,0
DA:270,0
DA:276,0
DA:278,0
DA:279,0
DA:292,0
DA:293,0
DA:294,0
DA:297,0
DA:298,0
DA:301,0
DA:302,0
DA:304,0
DA:315,0
DA:316,0
DA:317,0
DA:322,0
DA:323,0
DA:326,0
DA:327,0
DA:339,0
DA:340,0
DA:341,0
DA:347,0
DA:348,0
DA:349,0
DA:351,0
DA:354,0
DA:356,0
DA:357,0
DA:371,0
DA:375,0
DA:377,0
DA:379,0
DA:380,0
DA:384,0
DA:385,0
DA:393,0
DA:394,0
DA:402,0
DA:404,0
DA:405,0
DA:413,0
DA:415,0
DA:417,0
DA:420,0
DA:425,0
DA:426,0
DA:436,0
DA:437,0
DA:446,0
DA:450,0
DA:451,0
DA:454,0
DA:455,0
DA:457,0
DA:459,0
DA:461,0
DA:462,0
DA:465,0
DA:467,0
DA:468,0
DA:472,0
DA:475,0
DA:477,0
DA:479,0
DA:480,0
DA:483,0
DA:484,0
DA:489,0
DA:492,0
DA:493,0
DA:495,0
DA:496,0
DA:502,0
DA:503,0
DA:509,0
DA:513,0
DA:516,0
DA:526,0
DA:531,0
DA:533,0
DA:535,0
DA:552,0
DA:553,0
DA:555,0
DA:557,0
DA:558,0
DA:562,0
DA:563,0
DA:568,0
DA:573,0
DA:574,0
DA:578,0
DA:585,0
DA:586,0
DA:589,0
DA:592,0
DA:593,0
LF:165
LH:0
BRDA:49,0,0,0
BRDA:49,0,1,0
BRDA:62,1,0,0
BRDA:62,1,1,0
BRDA:64,2,0,0
BRDA:64,2,1,0
BRDA:88,3,0,0
BRDA:88,3,1,0
BRDA:105,4,0,0
BRDA:105,4,1,0
BRDA:114,5,0,0
BRDA:114,5,1,0
BRDA:116,6,0,0
BRDA:116,6,1,0
BRDA:137,7,0,0
BRDA:137,7,1,0
BRDA:143,8,0,0
BRDA:143,8,1,0
BRDA:157,9,0,0
BRDA:157,9,1,0
BRDA:176,10,0,0
BRDA:176,10,1,0
BRDA:185,11,0,0
BRDA:185,11,1,0
BRDA:187,12,0,0
BRDA:187,12,1,0
BRDA:205,13,0,0
BRDA:205,13,1,0
BRDA:209,14,0,0
BRDA:209,14,1,0
BRDA:211,15,0,0
BRDA:211,15,1,0
BRDA:213,16,0,0
BRDA:213,16,1,0
BRDA:234,17,0,0
BRDA:234,17,1,0
BRDA:235,18,0,0
BRDA:235,18,1,0
BRDA:243,19,0,0
BRDA:243,19,1,0
BRDA:245,20,0,0
BRDA:245,20,1,0
BRDA:266,21,0,0
BRDA:266,21,1,0
BRDA:267,22,0,0
BRDA:267,22,1,0
BRDA:278,23,0,0
BRDA:278,23,1,0
BRDA:280,24,0,0
BRDA:280,24,1,0
BRDA:293,25,0,0
BRDA:293,25,1,0
BRDA:297,26,0,0
BRDA:297,26,1,0
BRDA:305,27,0,0
BRDA:305,27,1,0
BRDA:322,28,0,0
BRDA:322,28,1,0
BRDA:326,29,0,0
BRDA:326,29,1,0
BRDA:328,30,0,0
BRDA:328,30,1,0
BRDA:347,31,0,0
BRDA:347,31,1,0
BRDA:348,32,0,0
BRDA:348,32,1,0
BRDA:356,33,0,0
BRDA:356,33,1,0
BRDA:358,34,0,0
BRDA:358,34,1,0
BRDA:379,35,0,0
BRDA:379,35,1,0
BRDA:384,36,0,0
BRDA:384,36,1,0
BRDA:393,37,0,0
BRDA:393,37,1,0
BRDA:404,38,0,0
BRDA:404,38,1,0
BRDA:425,39,0,0
BRDA:425,39,1,0
BRDA:427,40,0,0
BRDA:427,40,1,0
BRDA:455,41,0,0
BRDA:455,41,1,0
BRDA:455,42,0,0
BRDA:455,42,1,0
BRDA:459,43,0,0
BRDA:459,43,1,0
BRDA:465,44,0,0
BRDA:465,44,1,0
BRDA:479,45,0,0
BRDA:479,45,1,0
BRDA:483,46,0,0
BRDA:483,46,1,0
BRDA:495,47,0,0
BRDA:495,47,1,0
BRDA:495,48,0,0
BRDA:495,48,1,0
BRDA:502,49,0,0
BRDA:502,49,1,0
BRDA:502,50,0,0
BRDA:502,50,1,0
BRDA:518,51,0,0
BRDA:518,51,1,0
BRDA:533,52,0,0
BRDA:533,52,1,0
BRDA:536,53,0,0
BRDA:536,53,1,0
BRDA:557,54,0,0
BRDA:557,54,1,0
BRDA:562,55,0,0
BRDA:562,55,1,0
BRDA:573,56,0,0
BRDA:573,56,1,0
BRDA:585,57,0,0
BRDA:585,57,1,0
BRDA:592,58,0,0
BRDA:592,58,1,0
BRDA:594,59,0,0
BRDA:594,59,1,0
BRF:120
BRH:0
end_of_record
TN:
SF:src\services\withdrawal.orchestrator.ts
FN:14,(anonymous_0)
FN:27,(anonymous_1)
FN:57,(anonymous_2)
FN:147,(anonymous_3)
FNF:4
FNH:0
FNDA:0,(anonymous_0)
FNDA:0,(anonymous_1)
FNDA:0,(anonymous_2)
FNDA:0,(anonymous_3)
DA:1,0
DA:2,0
DA:3,0
DA:9,0
DA:10,0
DA:11,0
DA:12,0
DA:14,0
DA:15,0
DA:16,0
DA:33,0
DA:36,0
DA:37,0
DA:40,0
DA:41,0
DA:44,0
DA:45,0
DA:48,0
DA:49,0
DA:56,0
DA:57,0
DA:58,0
DA:60,0
DA:61,0
DA:68,0
DA:69,0
DA:70,0
DA:74,0
DA:86,0
DA:87,0
DA:88,0
DA:91,0
DA:95,0
DA:96,0
DA:104,0
DA:106,0
DA:107,0
DA:111,0
DA:112,0
DA:119,0
DA:120,0
DA:125,0
DA:131,0
DA:132,0
DA:135,0
DA:136,0
DA:142,0
DA:143,0
DA:148,0
DA:153,0
DA:154,0
DA:159,0
LF:52
LH:0
BRDA:40,0,0,0
BRDA:40,0,1,0
BRDA:44,1,0,0
BRDA:44,1,1,0
BRDA:48,2,0,0
BRDA:48,2,1,0
BRDA:48,3,0,0
BRDA:48,3,1,0
BRDA:58,4,0,0
BRDA:58,4,1,0
BRDA:60,5,0,0
BRDA:60,5,1,0
BRDA:69,6,0,0
BRDA:69,6,1,0
BRDA:86,7,0,0
BRDA:86,7,1,0
BRDA:86,8,0,0
BRDA:86,8,1,0
BRDA:131,9,0,0
BRDA:131,9,1,0
BRDA:131,10,0,0
BRDA:131,10,1,0
BRDA:153,11,0,0
BRDA:153,11,1,0
BRF:24
BRH:0
end_of_record
TN:
SF:src\services\oauth\apple-oauth.service.ts
FN:25,(anonymous_1)
FN:35,(anonymous_2)
FN:58,(anonymous_3)
FN:74,(anonymous_4)
FN:114,(anonymous_5)
FN:158,(anonymous_6)
FN:206,(anonymous_7)
FNF:7
FNH:0
FNDA:0,(anonymous_1)
FNDA:0,(anonymous_2)
FNDA:0,(anonymous_3)
FNDA:0,(anonymous_4)
FNDA:0,(anonymous_5)
FNDA:0,(anonymous_6)
FNDA:0,(anonymous_7)
DA:6,0
DA:7,0
DA:8,0
DA:9,0
DA:10,0
DA:11,0
DA:12,0
DA:13,0
DA:18,0
DA:19,0
DA:20,0
DA:26,0
DA:27,0
DA:28,0
DA:29,0
DA:36,0
DA:37,0
DA:40,0
DA:41,0
DA:49,0
DA:59,0
DA:68,0
DA:75,0
DA:76,0
DA:78,0
DA:94,0
DA:98,0
DA:105,0
DA:115,0
DA:118,0
DA:120,0
DA:123,0
DA:126,0
DA:127,0
DA:131,0
DA:132,0
DA:135,0
DA:139,0
DA:151,0
DA:164,0
DA:167,0
DA:170,0
DA:173,0
DA:174,0
DA:178,0
DA:182,0
DA:189,0
DA:196,0
DA:207,0
DA:208,0
DA:210,0
DA:225,0
DA:229,0
DA:236,0
LF:54
LH:0
BRDA:27,0,0,0
BRDA:27,0,1,0
BRDA:28,1,0,0
BRDA:28,1,1,0
BRDA:29,2,0,0
BRDA:29,2,1,0
BRDA:36,3,0,0
BRDA:36,3,1,0
BRDA:36,4,0,0
BRDA:36,4,1,0
BRDA:36,4,2,0
BRDA:65,5,0,0
BRDA:65,5,1,0
BRDA:94,6,0,0
BRDA:94,6,1,0
BRDA:102,7,0,0
BRDA:102,7,1,0
BRDA:105,8,0,0
BRDA:105,8,1,0
BRDA:118,9,0,0
BRDA:118,9,1,0
BRDA:126,10,0,0
BRDA:126,10,1,0
BRDA:131,11,0,0
BRDA:131,11,1,0
BRDA:135,12,0,0
BRDA:135,12,1,0
BRDA:136,13,0,0
BRDA:136,13,1,0
BRDA:136,14,0,0
BRDA:136,14,1,0
BRDA:173,15,0,0
BRDA:173,15,1,0
BRDA:185,16,0,0
BRDA:185,16,1,0
BRDA:192,17,0,0
BRDA:192,17,1,0
BRDA:225,18,0,0
BRDA:225,18,1,0
BRDA:231,19,0,0
BRDA:231,19,1,0
BRDA:233,20,0,0
BRDA:233,20,1,0
BRDA:236,21,0,0
BRDA:236,21,1,0
BRF:45
BRH:0
end_of_record
TN:
SF:src\services\oauth\github-oauth.service.ts
FN:19,(anonymous_0)
FN:26,(anonymous_1)
FN:40,(anonymous_2)
FN:70,(anonymous_3)
FN:95,(anonymous_4)
FN:131,(anonymous_5)
FNF:6
FNH:0
FNDA:0,(anonymous_0)
FNDA:0,(anonymous_1)
FNDA:0,(anonymous_2)
FNDA:0,(anonymous_3)
FNDA:0,(anonymous_4)
FNDA:0,(anonymous_5)
DA:6,0
DA:7,0
DA:8,0
DA:13,0
DA:14,0
DA:15,0
DA:16,0
DA:17,0
DA:20,0
DA:27,0
DA:34,0
DA:41,0
DA:42,0
DA:56,0
DA:63,0
DA:71,0
DA:73,0
DA:80,0
DA:83,0
DA:84,0
DA:86,0
DA:87,0
DA:94,0
DA:95,0
DA:96,0
DA:97,0
DA:98,0
DA:102,0
DA:103,0
DA:107,0
DA:108,0
DA:109,0
DA:110,0
DA:112,0
DA:124,0
DA:132,0
LF:36
LH:0
BRDA:31,0,0,0
BRDA:31,0,1,0
BRDA:60,1,0,0
BRDA:60,1,1,0
BRDA:63,2,0,0
BRDA:63,2,1,0
BRDA:83,3,0,0
BRDA:83,3,1,0
BRDA:95,4,0,0
BRDA:95,4,1,0
BRDA:96,5,0,0
BRDA:96,5,1,0
BRDA:102,6,0,0
BRDA:102,6,1,0
BRDA:107,7,0,0
BRDA:107,7,1,0
BRDA:108,8,0,0
BRDA:108,8,1,0
BRDA:109,9,0,0
BRDA:109,9,1,0
BRDA:110,10,0,0
BRDA:110,10,1,0
BRDA:124,11,0,0
BRDA:124,11,1,0
BRF:24
BRH:0
end_of_record
TN:
SF:src\services\oauth\google-oauth.service.ts
FN:19,(anonymous_0)
FN:26,(anonymous_1)
FN:43,(anonymous_2)
FN:71,(anonymous_3)
FN:100,(anonymous_4)
FNF:5
FNH:0
FNDA:0,(anonymous_0)
FNDA:0,(anonymous_1)
FNDA:0,(anonymous_2)
FNDA:0,(anonymous_3)
FNDA:0,(anonymous_4)
DA:6,0
DA:7,0
DA:9,0
DA:14,0
DA:15,0
DA:16,0
DA:17,0
DA:20,0
DA:27,0
DA:37,0
DA:44,0
DA:45,0
DA:53,0
DA:57,0
DA:64,0
DA:72,0
DA:73,0
DA:79,0
DA:81,0
DA:93,0
DA:101,0
DA:102,0
DA:109,0
DA:113,0
DA:120,0
LF:25
LH:0
BRDA:34,0,0,0
BRDA:34,0,1,0
BRDA:53,1,0,0
BRDA:53,1,1,0
BRDA:61,2,0,0
BRDA:61,2,1,0
BRDA:64,3,0,0
BRDA:64,3,1,0
BRDA:84,4,0,0
BRDA:84,4,1,0
BRDA:85,5,0,0
BRDA:85,5,1,0
BRDA:93,6,0,0
BRDA:93,6,1,0
BRDA:109,7,0,0
BRDA:109,7,1,0
BRDA:115,8,0,0
BRDA:115,8,1,0
BRDA:117,9,0,0
BRDA:117,9,1,0
BRDA:120,10,0,0
BRDA:120,10,1,0
BRF:22
BRH:0
end_of_record
TN:
SF:src\services\oauth\microsoft-oauth.service.ts
FN:18,(anonymous_0)
FN:25,(anonymous_1)
FN:41,(anonymous_2)
FN:77,(anonymous_3)
FN:111,(anonymous_4)
FNF:5
FNH:0
FNDA:0,(anonymous_0)
FNDA:0,(anonymous_1)
FNDA:0,(anonymous_2)
FNDA:0,(anonymous_3)
FNDA:0,(anonymous_4)
DA:6,0
DA:7,0
DA:8,0
DA:13,0
DA:14,0
DA:15,0
DA:16,0
DA:19,0
DA:26,0
DA:35,0
DA:42,0
DA:43,0
DA:59,0
DA:63,0
DA:70,0
DA:78,0
DA:79,0
DA:85,0
DA:88,0
DA:89,0
DA:90,0
DA:92,0
DA:104,0
DA:112,0
DA:113,0
DA:129,0
DA:133,0
DA:140,0
LF:28
LH:0
BRDA:32,0,0,0
BRDA:32,0,1,0
BRDA:59,1,0,0
BRDA:59,1,1,0
BRDA:67,2,0,0
BRDA:67,2,1,0
BRDA:70,3,0,0
BRDA:70,3,1,0
BRDA:88,4,0,0
BRDA:88,4,1,0
BRDA:88,5,0,0
BRDA:88,5,1,0
BRDA:88,6,0,0
BRDA:88,6,1,0
BRDA:89,7,0,0
BRDA:89,7,1,0
BRDA:90,8,0,0
BRDA:90,8,1,0
BRDA:95,9,0,0
BRDA:95,9,1,0
BRDA:95,9,2,0
BRDA:104,10,0,0
BRDA:104,10,1,0
BRDA:129,11,0,0
BRDA:129,11,1,0
BRDA:135,12,0,0
BRDA:135,12,1,0
BRDA:137,13,0,0
BRDA:137,13,1,0
BRDA:140,14,0,0
BRDA:140,14,1,0
BRF:31
BRH:0
end_of_record
TN:
SF:src\services\oauth\oauth-base.service.ts
FN:29,(anonymous_0)
FN:57,(anonymous_1)
FN:107,(anonymous_2)
FN:196,(anonymous_3)
FN:227,(anonymous_4)
FN:258,(anonymous_5)
FN:286,(anonymous_6)
FN:301,(anonymous_7)
FN:319,(anonymous_8)
FNF:9
FNH:0
FNDA:0,(anonymous_0)
FNDA:0,(anonymous_1)
FNDA:0,(anonymous_2)
FNDA:0,(anonymous_3)
FNDA:0,(anonymous_4)
FNDA:0,(anonymous_5)
FNDA:0,(anonymous_6)
FNDA:0,(anonymous_7)
FNDA:0,(anonymous_8)
DA:6,0
DA:7,0
DA:8,0
DA:9,0
DA:10,0
DA:18,0
DA:19,0
DA:25,0
DA:30,0
DA:31,0
DA:63,0
DA:66,0
DA:69,0
DA:72,0
DA:73,0
DA:77,0
DA:80,0
DA:87,0
DA:94,0
DA:112,0
DA:119,0
DA:121,0
DA:124,0
DA:130,0
DA:131,0
DA:134,0
DA:138,0
DA:145,0
DA:147,0
DA:149,0
DA:150,0
DA:153,0
DA:154,0
DA:170,0
DA:171,0
DA:174,0
DA:175,0
DA:176,0
DA:180,0
DA:186,0
DA:187,0
DA:190,0
DA:201,0
DA:202,0
DA:206,0
DA:219,0
DA:220,0
DA:232,0
DA:233,0
DA:237,0
DA:250,0
DA:251,0
DA:259,0
DA:260,0
DA:263,0
DA:270,0
DA:271,0
DA:274,0
DA:276,0
DA:279,0
DA:287,0
DA:293,0
DA:294,0
DA:302,0
DA:309,0
DA:310,0
DA:313,0
DA:320,0
DA:321,0
DA:322,0
LF:70
LH:0
BRDA:72,0,0,0
BRDA:72,0,1,0
BRDA:83,1,0,0
BRDA:83,1,1,0
BRDA:90,2,0,0
BRDA:90,2,1,0
BRDA:119,3,0,0
BRDA:119,3,1,0
BRDA:130,4,0,0
BRDA:130,4,1,0
BRDA:130,5,0,0
BRDA:130,5,1,0
BRDA:147,6,0,0
BRDA:147,6,1,0
BRDA:160,7,0,0
BRDA:160,7,1,0
BRDA:160,7,2,0
BRDA:170,8,0,0
BRDA:170,8,1,0
BRDA:170,9,0,0
BRDA:170,9,1,0
BRDA:186,10,0,0
BRDA:186,10,1,0
BRDA:186,11,0,0
BRDA:186,11,1,0
BRDA:202,12,0,0
BRDA:202,12,1,0
BRDA:214,13,0,0
BRDA:214,13,1,0
BRDA:215,14,0,0
BRDA:215,14,1,0
BRDA:219,15,0,0
BRDA:219,15,1,0
BRDA:233,16,0,0
BRDA:233,16,1,0
BRDA:243,17,0,0
BRDA:243,17,1,0
BRDA:244,18,0,0
BRDA:244,18,1,0
BRDA:250,19,0,0
BRDA:250,19,1,0
BRDA:270,20,0,0
BRDA:270,20,1,0
BRDA:270,21,0,0
BRDA:270,21,1,0
BRDA:274,22,0,0
BRDA:274,22,1,0
BRDA:293,23,0,0
BRDA:293,23,1,0
BRDA:309,24,0,0
BRDA:309,24,1,0
BRDA:309,25,0,0
BRDA:309,25,1,0
BRDA:320,26,0,0
BRDA:320,26,1,0
BRF:55
BRH:0
end_of_record
TN:
SF:src\services\oauth\oauth-factory.service.ts
FN:26,getOAuthService
FN:66,clearOAuthServiceCache
FNF:2
FNH:0
FNDA:0,getOAuthService
FNDA:0,clearOAuthServiceCache
DA:6,0
DA:8,0
DA:9,0
DA:10,0
DA:11,0
DA:12,0
DA:13,0
DA:18,0
DA:26,0
DA:28,0
DA:29,0
DA:33,0
DA:34,0
DA:40,0
DA:42,0
DA:43,0
DA:45,0
DA:46,0
DA:48,0
DA:49,0
DA:51,0
DA:52,0
DA:54,0
DA:58,0
DA:60,0
DA:66,0
DA:67,0
LF:27
LH:0
BRDA:28,0,0,0
BRDA:28,0,1,0
BRDA:33,1,0,0
BRDA:33,1,1,0
BRDA:40,2,0,0
BRDA:40,2,1,0
BRDA:40,2,2,0
BRDA:40,2,3,0
BRDA:40,2,4,0
BRF:9
BRH:0
end_of_record
TN:
SF:src\types\api.type.ts
FNF:0
FNH:0
DA:23,0
LF:1
LH:0
BRF:0
BRH:0
end_of_record
TN:
SF:src\types\auth.types.ts
FN:4,(anonymous_0)
FN:56,(anonymous_1)
FN:440,(anonymous_2)
FN:501,(anonymous_3)
FN:521,(anonymous_4)
FN:542,(anonymous_5)
FNF:6
FNH:0
FNDA:0,(anonymous_0)
FNDA:0,(anonymous_1)
FNDA:0,(anonymous_2)
FNDA:0,(anonymous_3)
FNDA:0,(anonymous_4)
FNDA:0,(anonymous_5)
DA:4,0
DA:5,0
DA:6,0
DA:7,0
DA:8,0
DA:9,0
DA:56,0
DA:57,0
DA:58,0
DA:59,0
DA:60,0
DA:61,0
DA:62,0
DA:63,0
DA:64,0
DA:65,0
DA:66,0
DA:67,0
DA:440,0
DA:441,0
DA:442,0
DA:443,0
DA:444,0
DA:445,0
DA:446,0
DA:447,0
DA:448,0
DA:449,0
DA:450,0
DA:451,0
DA:452,0
DA:453,0
DA:496,0
DA:507,0
DA:508,0
DA:509,0
DA:510,0
DA:511,0
DA:515,0
DA:528,0
DA:529,0
DA:530,0
DA:531,0
DA:532,0
DA:533,0
DA:537,0
DA:548,0
DA:549,0
DA:550,0
DA:551,0
DA:552,0
LF:51
LH:0
BRDA:4,0,0,0
BRDA:4,0,1,0
BRDA:56,1,0,0
BRDA:56,1,1,0
BRDA:440,2,0,0
BRDA:440,2,1,0
BRDA:504,3,0,0
BRDA:524,4,0,0
BRDA:545,5,0,0
BRF:9
BRH:0
end_of_record
TN:
SF:src\types\balance.types.ts
FNF:0
FNH:0
DA:7,0
DA:55,0
LF:2
LH:0
BRF:0
BRH:0
end_of_record
TN:
SF:src\types\errors.types.ts
FN:53,(anonymous_0)
FN:114,(anonymous_1)
FNF:2
FNH:0
FNDA:0,(anonymous_0)
FNDA:0,(anonymous_1)
DA:53,0
DA:55,0
DA:56,0
DA:57,0
DA:58,0
DA:59,0
DA:60,0
DA:61,0
DA:62,0
DA:63,0
DA:64,0
DA:67,0
DA:68,0
DA:69,0
DA:70,0
DA:71,0
DA:72,0
DA:75,0
DA:76,0
DA:77,0
DA:78,0
DA:79,0
DA:80,0
DA:81,0
DA:82,0
DA:85,0
DA:86,0
DA:87,0
DA:88,0
DA:89,0
DA:92,0
DA:93,0
DA:94,0
DA:95,0
DA:98,0
DA:99,0
DA:100,0
DA:101,0
DA:102,0
DA:103,0
DA:104,0
DA:107,0
DA:108,0
DA:109,0
DA:110,0
DA:114,0
DA:115,0
DA:116,0
DA:117,0
DA:118,0
LF:50
LH:0
BRDA:53,0,0,0
BRDA:53,0,1,0
BRDA:114,1,0,0
BRDA:114,1,1,0
BRF:4
BRH:0
end_of_record
TN:
SF:src\types\oauth.types.ts
FN:9,(anonymous_0)
FNF:1
FNH:0
FNDA:0,(anonymous_0)
DA:9,0
DA:10,0
DA:11,0
DA:12,0
DA:13,0
LF:5
LH:0
BRDA:9,0,0,0
BRDA:9,0,1,0
BRF:2
BRH:0
end_of_record
TN:
SF:src\types\profile.types.ts
FN:68,isProfile
FN:89,isCreateProfileDTO
FN:119,isUpdateProfileDTO
FNF:3
FNH:0
FNDA:0,isProfile
FNDA:0,isCreateProfileDTO
FNDA:0,isUpdateProfileDTO
DA:58,0
DA:68,0
DA:69,0
DA:89,0
DA:90,0
DA:119,0
DA:120,0
LF:7
LH:0
BRDA:70,0,0,0
BRDA:70,0,1,0
BRDA:70,0,2,0
BRDA:70,0,3,0
BRDA:70,0,4,0
BRDA:70,0,5,0
BRDA:70,0,6,0
BRDA:70,0,7,0
BRDA:70,0,8,0
BRDA:70,0,9,0
BRDA:70,0,10,0
BRDA:70,0,11,0
BRDA:70,0,12,0
BRDA:70,0,13,0
BRDA:70,0,14,0
BRDA:70,0,15,0
BRDA:70,0,16,0
BRDA:70,0,17,0
BRDA:70,0,18,0
BRDA:91,1,0,0
BRDA:91,1,1,0
BRDA:91,1,2,0
BRDA:91,1,3,0
BRDA:91,1,4,0
BRDA:91,1,5,0
BRDA:91,1,6,0
BRDA:91,1,7,0
BRDA:91,1,8,0
BRDA:91,1,9,0
BRDA:91,1,10,0
BRDA:91,1,11,0
BRDA:91,1,12,0
BRDA:91,1,13,0
BRDA:91,1,14,0
BRDA:91,1,15,0
BRDA:91,1,16,0
BRDA:91,1,17,0
BRDA:91,1,18,0
BRDA:91,1,19,0
BRDA:91,1,20,0
BRDA:91,1,21,0
BRDA:91,1,22,0
BRDA:121,2,0,0
BRDA:121,2,1,0
BRDA:121,2,2,0
BRDA:121,2,3,0
BRDA:121,2,4,0
BRDA:121,2,5,0
BRDA:121,2,6,0
BRDA:121,2,7,0
BRDA:121,2,8,0
BRDA:121,2,9,0
BRDA:121,2,10,0
BRDA:121,2,11,0
BRDA:121,2,12,0
BRDA:121,2,13,0
BRDA:121,2,14,0
BRDA:121,2,15,0
BRDA:121,2,16,0
BRDA:121,2,17,0
BRDA:121,2,18,0
BRDA:121,2,19,0
BRDA:121,2,20,0
BRDA:121,2,21,0
BRF:64
BRH:0
end_of_record
TN:
SF:src\types\project.type.ts
FN:18,(anonymous_0)
FNF:1
FNH:0
FNDA:0,(anonymous_0)
DA:18,0
DA:19,0
DA:20,0
DA:21,0
DA:22,0
LF:5
LH:0
BRDA:18,0,0,0
BRDA:18,0,1,0
BRF:2
BRH:0
end_of_record
TN:
SF:src\types\project.types.ts
FN:9,(anonymous_0)
FNF:1
FNH:0
FNDA:0,(anonymous_0)
DA:9,0
DA:10,0
DA:11,0
DA:12,0
DA:13,0
LF:5
LH:0
BRDA:9,0,0,0
BRDA:9,0,1,0
BRF:2
BRH:0
end_of_record
TN:
SF:src\types\withdrawal.types.ts
FN:5,(anonymous_0)
FNF:1
FNH:0
FNDA:0,(anonymous_0)
DA:5,0
DA:6,0
DA:7,0
DA:8,0
DA:9,0
DA:10,0
DA:11,0
LF:7
LH:0
BRDA:5,0,0,0
BRDA:5,0,1,0
BRF:2
BRH:0
end_of_record
TN:
SF:src\utils\AppError.ts
FN:12,(anonymous_0)
FN:29,(anonymous_1)
FN:35,(anonymous_2)
FN:41,(anonymous_3)
FN:47,(anonymous_4)
FN:53,(anonymous_5)
FN:59,(anonymous_6)
FN:65,(anonymous_7)
FN:71,(anonymous_8)
FN:77,(anonymous_9)
FN:83,(anonymous_10)
FN:89,(anonymous_11)
FN:95,(anonymous_12)
FN:101,(anonymous_13)
FN:107,(anonymous_14)
FN:113,(anonymous_15)
FN:119,(anonymous_16)
FN:147,ErrorHandler
FN:210,(anonymous_18)
FN:220,(anonymous_19)
FN:224,(anonymous_20)
FN:228,(anonymous_21)
FN:232,(anonymous_22)
FNF:23
FNH:0
FNDA:0,(anonymous_0)
FNDA:0,(anonymous_1)
FNDA:0,(anonymous_2)
FNDA:0,(anonymous_3)
FNDA:0,(anonymous_4)
FNDA:0,(anonymous_5)
FNDA:0,(anonymous_6)
FNDA:0,(anonymous_7)
FNDA:0,(anonymous_8)
FNDA:0,(anonymous_9)
FNDA:0,(anonymous_10)
FNDA:0,(anonymous_11)
FNDA:0,(anonymous_12)
FNDA:0,(anonymous_13)
FNDA:0,(anonymous_14)
FNDA:0,(anonymous_15)
FNDA:0,(anonymous_16)
FNDA:0,ErrorHandler
FNDA:0,(anonymous_18)
FNDA:0,(anonymous_19)
FNDA:0,(anonymous_20)
FNDA:0,(anonymous_21)
FNDA:0,(anonymous_22)
DA:6,0
DA:18,0
DA:19,0
DA:20,0
DA:21,0
DA:22,0
DA:23,0
DA:28,0
DA:30,0
DA:34,0
DA:36,0
DA:40,0
DA:42,0
DA:46,0
DA:48,0
DA:52,0
DA:54,0
DA:58,0
DA:60,0
DA:64,0
DA:66,0
DA:70,0
DA:72,0
DA:76,0
DA:78,0
DA:82,0
DA:84,0
DA:88,0
DA:90,0
DA:94,0
DA:96,0
DA:100,0
DA:102,0
DA:106,0
DA:108,0
DA:112,0
DA:114,0
DA:119,0
DA:120,0
DA:121,0
DA:124,0
DA:126,0
DA:128,0
DA:130,0
DA:132,0
DA:134,0
DA:136,0
DA:138,0
DA:140,0
DA:142,0
DA:147,0
DA:153,0
DA:154,0
DA:155,0
DA:156,0
DA:158,0
DA:159,0
DA:160,0
DA:161,0
DA:162,0
DA:163,0
DA:164,0
DA:165,0
DA:166,0
DA:167,0
DA:168,0
DA:170,0
DA:171,0
DA:175,0
DA:176,0
DA:189,0
DA:206,0
DA:210,0
DA:211,0
DA:212,0
DA:215,0
DA:216,0
DA:220,0
DA:221,0
DA:224,0
DA:225,0
DA:228,0
DA:229,0
DA:232,0
DA:233,0
LF:85
LH:0
BRDA:14,0,0,0
BRDA:15,1,0,0
BRDA:41,2,0,0
BRDA:59,3,0,0
BRDA:65,4,0,0
BRDA:77,5,0,0
BRDA:120,6,0,0
BRDA:120,6,1,0
BRDA:120,7,0,0
BRDA:120,7,1,0
BRDA:124,8,0,0
BRDA:124,8,1,0
BRDA:124,8,2,0
BRDA:124,8,3,0
BRDA:124,8,4,0
BRDA:124,8,5,0
BRDA:124,8,6,0
BRDA:124,8,7,0
BRDA:124,8,8,0
BRDA:158,9,0,0
BRDA:158,9,1,0
BRDA:163,10,0,0
BRDA:163,10,1,0
BRDA:166,11,0,0
BRDA:166,11,1,0
BRDA:175,12,0,0
BRDA:175,12,1,0
BRDA:181,13,0,0
BRDA:181,13,1,0
BRDA:198,14,0,0
BRDA:198,14,1,0
BRDA:199,15,0,0
BRDA:199,15,1,0
BRDA:211,16,0,0
BRDA:211,16,1,0
BRF:35
BRH:0
end_of_record
TN:
SF:src\utils\crypto.utils.ts
FN:17,getEncryptionKey
FN:33,encrypt
FN:57,decrypt
FN:89,generateRandomString
FN:98,sha256Hash
FNF:5
FNH:0
FNDA:0,getEncryptionKey
FNDA:0,encrypt
FNDA:0,decrypt
FNDA:0,generateRandomString
FNDA:0,sha256Hash
DA:1,0
DA:8,0
DA:9,0
DA:10,0
DA:11,0
DA:18,0
DA:20,0
DA:21,0
DA:25,0
DA:33,0
DA:34,0
DA:35,0
DA:36,0
DA:38,0
DA:40,0
DA:41,0
DA:43,0
DA:46,0
DA:48,0
DA:57,0
DA:58,0
DA:59,0
DA:60,0
DA:62,0
DA:63,0
DA:66,0
DA:68,0
DA:69,0
DA:70,0
DA:72,0
DA:73,0
DA:75,0
DA:76,0
DA:78,0
DA:80,0
DA:89,0
DA:90,0
DA:98,0
DA:99,0
LF:39
LH:0
BRDA:20,0,0,0
BRDA:20,0,1,0
BRDA:48,1,0,0
BRDA:48,1,1,0
BRDA:62,2,0,0
BRDA:62,2,1,0
BRDA:80,3,0,0
BRDA:80,3,1,0
BRDA:89,4,0,0
BRF:9
BRH:0
end_of_record
TN:
SF:src\utils\jwt.utils.ts
FN:20,hashToken
FN:24,signAccessToken
FN:30,signRefreshToken
FN:44,verifyAccessToken
FN:49,verifyRefreshToken
FN:59,isTokenNearExpiration
FN:79,extractTokenFromHeader
FN:91,isValidTokenFormat
FN:104,getTokenExpiration
FN:118,isTokenExpired
FNF:10
FNH:0
FNDA:0,hashToken
FNDA:0,signAccessToken
FNDA:0,signRefreshToken
FNDA:0,verifyAccessToken
FNDA:0,verifyRefreshToken
FNDA:0,isTokenNearExpiration
FNDA:0,extractTokenFromHeader
FNDA:0,isValidTokenFormat
FNDA:0,getTokenExpiration
FNDA:0,isTokenExpired
DA:6,0
DA:8,0
DA:10,0
DA:11,0
DA:13,0
DA:14,0
DA:16,0
DA:17,0
DA:20,0
DA:21,0
DA:24,0
DA:25,0
DA:30,0
DA:31,0
DA:35,0
DA:38,0
DA:39,0
DA:41,0
DA:44,0
DA:45,0
DA:46,0
DA:49,0
DA:50,0
DA:51,0
DA:59,0
DA:60,0
DA:61,0
DA:62,0
DA:64,0
DA:65,0
DA:66,0
DA:68,0
DA:70,0
DA:79,0
DA:80,0
DA:81,0
DA:83,0
DA:91,0
DA:92,0
DA:95,0
DA:96,0
DA:104,0
DA:105,0
DA:106,0
DA:107,0
DA:109,0
DA:118,0
DA:119,0
DA:120,0
DA:122,0
LF:50
LH:0
BRDA:11,0,0,0
BRDA:11,0,1,0
BRDA:13,1,0,0
BRDA:13,1,1,0
BRDA:16,2,0,0
BRDA:16,2,1,0
BRDA:39,3,0,0
BRDA:39,3,1,0
BRDA:62,4,0,0
BRDA:62,4,1,0
BRDA:62,5,0,0
BRDA:62,5,1,0
BRDA:80,6,0,0
BRDA:80,6,1,0
BRDA:80,7,0,0
BRDA:80,7,1,0
BRDA:92,8,0,0
BRDA:92,8,1,0
BRDA:92,9,0,0
BRDA:92,9,1,0
BRDA:107,10,0,0
BRDA:107,10,1,0
BRDA:120,11,0,0
BRDA:120,11,1,0
BRF:24
BRH:0
end_of_record
TN:
SF:src\utils\logger.ts
FN:2,(anonymous_0)
FN:7,(anonymous_1)
FN:8,(anonymous_2)
FN:9,(anonymous_3)
FNF:4
FNH:0
FNDA:0,(anonymous_0)
FNDA:0,(anonymous_1)
FNDA:0,(anonymous_2)
FNDA:0,(anonymous_3)
DA:1,0
DA:3,0
DA:4,0
DA:7,0
DA:8,0
DA:9,0
LF:6
LH:0
BRDA:3,0,0,0
BRDA:3,0,1,0
BRDA:4,1,0,0
BRDA:4,1,1,0
BRDA:8,2,0,0
BRDA:8,2,1,0
BRDA:9,3,0,0
BRDA:9,3,1,0
BRF:8
BRH:0
end_of_record
TN:
SF:src\utils\oauth.utils.ts
FN:17,encryptToken
FN:37,decryptToken
FN:59,validateOAuthEmail
FN:71,normalizeOAuthProfile
FN:98,generateOAuthState
FN:105,parseOAuthProvider
FNF:6
FNH:0
FNDA:0,encryptToken
FNDA:0,decryptToken
FNDA:0,validateOAuthEmail
FNDA:0,normalizeOAuthProfile
FNDA:0,generateOAuthState
FNDA:0,parseOAuthProvider
DA:6,0
DA:7,0
DA:8,0
DA:10,0
DA:11,0
DA:12,0
DA:17,0
DA:18,0
DA:19,0
DA:22,0
DA:23,0
DA:24,0
DA:26,0
DA:27,0
DA:28,0
DA:31,0
DA:37,0
DA:38,0
DA:39,0
DA:42,0
DA:43,0
DA:44,0
DA:45,0
DA:47,0
DA:48,0
DA:50,0
DA:51,0
DA:53,0
DA:59,0
DA:60,0
DA:61,0
DA:64,0
DA:65,0
DA:71,0
DA:73,0
DA:74,0
DA:76,0
DA:77,0
DA:78,0
DA:79,0
DA:82,0
DA:98,0
DA:99,0
DA:105,0
DA:106,0
DA:107,0
DA:108,0
LF:47
LH:0
BRDA:18,0,0,0
BRDA:18,0,1,0
BRDA:38,1,0,0
BRDA:38,1,1,0
BRDA:60,2,0,0
BRDA:60,2,1,0
BRDA:60,3,0,0
BRDA:60,3,1,0
BRDA:76,4,0,0
BRDA:76,4,1,0
BRDA:76,5,0,0
BRDA:76,5,1,0
BRDA:76,5,2,0
BRDA:78,6,0,0
BRDA:78,6,1,0
BRDA:79,7,0,0
BRDA:79,7,1,0
BRDA:85,8,0,0
BRDA:85,8,1,0
BRDA:86,9,0,0
BRDA:86,9,1,0
BRDA:87,10,0,0
BRDA:87,10,1,0
BRDA:87,10,2,0
BRDA:88,11,0,0
BRDA:88,11,1,0
BRDA:89,12,0,0
BRDA:89,12,1,0
BRDA:90,13,0,0
BRDA:90,13,1,0
BRDA:91,14,0,0
BRDA:91,14,1,0
BRDA:108,15,0,0
BRDA:108,15,1,0
BRF:34
BRH:0
end_of_record
TN:
SF:src\utils\responseBuilder.ts
FN:3,(anonymous_0)
FN:12,(anonymous_1)
FN:21,(anonymous_2)
FN:30,(anonymous_3)
FN:37,(anonymous_4)
FNF:5
FNH:0
FNDA:0,(anonymous_0)
FNDA:0,(anonymous_1)
FNDA:0,(anonymous_2)
FNDA:0,(anonymous_3)
FNDA:0,(anonymous_4)
DA:3,0
DA:6,0
DA:12,0
DA:15,0
DA:21,0
DA:24,0
DA:30,0
DA:32,0
DA:37,0
DA:46,0
LF:10
LH:0
BRDA:27,0,0,0
BRDA:27,0,1,0
BRF:2
BRH:0
end_of_record
TN:
SF:src\utils\sanitizeUser.ts
FN:3,sanitizeUser
FNF:1
FNH:0
FNDA:0,sanitizeUser
DA:3,0
DA:5,0
DA:6,0
LF:3
LH:0
BRF:0
BRH:0
end_of_record
TN:
SF:src\utils\validation.ts
FN:41,(anonymous_0)
FN:46,(anonymous_1)
FN:54,(anonymous_2)
FN:61,(anonymous_3)
FN:78,(anonymous_4)
FN:90,(anonymous_5)
FN:105,(anonymous_6)
FN:110,(anonymous_7)
FN:120,(anonymous_8)
FN:130,(anonymous_9)
FN:151,(anonymous_10)
FN:223,(anonymous_11)
FN:230,(anonymous_12)
FN:238,(anonymous_13)
FN:245,(anonymous_14)
FN:252,(anonymous_15)
FN:267,(anonymous_16)
FN:274,(anonymous_17)
FN:281,(anonymous_18)
FN:289,(anonymous_19)
FN:298,(anonymous_20)
FN:305,(anonymous_21)
FN:316,(anonymous_22)
FN:323,(anonymous_23)
FN:330,(anonymous_24)
FN:337,(anonymous_25)
FN:344,(anonymous_26)
FN:360,(anonymous_27)
FN:370,(anonymous_28)
FN:378,(anonymous_29)
FN:389,(anonymous_30)
FN:400,(anonymous_31)
FN:411,(anonymous_32)
FN:431,(anonymous_33)
FN:442,(anonymous_34)
FN:448,(anonymous_35)
FN:456,(anonymous_36)
FNF:37
FNH:0
FNDA:0,(anonymous_0)
FNDA:0,(anonymous_1)
FNDA:0,(anonymous_2)
FNDA:0,(anonymous_3)
FNDA:0,(anonymous_4)
FNDA:0,(anonymous_5)
FNDA:0,(anonymous_6)
FNDA:0,(anonymous_7)
FNDA:0,(anonymous_8)
FNDA:0,(anonymous_9)
FNDA:0,(anonymous_10)
FNDA:0,(anonymous_11)
FNDA:0,(anonymous_12)
FNDA:0,(anonymous_13)
FNDA:0,(anonymous_14)
FNDA:0,(anonymous_15)
FNDA:0,(anonymous_16)
FNDA:0,(anonymous_17)
FNDA:0,(anonymous_18)
FNDA:0,(anonymous_19)
FNDA:0,(anonymous_20)
FNDA:0,(anonymous_21)
FNDA:0,(anonymous_22)
FNDA:0,(anonymous_23)
FNDA:0,(anonymous_24)
FNDA:0,(anonymous_25)
FNDA:0,(anonymous_26)
FNDA:0,(anonymous_27)
FNDA:0,(anonymous_28)
FNDA:0,(anonymous_29)
FNDA:0,(anonymous_30)
FNDA:0,(anonymous_31)
FNDA:0,(anonymous_32)
FNDA:0,(anonymous_33)
FNDA:0,(anonymous_34)
FNDA:0,(anonymous_35)
FNDA:0,(anonymous_36)
DA:2,0
DA:4,0
DA:5,0
DA:11,0
DA:18,0
DA:22,0
DA:30,0
DA:33,0
DA:36,0
DA:37,0
DA:41,0
DA:42,0
DA:43,0
DA:46,0
DA:50,0
DA:51,0
DA:54,0
DA:55,0
DA:56,0
DA:57,0
DA:58,0
DA:61,0
DA:62,0
DA:64,0
DA:66,0
DA:69,0
DA:72,0
DA:73,0
DA:75,0
DA:78,0
DA:82,0
DA:83,0
DA:85,0
DA:87,0
DA:90,0
DA:94,0
DA:96,0
DA:97,0
DA:98,0
DA:102,0
DA:105,0
DA:106,0
DA:107,0
DA:110,0
DA:115,0
DA:116,0
DA:117,0
DA:120,0
DA:125,0
DA:126,0
DA:127,0
DA:130,0
DA:134,0
DA:151,0
DA:155,0
DA:157,0
DA:158,0
DA:161,0
DA:165,0
DA:171,0
DA:175,0
DA:179,0
DA:183,0
DA:184,0
DA:190,0
DA:194,0
DA:195,0
DA:204,0
DA:219,0
DA:223,0
DA:230,0
DA:238,0
DA:245,0
DA:252,0
DA:263,0
DA:267,0
DA:274,0
DA:281,0
DA:290,0
DA:298,0
DA:306,0
DA:312,0
DA:316,0
DA:323,0
DA:330,0
DA:337,0
DA:344,0
DA:351,0
DA:358,0
DA:360,0
DA:361,0
DA:363,0
DA:366,0
DA:369,0
DA:370,0
DA:374,0
DA:380,0
DA:381,0
DA:391,0
DA:392,0
DA:402,0
DA:403,0
DA:413,0
DA:415,0
DA:416,0
DA:419,0
DA:420,0
DA:421,0
DA:423,0
DA:433,0
DA:434,0
DA:444,0
DA:446,0
DA:448,0
DA:458,0
DA:460,0
DA:462,0
DA:463,0
DA:464,0
DA:466,0
LF:120
LH:0
BRDA:42,0,0,0
BRDA:42,0,1,0
BRDA:42,1,0,0
BRDA:42,1,1,0
BRDA:48,2,0,0
BRDA:50,3,0,0
BRDA:50,3,1,0
BRDA:50,4,0,0
BRDA:50,4,1,0
BRDA:55,5,0,0
BRDA:55,5,1,0
BRDA:55,6,0,0
BRDA:55,6,1,0
BRDA:57,7,0,0
BRDA:57,7,1,0
BRDA:57,8,0,0
BRDA:57,8,1,0
BRDA:62,9,0,0
BRDA:62,9,1,0
BRDA:62,10,0,0
BRDA:62,10,1,0
BRDA:64,11,0,0
BRDA:64,11,1,0
BRDA:66,12,0,0
BRDA:66,12,1,0
BRDA:66,13,0,0
BRDA:66,13,1,0
BRDA:69,14,0,0
BRDA:69,14,1,0
BRDA:72,15,0,0
BRDA:72,15,1,0
BRDA:73,16,0,0
BRDA:73,16,1,0
BRDA:85,17,0,0
BRDA:85,17,1,0
BRDA:85,18,0,0
BRDA:85,18,1,0
BRDA:97,19,0,0
BRDA:97,19,1,0
BRDA:97,20,0,0
BRDA:97,20,1,0
BRDA:97,20,2,0
BRDA:106,21,0,0
BRDA:106,21,1,0
BRDA:106,22,0,0
BRDA:106,22,1,0
BRDA:115,23,0,0
BRDA:115,23,1,0
BRDA:115,24,0,0
BRDA:115,24,1,0
BRDA:117,25,0,0
BRDA:117,25,1,0
BRDA:125,26,0,0
BRDA:125,26,1,0
BRDA:126,27,0,0
BRDA:126,27,1,0
BRDA:127,28,0,0
BRDA:127,28,1,0
BRDA:127,28,2,0
BRDA:161,29,0,0
BRDA:161,29,1,0
BRDA:162,30,0,0
BRDA:162,30,1,0
BRDA:162,30,2,0
BRDA:162,30,3,0
BRDA:175,31,0,0
BRDA:175,31,1,0
BRDA:176,32,0,0
BRDA:176,32,1,0
BRDA:176,32,2,0
BRDA:176,32,3,0
BRDA:183,33,0,0
BRDA:183,33,1,0
BRDA:183,34,0,0
BRDA:183,34,1,0
BRDA:194,35,0,0
BRDA:194,35,1,0
BRDA:194,36,0,0
BRDA:194,36,1,0
BRDA:198,37,0,0
BRDA:198,37,1,0
BRDA:199,38,0,0
BRDA:199,38,1,0
BRDA:290,39,0,0
BRDA:290,39,1,0
BRDA:306,40,0,0
BRDA:306,40,1,0
BRDA:361,41,0,0
BRDA:361,41,1,0
BRDA:361,42,0,0
BRDA:361,42,1,0
BRDA:366,43,0,0
BRDA:366,43,1,0
BRDA:380,44,0,0
BRDA:380,44,1,0
BRDA:380,45,0,0
BRDA:380,45,1,0
BRDA:391,46,0,0
BRDA:391,46,1,0
BRDA:391,47,0,0
BRDA:391,47,1,0
BRDA:402,48,0,0
BRDA:402,48,1,0
BRDA:402,49,0,0
BRDA:402,49,1,0
BRDA:413,50,0,0
BRDA:413,50,1,0
BRDA:413,51,0,0
BRDA:413,51,1,0
BRDA:415,52,0,0
BRDA:415,52,1,0
BRDA:419,53,0,0
BRDA:419,53,1,0
BRDA:433,54,0,0
BRDA:433,54,1,0
BRDA:433,55,0,0
BRDA:433,55,1,0
BRDA:444,56,0,0
BRDA:444,56,1,0
BRDA:444,57,0,0
BRDA:444,57,1,0
BRDA:446,58,0,0
BRDA:446,58,1,0
BRDA:458,59,0,0
BRDA:458,59,1,0
BRDA:458,60,0,0
BRDA:458,60,1,0
BRDA:460,61,0,0
BRDA:460,61,1,0
BRF:129
BRH:0
end_of_record
TN:
SF:src\validators\escrow.validator.ts
FNF:0
FNH:0
DA:1,0
DA:3,0
DA:10,0
DA:17,0
LF:4
LH:0
BRF:0
BRH:0
end_of_record
TN:
SF:src\validators\task.validator.ts
FN:12,(anonymous_0)
FNF:1
FNH:0
FNDA:0,(anonymous_0)
DA:1,0
DA:3,0
DA:12,0
DA:13,0
LF:4
LH:0
BRF:0
BRH:0
end_of_record
